<?xml version="1.0" encoding="UTF-8"?>
<coverage generated="1754144263502" clover="3.2.0">
  <project timestamp="1754144263502" name="All files">
    <metrics statements="825" coveredstatements="466" conditionals="378" coveredconditionals="224" methods="142" coveredmethods="89" elements="1345" coveredelements="779" complexity="0" loc="825" ncloc="825" packages="8" files="15" classes="15"/>
    <package name="my-app-backend">
      <metrics statements="79" coveredstatements="0" conditionals="10" coveredconditionals="0" methods="3" coveredmethods="0"/>
      <file name="test-current-status.js" path="C:\25\All Code\my-app-backend\test-current-status.js">
        <metrics statements="25" coveredstatements="0" conditionals="6" coveredconditionals="0" methods="1" coveredmethods="0"/>
        <line num="1" count="0" type="stmt"/>
        <line num="4" count="0" type="stmt"/>
        <line num="6" count="0" type="stmt"/>
        <line num="8" count="0" type="stmt"/>
        <line num="10" count="0" type="stmt"/>
        <line num="11" count="0" type="stmt"/>
        <line num="12" count="0" type="stmt"/>
        <line num="15" count="0" type="stmt"/>
        <line num="16" count="0" type="stmt"/>
        <line num="47" count="0" type="stmt"/>
        <line num="48" count="0" type="stmt"/>
        <line num="50" count="0" type="stmt"/>
        <line num="51" count="0" type="stmt"/>
        <line num="52" count="0" type="stmt"/>
        <line num="53" count="0" type="stmt"/>
        <line num="54" count="0" type="stmt"/>
        <line num="57" count="0" type="cond" truecount="0" falsecount="2"/>
        <line num="58" count="0" type="stmt"/>
        <line num="60" count="0" type="cond" truecount="0" falsecount="2"/>
        <line num="61" count="0" type="stmt"/>
        <line num="62" count="0" type="stmt"/>
        <line num="63" count="0" type="cond" truecount="0" falsecount="2"/>
        <line num="64" count="0" type="stmt"/>
        <line num="65" count="0" type="stmt"/>
        <line num="70" count="0" type="stmt"/>
      </file>
      <file name="test-notification-system.js" path="C:\25\All Code\my-app-backend\test-notification-system.js">
        <metrics statements="34" coveredstatements="0" conditionals="4" coveredconditionals="0" methods="1" coveredmethods="0"/>
        <line num="1" count="0" type="stmt"/>
        <line num="3" count="0" type="cond" truecount="0" falsecount="2"/>
        <line num="6" count="0" type="stmt"/>
        <line num="8" count="0" type="stmt"/>
        <line num="10" count="0" type="stmt"/>
        <line num="11" count="0" type="stmt"/>
        <line num="12" count="0" type="stmt"/>
        <line num="15" count="0" type="stmt"/>
        <line num="16" count="0" type="stmt"/>
        <line num="17" count="0" type="stmt"/>
        <line num="20" count="0" type="stmt"/>
        <line num="21" count="0" type="stmt"/>
        <line num="22" count="0" type="stmt"/>
        <line num="25" count="0" type="stmt"/>
        <line num="26" count="0" type="stmt"/>
        <line num="27" count="0" type="stmt"/>
        <line num="30" count="0" type="stmt"/>
        <line num="31" count="0" type="stmt"/>
        <line num="42" count="0" type="stmt"/>
        <line num="44" count="0" type="stmt"/>
        <line num="45" count="0" type="stmt"/>
        <line num="46" count="0" type="stmt"/>
        <line num="47" count="0" type="stmt"/>
        <line num="48" count="0" type="stmt"/>
        <line num="49" count="0" type="stmt"/>
        <line num="52" count="0" type="stmt"/>
        <line num="54" count="0" type="cond" truecount="0" falsecount="2"/>
        <line num="55" count="0" type="stmt"/>
        <line num="56" count="0" type="stmt"/>
        <line num="59" count="0" type="stmt"/>
        <line num="60" count="0" type="stmt"/>
        <line num="61" count="0" type="stmt"/>
        <line num="62" count="0" type="stmt"/>
        <line num="67" count="0" type="stmt"/>
      </file>
      <file name="test-production-connection.js" path="C:\25\All Code\my-app-backend\test-production-connection.js">
        <metrics statements="20" coveredstatements="0" conditionals="0" coveredconditionals="0" methods="1" coveredmethods="0"/>
        <line num="1" count="0" type="stmt"/>
        <line num="4" count="0" type="stmt"/>
        <line num="7" count="0" type="stmt"/>
        <line num="9" count="0" type="stmt"/>
        <line num="11" count="0" type="stmt"/>
        <line num="12" count="0" type="stmt"/>
        <line num="13" count="0" type="stmt"/>
        <line num="16" count="0" type="stmt"/>
        <line num="17" count="0" type="stmt"/>
        <line num="26" count="0" type="stmt"/>
        <line num="27" count="0" type="stmt"/>
        <line num="29" count="0" type="stmt"/>
        <line num="30" count="0" type="stmt"/>
        <line num="33" count="0" type="stmt"/>
        <line num="34" count="0" type="stmt"/>
        <line num="35" count="0" type="stmt"/>
        <line num="36" count="0" type="stmt"/>
        <line num="37" count="0" type="stmt"/>
        <line num="38" count="0" type="stmt"/>
        <line num="42" count="0" type="stmt"/>
      </file>
    </package>
    <package name="my-app-backend.config">
      <metrics statements="21" coveredstatements="3" conditionals="0" coveredconditionals="0" methods="5" coveredmethods="0"/>
      <file name="database.js" path="C:\25\All Code\my-app-backend\config\database.js">
        <metrics statements="21" coveredstatements="3" conditionals="0" coveredconditionals="0" methods="5" coveredmethods="0"/>
        <line num="1" count="8" type="stmt"/>
        <line num="3" count="8" type="stmt"/>
        <line num="4" count="0" type="stmt"/>
        <line num="5" count="0" type="stmt"/>
        <line num="6" count="0" type="stmt"/>
        <line num="8" count="0" type="stmt"/>
        <line num="15" count="0" type="stmt"/>
        <line num="18" count="0" type="stmt"/>
        <line num="19" count="0" type="stmt"/>
        <line num="22" count="0" type="stmt"/>
        <line num="23" count="0" type="stmt"/>
        <line num="26" count="0" type="stmt"/>
        <line num="27" count="0" type="stmt"/>
        <line num="31" count="0" type="stmt"/>
        <line num="32" count="0" type="stmt"/>
        <line num="33" count="0" type="stmt"/>
        <line num="34" count="0" type="stmt"/>
        <line num="37" count="0" type="stmt"/>
        <line num="39" count="0" type="stmt"/>
        <line num="40" count="0" type="stmt"/>
        <line num="44" count="8" type="stmt"/>
      </file>
    </package>
    <package name="my-app-backend.data">
      <metrics statements="2" coveredstatements="2" conditionals="0" coveredconditionals="0" methods="0" coveredmethods="0"/>
      <file name="sampleEvents.js" path="C:\25\All Code\my-app-backend\data\sampleEvents.js">
        <metrics statements="2" coveredstatements="2" conditionals="0" coveredconditionals="0" methods="0" coveredmethods="0"/>
        <line num="1" count="2" type="stmt"/>
        <line num="616" count="2" type="stmt"/>
      </file>
    </package>
    <package name="my-app-backend.models">
      <metrics statements="12" coveredstatements="12" conditionals="0" coveredconditionals="0" methods="0" coveredmethods="0"/>
      <file name="GeopoliticalEvent.js" path="C:\25\All Code\my-app-backend\models\GeopoliticalEvent.js">
        <metrics statements="8" coveredstatements="8" conditionals="0" coveredconditionals="0" methods="0" coveredmethods="0"/>
        <line num="1" count="11" type="stmt"/>
        <line num="3" count="11" type="stmt"/>
        <line num="127" count="11" type="stmt"/>
        <line num="128" count="11" type="stmt"/>
        <line num="129" count="11" type="stmt"/>
        <line num="130" count="11" type="stmt"/>
        <line num="131" count="11" type="stmt"/>
        <line num="133" count="11" type="stmt"/>
      </file>
      <file name="UserProfile.js" path="C:\25\All Code\my-app-backend\models\UserProfile.js">
        <metrics statements="4" coveredstatements="4" conditionals="0" coveredconditionals="0" methods="0" coveredmethods="0"/>
        <line num="1" count="12" type="stmt"/>
        <line num="3" count="12" type="stmt"/>
        <line num="91" count="12" type="stmt"/>
        <line num="93" count="12" type="stmt"/>
      </file>
    </package>
    <package name="my-app-backend.routes">
      <metrics statements="188" coveredstatements="91" conditionals="55" coveredconditionals="26" methods="30" coveredmethods="8"/>
      <file name="news.js" path="C:\25\All Code\my-app-backend\routes\news.js">
        <metrics statements="61" coveredstatements="12" conditionals="10" coveredconditionals="0" methods="14" coveredmethods="0"/>
        <line num="1" count="8" type="stmt"/>
        <line num="2" count="8" type="stmt"/>
        <line num="3" count="8" type="stmt"/>
        <line num="4" count="8" type="stmt"/>
        <line num="10" count="8" type="stmt"/>
        <line num="11" count="0" type="stmt"/>
        <line num="12" count="0" type="stmt"/>
        <line num="14" count="0" type="stmt"/>
        <line num="16" count="0" type="stmt"/>
        <line num="20" count="0" type="stmt"/>
        <line num="31" count="0" type="stmt"/>
        <line num="32" count="0" type="stmt"/>
        <line num="44" count="8" type="stmt"/>
        <line num="45" count="0" type="stmt"/>
        <line num="46" count="0" type="stmt"/>
        <line num="48" count="0" type="stmt"/>
        <line num="50" count="0" type="stmt"/>
        <line num="57" count="0" type="stmt"/>
        <line num="58" count="0" type="stmt"/>
        <line num="70" count="8" type="stmt"/>
        <line num="71" count="0" type="stmt"/>
        <line num="72" count="0" type="cond" truecount="0" falsecount="2"/>
        <line num="74" count="0" type="stmt"/>
        <line num="75" count="0" type="stmt"/>
        <line num="77" count="0" type="stmt"/>
        <line num="81" count="0" type="stmt"/>
        <line num="91" count="0" type="stmt"/>
        <line num="92" count="0" type="stmt"/>
        <line num="104" count="8" type="stmt"/>
        <line num="105" count="0" type="stmt"/>
        <line num="106" count="0" type="stmt"/>
        <line num="108" count="0" type="cond" truecount="0" falsecount="4"/>
        <line num="109" count="0" type="stmt"/>
        <line num="115" count="0" type="stmt"/>
        <line num="116" count="0" type="stmt"/>
        <line num="118" count="0" type="stmt"/>
        <line num="123" count="0" type="stmt"/>
        <line num="133" count="0" type="stmt"/>
        <line num="134" count="0" type="stmt"/>
        <line num="146" count="8" type="stmt"/>
        <line num="147" count="0" type="stmt"/>
        <line num="153" count="0" type="stmt"/>
        <line num="163" count="8" type="stmt"/>
        <line num="164" count="0" type="stmt"/>
        <line num="165" count="0" type="stmt"/>
        <line num="167" count="0" type="cond" truecount="0" falsecount="2"/>
        <line num="168" count="0" type="stmt"/>
        <line num="175" count="0" type="cond" truecount="0" falsecount="2"/>
        <line num="185" count="0" type="stmt"/>
        <line num="187" count="0" type="stmt"/>
        <line num="195" count="0" type="stmt"/>
        <line num="196" count="0" type="stmt"/>
        <line num="208" count="8" type="stmt"/>
        <line num="209" count="0" type="stmt"/>
        <line num="210" count="0" type="stmt"/>
        <line num="216" count="0" type="stmt"/>
        <line num="217" count="0" type="stmt"/>
        <line num="219" count="0" type="stmt"/>
        <line num="231" count="0" type="stmt"/>
        <line num="232" count="0" type="stmt"/>
        <line num="240" count="8" type="stmt"/>
      </file>
      <file name="onboarding.js" path="C:\25\All Code\my-app-backend\routes\onboarding.js">
        <metrics statements="7" coveredstatements="4" conditionals="0" coveredconditionals="0" methods="1" coveredmethods="0"/>
        <line num="2" count="8" type="stmt"/>
        <line num="3" count="8" type="stmt"/>
        <line num="5" count="8" type="stmt"/>
        <line num="6" count="0" type="stmt"/>
        <line num="8" count="0" type="stmt"/>
        <line num="13" count="0" type="stmt"/>
        <line num="16" count="8" type="stmt"/>
      </file>
      <file name="userProfile.js" path="C:\25\All Code\my-app-backend\routes\userProfile.js">
        <metrics statements="120" coveredstatements="75" conditionals="45" coveredconditionals="26" methods="15" coveredmethods="8"/>
        <line num="1" count="9" type="stmt"/>
        <line num="2" count="9" type="stmt"/>
        <line num="3" count="9" type="stmt"/>
        <line num="4" count="9" type="stmt"/>
        <line num="5" count="9" type="stmt"/>
        <line num="6" count="9" type="stmt"/>
        <line num="8" count="9" type="stmt"/>
        <line num="14" count="9" type="stmt"/>
        <line num="15" count="73" type="stmt"/>
        <line num="16" count="73" type="stmt"/>
        <line num="19" count="73" type="stmt"/>
        <line num="21" count="73" type="cond" truecount="2" falsecount="0"/>
        <line num="22" count="31" type="stmt"/>
        <line num="29" count="42" type="cond" truecount="1" falsecount="1"/>
        <line num="30" count="0" type="stmt"/>
        <line num="31" count="0" type="stmt"/>
        <line num="38" count="42" type="stmt"/>
        <line num="45" count="42" type="cond" truecount="1" falsecount="1"/>
        <line num="47" count="0" type="stmt"/>
        <line num="54" count="42" type="stmt"/>
        <line num="57" count="0" type="stmt"/>
        <line num="64" count="42" type="stmt"/>
        <line num="67" count="42" type="cond" truecount="1" falsecount="1"/>
        <line num="68" count="0" type="stmt"/>
        <line num="74" count="42" type="stmt"/>
        <line num="86" count="9" type="stmt"/>
        <line num="87" count="9" type="stmt"/>
        <line num="88" count="9" type="stmt"/>
        <line num="91" count="9" type="cond" truecount="2" falsecount="0"/>
        <line num="92" count="7" type="stmt"/>
        <line num="98" count="2" type="stmt"/>
        <line num="100" count="2" type="cond" truecount="1" falsecount="1"/>
        <line num="101" count="2" type="stmt"/>
        <line num="107" count="0" type="stmt"/>
        <line num="113" count="0" type="stmt"/>
        <line num="114" count="0" type="stmt"/>
        <line num="125" count="9" type="stmt"/>
        <line num="126" count="9" type="stmt"/>
        <line num="127" count="9" type="stmt"/>
        <line num="128" count="9" type="cond" truecount="2" falsecount="0"/>
        <line num="131" count="9" type="cond" truecount="2" falsecount="0"/>
        <line num="132" count="5" type="stmt"/>
        <line num="138" count="4" type="stmt"/>
        <line num="140" count="4" type="cond" truecount="1" falsecount="1"/>
        <line num="141" count="4" type="stmt"/>
        <line num="148" count="0" type="stmt"/>
        <line num="151" count="0" type="stmt"/>
        <line num="154" count="0" type="stmt"/>
        <line num="155" count="0" type="stmt"/>
        <line num="156" count="0" type="stmt"/>
        <line num="164" count="0" type="stmt"/>
        <line num="176" count="0" type="cond" truecount="0" falsecount="2"/>
        <line num="177" count="0" type="stmt"/>
        <line num="180" count="0" type="stmt"/>
        <line num="183" count="0" type="stmt"/>
        <line num="184" count="0" type="stmt"/>
        <line num="195" count="9" type="stmt"/>
        <line num="196" count="4" type="stmt"/>
        <line num="197" count="4" type="stmt"/>
        <line num="200" count="4" type="cond" truecount="4" falsecount="0"/>
        <line num="201" count="1" type="stmt"/>
        <line num="208" count="3" type="cond" truecount="1" falsecount="1"/>
        <line num="209" count="3" type="stmt"/>
        <line num="212" count="3" type="stmt"/>
        <line num="214" count="0" type="stmt"/>
        <line num="221" count="3" type="stmt"/>
        <line num="222" count="3" type="stmt"/>
        <line num="233" count="9" type="stmt"/>
        <line num="234" count="1" type="stmt"/>
        <line num="235" count="1" type="stmt"/>
        <line num="238" count="1" type="cond" truecount="1" falsecount="1"/>
        <line num="239" count="1" type="stmt"/>
        <line num="240" count="1" type="stmt"/>
        <line num="246" count="0" type="stmt"/>
        <line num="248" count="0" type="stmt"/>
        <line num="250" count="0" type="stmt"/>
        <line num="257" count="0" type="stmt"/>
        <line num="260" count="0" type="cond" truecount="0" falsecount="2"/>
        <line num="261" count="0" type="stmt"/>
        <line num="267" count="0" type="stmt"/>
        <line num="279" count="9" type="stmt"/>
        <line num="280" count="1" type="stmt"/>
        <line num="281" count="1" type="stmt"/>
        <line num="283" count="1" type="stmt"/>
        <line num="284" count="1" type="stmt"/>
        <line num="286" count="0" type="stmt"/>
        <line num="288" count="0" type="stmt"/>
        <line num="294" count="1" type="stmt"/>
        <line num="295" count="1" type="stmt"/>
        <line num="307" count="9" type="stmt"/>
        <line num="308" count="1" type="stmt"/>
        <line num="309" count="1" type="stmt"/>
        <line num="310" count="1" type="cond" truecount="1" falsecount="0"/>
        <line num="312" count="1" type="stmt"/>
        <line num="314" count="0" type="cond" truecount="0" falsecount="2"/>
        <line num="315" count="0" type="stmt"/>
        <line num="322" count="0" type="stmt"/>
        <line num="325" count="0" type="stmt"/>
        <line num="328" count="0" type="stmt"/>
        <line num="331" count="0" type="stmt"/>
        <line num="333" count="0" type="stmt"/>
        <line num="339" count="0" type="stmt"/>
        <line num="343" count="0" type="stmt"/>
        <line num="354" count="0" type="stmt"/>
        <line num="360" count="1" type="stmt"/>
        <line num="361" count="1" type="stmt"/>
        <line num="372" count="9" type="stmt"/>
        <line num="373" count="1" type="stmt"/>
        <line num="374" count="1" type="cond" truecount="1" falsecount="0"/>
        <line num="376" count="1" type="cond" truecount="4" falsecount="1"/>
        <line num="377" count="0" type="stmt"/>
        <line num="384" count="1" type="stmt"/>
        <line num="387" count="0" type="stmt"/>
        <line num="388" count="0" type="stmt"/>
        <line num="389" count="0" type="stmt"/>
        <line num="398" count="0" type="stmt"/>
        <line num="400" count="0" type="stmt"/>
        <line num="412" count="1" type="stmt"/>
        <line num="413" count="1" type="stmt"/>
        <line num="420" count="9" type="stmt"/>
      </file>
    </package>
    <package name="my-app-backend.scripts">
      <metrics statements="50" coveredstatements="34" conditionals="6" coveredconditionals="3" methods="6" coveredmethods="5"/>
      <file name="seedDatabase.js" path="C:\25\All Code\my-app-backend\scripts\seedDatabase.js">
        <metrics statements="50" coveredstatements="34" conditionals="6" coveredconditionals="3" methods="6" coveredmethods="5"/>
        <line num="1" count="2" type="stmt"/>
        <line num="2" count="2" type="stmt"/>
        <line num="3" count="2" type="stmt"/>
        <line num="4" count="2" type="stmt"/>
        <line num="5" count="2" type="stmt"/>
        <line num="8" count="2" type="stmt"/>
        <line num="127" count="1" type="stmt"/>
        <line num="128" count="1" type="cond" truecount="1" falsecount="1"/>
        <line num="129" count="1" type="stmt"/>
        <line num="130" count="1" type="stmt"/>
        <line num="132" count="0" type="stmt"/>
        <line num="133" count="0" type="stmt"/>
        <line num="138" count="1" type="stmt"/>
        <line num="139" count="1" type="stmt"/>
        <line num="140" count="1" type="stmt"/>
        <line num="141" count="1" type="stmt"/>
        <line num="143" count="0" type="stmt"/>
        <line num="148" count="1" type="stmt"/>
        <line num="149" count="1" type="stmt"/>
        <line num="150" count="0" type="stmt"/>
        <line num="151" count="0" type="stmt"/>
        <line num="153" count="1" type="stmt"/>
        <line num="154" count="1" type="stmt"/>
        <line num="159" count="1" type="stmt"/>
        <line num="160" count="1" type="stmt"/>
        <line num="161" count="0" type="stmt"/>
        <line num="162" count="0" type="stmt"/>
        <line num="164" count="1" type="stmt"/>
        <line num="165" count="1" type="stmt"/>
        <line num="170" count="1" type="stmt"/>
        <line num="172" count="1" type="stmt"/>
        <line num="173" count="1" type="stmt"/>
        <line num="174" count="1" type="stmt"/>
        <line num="176" count="1" type="stmt"/>
        <line num="181" count="0" type="stmt"/>
        <line num="182" count="0" type="stmt"/>
        <line num="183" count="0" type="stmt"/>
        <line num="185" count="0" type="stmt"/>
        <line num="186" count="0" type="stmt"/>
        <line num="187" count="0" type="stmt"/>
        <line num="190" count="0" type="stmt"/>
        <line num="193" count="1" type="stmt"/>
        <line num="194" count="1" type="cond" truecount="1" falsecount="1"/>
        <line num="195" count="0" type="stmt"/>
        <line num="197" count="1" type="stmt"/>
        <line num="199" count="1" type="stmt"/>
        <line num="200" count="1" type="stmt"/>
        <line num="205" count="2" type="cond" truecount="1" falsecount="1"/>
        <line num="206" count="0" type="stmt"/>
        <line num="209" count="2" type="stmt"/>
      </file>
    </package>
    <package name="my-app-backend.services">
      <metrics statements="206" coveredstatements="85" conditionals="139" coveredconditionals="57" methods="38" coveredmethods="22"/>
      <file name="newsService.js" path="C:\25\All Code\my-app-backend\services\newsService.js">
        <metrics statements="148" coveredstatements="58" conditionals="99" coveredconditionals="36" methods="28" coveredmethods="16"/>
        <line num="1" count="9" type="stmt"/>
        <line num="2" count="9" type="stmt"/>
        <line num="3" count="9" type="stmt"/>
        <line num="7" count="9" type="stmt"/>
        <line num="28" count="9" type="stmt"/>
        <line num="38" count="9" type="stmt"/>
        <line num="50" count="2" type="stmt"/>
        <line num="52" count="2" type="stmt"/>
        <line num="54" count="2" type="cond" truecount="1" falsecount="1"/>
        <line num="55" count="0" type="stmt"/>
        <line num="56" count="0" type="stmt"/>
        <line num="60" count="2" type="cond" truecount="1" falsecount="1"/>
        <line num="61" count="0" type="stmt"/>
        <line num="62" count="0" type="stmt"/>
        <line num="66" count="2" type="cond" truecount="1" falsecount="1"/>
        <line num="67" count="0" type="stmt"/>
        <line num="68" count="0" type="stmt"/>
        <line num="71" count="2" type="stmt"/>
        <line num="72" count="2" type="stmt"/>
        <line num="75" count="0" type="stmt"/>
        <line num="76" count="0" type="stmt"/>
        <line num="84" count="0" type="stmt"/>
        <line num="85" count="0" type="stmt"/>
        <line num="95" count="0" type="stmt"/>
        <line num="106" count="0" type="stmt"/>
        <line num="107" count="0" type="stmt"/>
        <line num="115" count="0" type="stmt"/>
        <line num="116" count="0" type="stmt"/>
        <line num="126" count="0" type="stmt"/>
        <line num="137" count="0" type="stmt"/>
        <line num="138" count="0" type="stmt"/>
        <line num="146" count="0" type="stmt"/>
        <line num="147" count="0" type="stmt"/>
        <line num="157" count="0" type="cond" truecount="0" falsecount="2"/>
        <line num="158" count="0" type="stmt"/>
        <line num="169" count="0" type="stmt"/>
        <line num="172" count="0" type="stmt"/>
        <line num="173" count="0" type="stmt"/>
        <line num="181" count="0" type="stmt"/>
        <line num="183" count="0" type="stmt"/>
        <line num="184" count="0" type="stmt"/>
        <line num="185" count="0" type="stmt"/>
        <line num="186" count="0" type="cond" truecount="0" falsecount="2"/>
        <line num="187" count="0" type="stmt"/>
        <line num="190" count="0" type="stmt"/>
        <line num="194" count="0" type="stmt"/>
        <line num="202" count="0" type="stmt"/>
        <line num="204" count="0" type="cond" truecount="0" falsecount="2"/>
        <line num="205" count="0" type="stmt"/>
        <line num="208" count="0" type="stmt"/>
        <line num="222" count="0" type="stmt"/>
        <line num="229" count="1" type="stmt"/>
        <line num="232" count="1" type="stmt"/>
        <line num="233" count="2" type="stmt"/>
        <line num="236" count="1" type="cond" truecount="1" falsecount="1"/>
        <line num="237" count="0" type="stmt"/>
        <line num="241" count="1" type="stmt"/>
        <line num="244" count="1" type="stmt"/>
        <line num="247" count="1" type="stmt"/>
        <line num="250" count="1" type="stmt"/>
        <line num="253" count="1" type="stmt"/>
        <line num="256" count="1" type="stmt"/>
        <line num="258" count="1" type="stmt"/>
        <line num="273" count="1" type="stmt"/>
        <line num="274" count="1" type="cond" truecount="1" falsecount="1"/>
        <line num="275" count="1" type="stmt"/>
        <line num="280" count="0" type="stmt"/>
        <line num="287" count="0" type="stmt"/>
        <line num="288" count="0" type="stmt"/>
        <line num="289" count="0" type="cond" truecount="0" falsecount="2"/>
        <line num="290" count="0" type="stmt"/>
        <line num="294" count="0" type="stmt"/>
        <line num="301" count="2" type="cond" truecount="3" falsecount="1"/>
        <line num="302" count="2" type="cond" truecount="3" falsecount="1"/>
        <line num="303" count="0" type="cond" truecount="0" falsecount="4"/>
        <line num="304" count="0" type="cond" truecount="0" falsecount="4"/>
        <line num="305" count="0" type="cond" truecount="0" falsecount="4"/>
        <line num="306" count="0" type="cond" truecount="0" falsecount="4"/>
        <line num="307" count="0" type="cond" truecount="0" falsecount="4"/>
        <line num="308" count="0" type="cond" truecount="0" falsecount="4"/>
        <line num="309" count="0" type="cond" truecount="0" falsecount="4"/>
        <line num="311" count="0" type="stmt"/>
        <line num="318" count="2" type="stmt"/>
        <line num="319" count="2" type="stmt"/>
        <line num="320" count="2" type="stmt"/>
        <line num="322" count="7" type="cond" truecount="2" falsecount="0"/>
        <line num="323" count="3" type="cond" truecount="1" falsecount="1"/>
        <line num="324" count="0" type="cond" truecount="0" falsecount="2"/>
        <line num="326" count="0" type="stmt"/>
        <line num="333" count="1" type="stmt"/>
        <line num="336" count="1" type="stmt"/>
        <line num="337" count="35" type="stmt"/>
        <line num="339" count="1" type="stmt"/>
        <line num="342" count="1" type="stmt"/>
        <line num="343" count="21" type="stmt"/>
        <line num="345" count="1" type="stmt"/>
        <line num="348" count="1" type="cond" truecount="3" falsecount="1"/>
        <line num="349" count="1" type="cond" truecount="3" falsecount="1"/>
        <line num="350" count="1" type="cond" truecount="3" falsecount="1"/>
        <line num="352" count="1" type="stmt"/>
        <line num="359" count="2" type="stmt"/>
        <line num="362" count="2" type="stmt"/>
        <line num="363" count="70" type="cond" truecount="2" falsecount="0"/>
        <line num="364" count="5" type="stmt"/>
        <line num="369" count="2" type="stmt"/>
        <line num="370" count="42" type="cond" truecount="2" falsecount="0"/>
        <line num="371" count="1" type="stmt"/>
        <line num="375" count="2" type="stmt"/>
        <line num="382" count="2" type="cond" truecount="3" falsecount="1"/>
        <line num="383" count="2" type="cond" truecount="3" falsecount="1"/>
        <line num="384" count="2" type="cond" truecount="3" falsecount="1"/>
        <line num="386" count="2" type="stmt"/>
        <line num="393" count="0" type="stmt"/>
        <line num="395" count="0" type="stmt"/>
        <line num="396" count="0" type="stmt"/>
        <line num="398" count="0" type="stmt"/>
        <line num="406" count="0" type="cond" truecount="0" falsecount="2"/>
        <line num="407" count="0" type="stmt"/>
        <line num="408" count="0" type="stmt"/>
        <line num="409" count="0" type="stmt"/>
        <line num="412" count="0" type="stmt"/>
        <line num="417" count="0" type="cond" truecount="0" falsecount="2"/>
        <line num="418" count="0" type="stmt"/>
        <line num="419" count="0" type="stmt"/>
        <line num="420" count="0" type="stmt"/>
        <line num="422" count="0" type="stmt"/>
        <line num="426" count="0" type="stmt"/>
        <line num="433" count="0" type="stmt"/>
        <line num="434" count="0" type="stmt"/>
        <line num="437" count="0" type="stmt"/>
        <line num="438" count="0" type="stmt"/>
        <line num="441" count="0" type="stmt"/>
        <line num="442" count="0" type="stmt"/>
        <line num="445" count="0" type="stmt"/>
        <line num="446" count="0" type="stmt"/>
        <line num="448" count="0" type="stmt"/>
        <line num="451" count="0" type="stmt"/>
        <line num="452" count="0" type="stmt"/>
        <line num="460" count="0" type="stmt"/>
        <line num="461" count="0" type="stmt"/>
        <line num="464" count="0" type="stmt"/>
        <line num="465" count="0" type="stmt"/>
        <line num="468" count="0" type="stmt"/>
        <line num="469" count="0" type="stmt"/>
        <line num="471" count="0" type="stmt"/>
        <line num="474" count="0" type="stmt"/>
        <line num="475" count="0" type="stmt"/>
        <line num="480" count="9" type="stmt"/>
      </file>
      <file name="notificationService.js" path="C:\25\All Code\my-app-backend\services\notificationService.js">
        <metrics statements="58" coveredstatements="27" conditionals="40" coveredconditionals="21" methods="10" coveredmethods="6"/>
        <line num="1" count="10" type="stmt"/>
        <line num="2" count="10" type="stmt"/>
        <line num="3" count="10" type="stmt"/>
        <line num="8" count="10" type="stmt"/>
        <line num="23" count="2" type="stmt"/>
        <line num="26" count="2" type="cond" truecount="2" falsecount="0"/>
        <line num="27" count="1" type="stmt"/>
        <line num="31" count="1" type="stmt"/>
        <line num="32" count="1" type="stmt"/>
        <line num="34" count="1" type="cond" truecount="1" falsecount="3"/>
        <line num="36" count="1" type="stmt"/>
        <line num="39" count="0" type="stmt"/>
        <line num="40" count="0" type="cond" truecount="0" falsecount="2"/>
        <line num="43" count="0" type="stmt"/>
        <line num="44" count="0" type="cond" truecount="0" falsecount="2"/>
        <line num="46" count="0" type="stmt"/>
        <line num="54" count="0" type="stmt"/>
        <line num="55" count="0" type="stmt"/>
        <line num="57" count="0" type="stmt"/>
        <line num="64" count="0" type="stmt"/>
        <line num="65" count="0" type="stmt"/>
        <line num="68" count="0" type="stmt"/>
        <line num="70" count="0" type="stmt"/>
        <line num="72" count="0" type="stmt"/>
        <line num="73" count="0" type="stmt"/>
        <line num="81" count="1" type="stmt"/>
        <line num="82" count="1" type="stmt"/>
        <line num="84" count="1" type="stmt"/>
        <line num="154" count="5" type="cond" truecount="2" falsecount="0"/>
        <line num="155" count="3" type="cond" truecount="2" falsecount="0"/>
        <line num="156" count="2" type="cond" truecount="2" falsecount="0"/>
        <line num="157" count="1" type="stmt"/>
        <line num="164" count="5" type="cond" truecount="2" falsecount="0"/>
        <line num="165" count="3" type="cond" truecount="2" falsecount="0"/>
        <line num="166" count="2" type="cond" truecount="2" falsecount="0"/>
        <line num="167" count="1" type="stmt"/>
        <line num="174" count="1" type="stmt"/>
        <line num="176" count="1" type="stmt"/>
        <line num="178" count="0" type="stmt"/>
        <line num="179" count="0" type="stmt"/>
        <line num="181" count="0" type="stmt"/>
        <line num="182" count="0" type="stmt"/>
        <line num="184" count="0" type="cond" truecount="0" falsecount="4"/>
        <line num="185" count="0" type="stmt"/>
        <line num="191" count="0" type="cond" truecount="0" falsecount="2"/>
        <line num="192" count="0" type="stmt"/>
        <line num="203" count="1" type="stmt"/>
        <line num="204" count="1" type="stmt"/>
        <line num="214" count="0" type="stmt"/>
        <line num="223" count="0" type="stmt"/>
        <line num="230" count="0" type="stmt"/>
        <line num="231" count="0" type="stmt"/>
        <line num="238" count="0" type="stmt"/>
        <line num="239" count="0" type="stmt"/>
        <line num="240" count="0" type="stmt"/>
        <line num="242" count="0" type="stmt"/>
        <line num="243" count="0" type="stmt"/>
        <line num="248" count="10" type="stmt"/>
      </file>
    </package>
    <package name="my-app-backend.utils">
      <metrics statements="267" coveredstatements="239" conditionals="168" coveredconditionals="138" methods="60" coveredmethods="54"/>
      <file name="advancedScoring.js" path="C:\25\All Code\my-app-backend\utils\advancedScoring.js">
        <metrics statements="207" coveredstatements="179" conditionals="78" coveredconditionals="56" methods="47" coveredmethods="41"/>
        <line num="6" count="12" type="stmt"/>
        <line num="12" count="12" type="stmt"/>
        <line num="54" count="12" type="stmt"/>
        <line num="91" count="12" type="stmt"/>
        <line num="122" count="12" type="stmt"/>
        <line num="154" count="12" type="stmt"/>
        <line num="188" count="28" type="stmt"/>
        <line num="189" count="28" type="stmt"/>
        <line num="190" count="28" type="stmt"/>
        <line num="191" count="28" type="stmt"/>
        <line num="192" count="28" type="stmt"/>
        <line num="193" count="28" type="stmt"/>
        <line num="197" count="158" type="stmt"/>
        <line num="206" count="26" type="stmt"/>
        <line num="215" count="27" type="stmt"/>
        <line num="216" count="27" type="stmt"/>
        <line num="219" count="27" type="stmt"/>
        <line num="220" count="48" type="stmt"/>
        <line num="221" count="48" type="cond" truecount="2" falsecount="0"/>
        <line num="222" count="134" type="stmt"/>
        <line num="223" count="134" type="cond" truecount="2" falsecount="0"/>
        <line num="227" count="26" type="cond" truecount="1" falsecount="1"/>
        <line num="228" count="26" type="stmt"/>
        <line num="229" count="26" type="stmt"/>
        <line num="230" count="26" type="stmt"/>
        <line num="238" count="26" type="stmt"/>
        <line num="239" count="74" type="stmt"/>
        <line num="240" count="74" type="cond" truecount="2" falsecount="0"/>
        <line num="241" count="180" type="stmt"/>
        <line num="242" count="180" type="cond" truecount="2" falsecount="0"/>
        <line num="246" count="26" type="cond" truecount="1" falsecount="1"/>
        <line num="247" count="26" type="stmt"/>
        <line num="248" count="26" type="stmt"/>
        <line num="249" count="26" type="stmt"/>
        <line num="257" count="26" type="cond" truecount="3" falsecount="1"/>
        <line num="258" count="26" type="stmt"/>
        <line num="259" count="56" type="stmt"/>
        <line num="260" count="64" type="stmt"/>
        <line num="264" count="26" type="cond" truecount="1" falsecount="1"/>
        <line num="265" count="26" type="stmt"/>
        <line num="266" count="26" type="stmt"/>
        <line num="267" count="26" type="stmt"/>
        <line num="275" count="26" type="stmt"/>
        <line num="283" count="26" type="stmt"/>
        <line num="284" count="26" type="stmt"/>
        <line num="286" count="26" type="stmt"/>
        <line num="287" count="26" type="stmt"/>
        <line num="289" count="26" type="cond" truecount="1" falsecount="1"/>
        <line num="290" count="0" type="stmt"/>
        <line num="294" count="26" type="stmt"/>
        <line num="295" count="148" type="stmt"/>
        <line num="296" count="148" type="stmt"/>
        <line num="299" count="26" type="cond" truecount="2" falsecount="0"/>
        <line num="300" count="10" type="stmt"/>
        <line num="301" count="10" type="stmt"/>
        <line num="302" count="10" type="stmt"/>
        <line num="310" count="26" type="stmt"/>
        <line num="311" count="100" type="stmt"/>
        <line num="312" count="100" type="stmt"/>
        <line num="315" count="26" type="cond" truecount="2" falsecount="0"/>
        <line num="316" count="9" type="stmt"/>
        <line num="317" count="9" type="stmt"/>
        <line num="318" count="9" type="stmt"/>
        <line num="326" count="26" type="stmt"/>
        <line num="327" count="82" type="stmt"/>
        <line num="328" count="82" type="stmt"/>
        <line num="331" count="26" type="cond" truecount="1" falsecount="1"/>
        <line num="332" count="0" type="stmt"/>
        <line num="333" count="0" type="stmt"/>
        <line num="334" count="0" type="stmt"/>
        <line num="341" count="26" type="stmt"/>
        <line num="349" count="26" type="stmt"/>
        <line num="350" count="26" type="stmt"/>
        <line num="353" count="26" type="cond" truecount="1" falsecount="1"/>
        <line num="354" count="26" type="stmt"/>
        <line num="355" count="56" type="stmt"/>
        <line num="356" count="56" type="stmt"/>
        <line num="358" count="56" type="cond" truecount="2" falsecount="0"/>
        <line num="360" count="8" type="stmt"/>
        <line num="361" count="36" type="stmt"/>
        <line num="362" count="36" type="stmt"/>
        <line num="365" count="8" type="cond" truecount="2" falsecount="0"/>
        <line num="366" count="2" type="stmt"/>
        <line num="367" count="2" type="stmt"/>
        <line num="368" count="2" type="stmt"/>
        <line num="376" count="8" type="stmt"/>
        <line num="377" count="24" type="stmt"/>
        <line num="378" count="24" type="stmt"/>
        <line num="381" count="8" type="cond" truecount="2" falsecount="0"/>
        <line num="382" count="7" type="stmt"/>
        <line num="383" count="7" type="stmt"/>
        <line num="384" count="7" type="stmt"/>
        <line num="392" count="8" type="stmt"/>
        <line num="393" count="24" type="stmt"/>
        <line num="394" count="24" type="stmt"/>
        <line num="397" count="8" type="cond" truecount="1" falsecount="1"/>
        <line num="398" count="0" type="stmt"/>
        <line num="399" count="0" type="stmt"/>
        <line num="400" count="0" type="stmt"/>
        <line num="410" count="26" type="stmt"/>
        <line num="418" count="26" type="stmt"/>
        <line num="419" count="26" type="stmt"/>
        <line num="421" count="26" type="stmt"/>
        <line num="422" count="48" type="stmt"/>
        <line num="423" count="48" type="stmt"/>
        <line num="425" count="48" type="cond" truecount="1" falsecount="1"/>
        <line num="427" count="48" type="stmt"/>
        <line num="428" count="192" type="cond" truecount="2" falsecount="0"/>
        <line num="429" count="484" type="stmt"/>
        <line num="433" count="48" type="cond" truecount="2" falsecount="0"/>
        <line num="434" count="42" type="stmt"/>
        <line num="435" count="42" type="stmt"/>
        <line num="436" count="42" type="stmt"/>
        <line num="444" count="48" type="stmt"/>
        <line num="445" count="144" type="stmt"/>
        <line num="446" count="144" type="stmt"/>
        <line num="449" count="48" type="cond" truecount="2" falsecount="0"/>
        <line num="450" count="11" type="stmt"/>
        <line num="451" count="11" type="stmt"/>
        <line num="452" count="11" type="stmt"/>
        <line num="460" count="48" type="stmt"/>
        <line num="461" count="144" type="stmt"/>
        <line num="462" count="144" type="stmt"/>
        <line num="465" count="48" type="cond" truecount="1" falsecount="1"/>
        <line num="466" count="0" type="stmt"/>
        <line num="467" count="0" type="stmt"/>
        <line num="468" count="0" type="stmt"/>
        <line num="477" count="26" type="stmt"/>
        <line num="485" count="26" type="stmt"/>
        <line num="486" count="26" type="stmt"/>
        <line num="489" count="26" type="cond" truecount="1" falsecount="1"/>
        <line num="490" count="26" type="stmt"/>
        <line num="491" count="76" type="stmt"/>
        <line num="492" count="76" type="stmt"/>
        <line num="494" count="76" type="cond" truecount="1" falsecount="1"/>
        <line num="496" count="0" type="stmt"/>
        <line num="497" count="0" type="stmt"/>
        <line num="498" count="0" type="stmt"/>
        <line num="502" count="0" type="cond" truecount="0" falsecount="2"/>
        <line num="503" count="0" type="stmt"/>
        <line num="504" count="0" type="stmt"/>
        <line num="505" count="0" type="stmt"/>
        <line num="513" count="0" type="stmt"/>
        <line num="514" count="0" type="stmt"/>
        <line num="517" count="0" type="cond" truecount="0" falsecount="2"/>
        <line num="518" count="0" type="stmt"/>
        <line num="519" count="0" type="stmt"/>
        <line num="520" count="0" type="stmt"/>
        <line num="530" count="26" type="stmt"/>
        <line num="537" count="26" type="stmt"/>
        <line num="540" count="26" type="cond" truecount="3" falsecount="1"/>
        <line num="541" count="26" type="stmt"/>
        <line num="545" count="26" type="cond" truecount="4" falsecount="0"/>
        <line num="546" count="25" type="stmt"/>
        <line num="547" count="25" type="cond" truecount="1" falsecount="1"/>
        <line num="548" count="25" type="stmt"/>
        <line num="552" count="26" type="stmt"/>
        <line num="559" count="25" type="cond" truecount="1" falsecount="1"/>
        <line num="560" count="0" type="stmt"/>
        <line num="563" count="285" type="stmt"/>
        <line num="564" count="25" type="stmt"/>
        <line num="566" count="25" type="stmt"/>
        <line num="567" count="75" type="stmt"/>
        <line num="569" count="25" type="cond" truecount="1" falsecount="1"/>
        <line num="570" count="25" type="stmt"/>
        <line num="573" count="25" type="stmt"/>
        <line num="581" count="17" type="stmt"/>
        <line num="583" count="17" type="stmt"/>
        <line num="585" count="27" type="stmt"/>
        <line num="586" count="26" type="stmt"/>
        <line num="587" count="26" type="stmt"/>
        <line num="588" count="26" type="stmt"/>
        <line num="589" count="26" type="stmt"/>
        <line num="593" count="26" type="stmt"/>
        <line num="600" count="26" type="stmt"/>
        <line num="603" count="26" type="cond" truecount="2" falsecount="0"/>
        <line num="605" count="25" type="stmt"/>
        <line num="614" count="25" type="stmt"/>
        <line num="617" count="25" type="stmt"/>
        <line num="618" count="156" type="stmt"/>
        <line num="622" count="156" type="stmt"/>
        <line num="623" count="25" type="cond" truecount="2" falsecount="0"/>
        <line num="624" count="23" type="stmt"/>
        <line num="625" count="2" type="cond" truecount="1" falsecount="1"/>
        <line num="626" count="2" type="stmt"/>
        <line num="628" count="0" type="stmt"/>
        <line num="631" count="25" type="stmt"/>
        <line num="636" count="16" type="stmt"/>
        <line num="638" count="16" type="stmt"/>
        <line num="646" count="1" type="stmt"/>
        <line num="649" count="5" type="stmt"/>
        <line num="650" count="5" type="cond" truecount="1" falsecount="1"/>
        <line num="651" count="5" type="stmt"/>
        <line num="655" count="5" type="stmt"/>
        <line num="656" count="5" type="stmt"/>
        <line num="657" count="5" type="stmt"/>
        <line num="662" count="1" type="stmt"/>
        <line num="663" count="1" type="stmt"/>
        <line num="664" count="5" type="stmt"/>
        <line num="665" count="29" type="cond" truecount="2" falsecount="0"/>
        <line num="669" count="1" type="stmt"/>
        <line num="671" count="1" type="stmt"/>
        <line num="677" count="12" type="stmt"/>
        <line num="681" count="0" type="stmt"/>
        <line num="687" count="0" type="stmt"/>
        <line num="693" count="0" type="stmt"/>
        <line num="697" count="12" type="stmt"/>
      </file>
      <file name="userProfile.js" path="C:\25\All Code\my-app-backend\utils\userProfile.js">
        <metrics statements="60" coveredstatements="60" conditionals="90" coveredconditionals="82" methods="13" coveredmethods="13"/>
        <line num="11" count="14" type="stmt"/>
        <line num="12" count="80" type="stmt"/>
        <line num="15" count="80" type="stmt"/>
        <line num="17" count="80" type="stmt"/>
        <line num="18" count="480" type="cond" truecount="2" falsecount="0"/>
        <line num="19" count="52" type="stmt"/>
        <line num="24" count="80" type="cond" truecount="4" falsecount="0"/>
        <line num="25" count="7" type="stmt"/>
        <line num="28" count="80" type="cond" truecount="4" falsecount="0"/>
        <line num="29" count="6" type="stmt"/>
        <line num="33" count="80" type="cond" truecount="4" falsecount="0"/>
        <line num="34" count="7" type="stmt"/>
        <line num="37" count="80" type="stmt"/>
        <line num="49" count="14" type="stmt"/>
        <line num="51" count="35" type="cond" truecount="4" falsecount="0"/>
        <line num="52" count="3" type="stmt"/>
        <line num="55" count="32" type="stmt"/>
        <line num="56" count="32" type="stmt"/>
        <line num="59" count="32" type="cond" truecount="4" falsecount="0"/>
        <line num="60" count="31" type="stmt"/>
        <line num="61" count="45" type="cond" truecount="4" falsecount="0"/>
        <line num="62" count="44" type="stmt"/>
        <line num="63" count="44" type="cond" truecount="2" falsecount="0"/>
        <line num="64" count="50" type="stmt"/>
        <line num="66" count="50" type="cond" truecount="6" falsecount="4"/>
        <line num="75" count="31" type="cond" truecount="2" falsecount="0"/>
        <line num="76" count="30" type="stmt"/>
        <line num="77" count="30" type="stmt"/>
        <line num="82" count="32" type="cond" truecount="4" falsecount="0"/>
        <line num="83" count="31" type="stmt"/>
        <line num="84" count="61" type="cond" truecount="4" falsecount="0"/>
        <line num="85" count="60" type="stmt"/>
        <line num="86" count="60" type="cond" truecount="2" falsecount="0"/>
        <line num="87" count="69" type="stmt"/>
        <line num="89" count="69" type="cond" truecount="9" falsecount="3"/>
        <line num="99" count="31" type="cond" truecount="2" falsecount="0"/>
        <line num="100" count="30" type="stmt"/>
        <line num="101" count="30" type="stmt"/>
        <line num="106" count="32" type="cond" truecount="6" falsecount="0"/>
        <line num="107" count="29" type="stmt"/>
        <line num="108" count="58" type="stmt"/>
        <line num="109" count="60" type="stmt"/>
        <line num="113" count="29" type="cond" truecount="2" falsecount="0"/>
        <line num="114" count="28" type="stmt"/>
        <line num="115" count="28" type="stmt"/>
        <line num="120" count="32" type="cond" truecount="3" falsecount="1"/>
        <line num="121" count="32" type="stmt"/>
        <line num="122" count="32" type="cond" truecount="4" falsecount="0"/>
        <line num="123" count="45" type="stmt"/>
        <line num="125" count="32" type="cond" truecount="4" falsecount="0"/>
        <line num="126" count="61" type="stmt"/>
        <line num="128" count="32" type="stmt"/>
        <line num="130" count="200" type="stmt"/>
        <line num="131" count="32" type="stmt"/>
        <line num="132" count="194" type="cond" truecount="2" falsecount="0"/>
        <line num="135" count="32" type="cond" truecount="2" falsecount="0"/>
        <line num="136" count="29" type="stmt"/>
        <line num="137" count="29" type="stmt"/>
        <line num="142" count="32" type="cond" truecount="2" falsecount="0"/>
        <line num="145" count="14" type="stmt"/>
      </file>
    </package>
  </project>
</coverage>
