{"C:\\25\\All Code\\my-app-backend\\test-current-status.js": {"path":"C:\\25\\All Code\\my-app-backend\\test-current-status.js","statementMap":{"0":{"start":{"line":1,"column":14},"end":{"line":1,"column":30}},"1":{"start":{"line":4,"column":2},"end":{"line":4,"column":48}},"2":{"start":{"line":6,"column":22},"end":{"line":6,"column":57}},"3":{"start":{"line":8,"column":2},"end":{"line":67,"column":3}},"4":{"start":{"line":10,"column":4},"end":{"line":10,"column":48}},"5":{"start":{"line":11,"column":27},"end":{"line":11,"column":87}},"6":{"start":{"line":12,"column":4},"end":{"line":12,"column":62}},"7":{"start":{"line":15,"column":4},"end":{"line":15,"column":81}},"8":{"start":{"line":16,"column":25},"end":{"line":45,"column":5}},"9":{"start":{"line":47,"column":27},"end":{"line":47,"column":112}},"10":{"start":{"line":48,"column":4},"end":{"line":48,"column":71}},"11":{"start":{"line":50,"column":4},"end":{"line":50,"column":54}},"12":{"start":{"line":51,"column":4},"end":{"line":51,"column":39}},"13":{"start":{"line":52,"column":4},"end":{"line":52,"column":58}},"14":{"start":{"line":53,"column":4},"end":{"line":53,"column":34}},"15":{"start":{"line":54,"column":4},"end":{"line":54,"column":58}},"16":{"start":{"line":57,"column":4},"end":{"line":57,"column":67}},"17":{"start":{"line":58,"column":4},"end":{"line":58,"column":51}},"18":{"start":{"line":60,"column":4},"end":{"line":66,"column":5}},"19":{"start":{"line":61,"column":6},"end":{"line":61,"column":62}},"20":{"start":{"line":62,"column":6},"end":{"line":62,"column":73}},"21":{"start":{"line":63,"column":11},"end":{"line":66,"column":5}},"22":{"start":{"line":64,"column":6},"end":{"line":64,"column":53}},"23":{"start":{"line":65,"column":6},"end":{"line":65,"column":62}},"24":{"start":{"line":70,"column":0},"end":{"line":70,"column":20}}},"fnMap":{"0":{"name":"testCurrentStatus","decl":{"start":{"line":3,"column":15},"end":{"line":3,"column":32}},"loc":{"start":{"line":3,"column":35},"end":{"line":68,"column":1}},"line":3}},"branchMap":{"0":{"loc":{"start":{"line":57,"column":28},"end":{"line":57,"column":65}},"type":"binary-expr","locations":[{"start":{"line":57,"column":28},"end":{"line":57,"column":48}},{"start":{"line":57,"column":52},"end":{"line":57,"column":65}}],"line":57},"1":{"loc":{"start":{"line":60,"column":4},"end":{"line":66,"column":5}},"type":"if","locations":[{"start":{"line":60,"column":4},"end":{"line":66,"column":5}},{"start":{"line":63,"column":11},"end":{"line":66,"column":5}}],"line":60},"2":{"loc":{"start":{"line":63,"column":11},"end":{"line":66,"column":5}},"type":"if","locations":[{"start":{"line":63,"column":11},"end":{"line":66,"column":5}},{"start":{},"end":{}}],"line":63}},"s":{"0":0,"1":0,"2":0,"3":0,"4":0,"5":0,"6":0,"7":0,"8":0,"9":0,"10":0,"11":0,"12":0,"13":0,"14":0,"15":0,"16":0,"17":0,"18":0,"19":0,"20":0,"21":0,"22":0,"23":0,"24":0},"f":{"0":0},"b":{"0":[0,0],"1":[0,0],"2":[0,0]}}
,"C:\\25\\All Code\\my-app-backend\\test-production-connection.js": {"path":"C:\\25\\All Code\\my-app-backend\\test-production-connection.js","statementMap":{"0":{"start":{"line":1,"column":14},"end":{"line":1,"column":30}},"1":{"start":{"line":4,"column":20},"end":{"line":4,"column":66}},"2":{"start":{"line":7,"column":2},"end":{"line":7,"column":63}},"3":{"start":{"line":9,"column":2},"end":{"line":39,"column":3}},"4":{"start":{"line":11,"column":4},"end":{"line":11,"column":49}},"5":{"start":{"line":12,"column":27},"end":{"line":12,"column":67}},"6":{"start":{"line":13,"column":4},"end":{"line":13,"column":63}},"7":{"start":{"line":16,"column":4},"end":{"line":16,"column":52}},"8":{"start":{"line":17,"column":24},"end":{"line":24,"column":5}},"9":{"start":{"line":26,"column":27},"end":{"line":26,"column":91}},"10":{"start":{"line":27,"column":4},"end":{"line":27,"column":67}},"11":{"start":{"line":29,"column":4},"end":{"line":29,"column":55}},"12":{"start":{"line":30,"column":4},"end":{"line":30,"column":71}},"13":{"start":{"line":33,"column":4},"end":{"line":33,"column":68}},"14":{"start":{"line":34,"column":4},"end":{"line":34,"column":37}},"15":{"start":{"line":35,"column":4},"end":{"line":35,"column":56}},"16":{"start":{"line":36,"column":4},"end":{"line":36,"column":52}},"17":{"start":{"line":37,"column":4},"end":{"line":37,"column":64}},"18":{"start":{"line":38,"column":4},"end":{"line":38,"column":74}},"19":{"start":{"line":42,"column":0},"end":{"line":42,"column":24}}},"fnMap":{"0":{"name":"testProductionBackend","decl":{"start":{"line":6,"column":15},"end":{"line":6,"column":36}},"loc":{"start":{"line":6,"column":39},"end":{"line":40,"column":1}},"line":6}},"branchMap":{},"s":{"0":0,"1":0,"2":0,"3":0,"4":0,"5":0,"6":0,"7":0,"8":0,"9":0,"10":0,"11":0,"12":0,"13":0,"14":0,"15":0,"16":0,"17":0,"18":0,"19":0},"f":{"0":0},"b":{}}
,"C:\\25\\All Code\\my-app-backend\\config\\database.js": {"path":"C:\\25\\All Code\\my-app-backend\\config\\database.js","statementMap":{"0":{"start":{"line":1,"column":17},"end":{"line":1,"column":36}},"1":{"start":{"line":3,"column":18},"end":{"line":42,"column":1}},"2":{"start":{"line":4,"column":2},"end":{"line":41,"column":3}},"3":{"start":{"line":5,"column":4},"end":{"line":5,"column":47}},"4":{"start":{"line":6,"column":4},"end":{"line":6,"column":125}},"5":{"start":{"line":8,"column":17},"end":{"line":13,"column":6}},"6":{"start":{"line":15,"column":4},"end":{"line":15,"column":64}},"7":{"start":{"line":18,"column":4},"end":{"line":20,"column":7}},"8":{"start":{"line":19,"column":6},"end":{"line":19,"column":56}},"9":{"start":{"line":22,"column":4},"end":{"line":24,"column":7}},"10":{"start":{"line":23,"column":6},"end":{"line":23,"column":45}},"11":{"start":{"line":26,"column":4},"end":{"line":28,"column":7}},"12":{"start":{"line":27,"column":6},"end":{"line":27,"column":44}},"13":{"start":{"line":31,"column":4},"end":{"line":35,"column":7}},"14":{"start":{"line":32,"column":6},"end":{"line":32,"column":40}},"15":{"start":{"line":33,"column":6},"end":{"line":33,"column":74}},"16":{"start":{"line":34,"column":6},"end":{"line":34,"column":22}},"17":{"start":{"line":37,"column":4},"end":{"line":37,"column":16}},"18":{"start":{"line":39,"column":4},"end":{"line":39,"column":59}},"19":{"start":{"line":40,"column":4},"end":{"line":40,"column":16}},"20":{"start":{"line":44,"column":0},"end":{"line":44,"column":27}}},"fnMap":{"0":{"name":"(anonymous_0)","decl":{"start":{"line":3,"column":18},"end":{"line":3,"column":19}},"loc":{"start":{"line":3,"column":30},"end":{"line":42,"column":1}},"line":3},"1":{"name":"(anonymous_1)","decl":{"start":{"line":18,"column":36},"end":{"line":18,"column":37}},"loc":{"start":{"line":18,"column":45},"end":{"line":20,"column":5}},"line":18},"2":{"name":"(anonymous_2)","decl":{"start":{"line":22,"column":43},"end":{"line":22,"column":44}},"loc":{"start":{"line":22,"column":49},"end":{"line":24,"column":5}},"line":22},"3":{"name":"(anonymous_3)","decl":{"start":{"line":26,"column":42},"end":{"line":26,"column":43}},"loc":{"start":{"line":26,"column":48},"end":{"line":28,"column":5}},"line":26},"4":{"name":"(anonymous_4)","decl":{"start":{"line":31,"column":25},"end":{"line":31,"column":26}},"loc":{"start":{"line":31,"column":37},"end":{"line":35,"column":5}},"line":31}},"branchMap":{},"s":{"0":0,"1":0,"2":0,"3":0,"4":0,"5":0,"6":0,"7":0,"8":0,"9":0,"10":0,"11":0,"12":0,"13":0,"14":0,"15":0,"16":0,"17":0,"18":0,"19":0,"20":0},"f":{"0":0,"1":0,"2":0,"3":0,"4":0},"b":{}}
,"C:\\25\\All Code\\my-app-backend\\data\\sampleEvents.js": {"path":"C:\\25\\All Code\\my-app-backend\\data\\sampleEvents.js","statementMap":{"0":{"start":{"line":1,"column":21},"end":{"line":614,"column":1}},"1":{"start":{"line":616,"column":0},"end":{"line":616,"column":30}}},"fnMap":{},"branchMap":{},"s":{"0":0,"1":0},"f":{},"b":{}}
,"C:\\25\\All Code\\my-app-backend\\models\\GeopoliticalEvent.js": {"path":"C:\\25\\All Code\\my-app-backend\\models\\GeopoliticalEvent.js","statementMap":{"0":{"start":{"line":1,"column":17},"end":{"line":1,"column":36}},"1":{"start":{"line":3,"column":32},"end":{"line":124,"column":2}},"2":{"start":{"line":127,"column":0},"end":{"line":127,"column":49}},"3":{"start":{"line":128,"column":0},"end":{"line":128,"column":49}},"4":{"start":{"line":129,"column":0},"end":{"line":129,"column":46}},"5":{"start":{"line":130,"column":0},"end":{"line":130,"column":47}},"6":{"start":{"line":131,"column":0},"end":{"line":131,"column":45}},"7":{"start":{"line":133,"column":0},"end":{"line":133,"column":78}}},"fnMap":{},"branchMap":{},"s":{"0":0,"1":0,"2":0,"3":0,"4":0,"5":0,"6":0,"7":0},"f":{},"b":{}}
,"C:\\25\\All Code\\my-app-backend\\models\\UserProfile.js": {"path":"C:\\25\\All Code\\my-app-backend\\models\\UserProfile.js","statementMap":{"0":{"start":{"line":1,"column":17},"end":{"line":1,"column":36}},"1":{"start":{"line":3,"column":26},"end":{"line":81,"column":2}},"2":{"start":{"line":84,"column":0},"end":{"line":84,"column":49}},"3":{"start":{"line":86,"column":0},"end":{"line":86,"column":66}}},"fnMap":{},"branchMap":{},"s":{"0":0,"1":0,"2":0,"3":0},"f":{},"b":{}}
,"C:\\25\\All Code\\my-app-backend\\routes\\onboarding.js": {"path":"C:\\25\\All Code\\my-app-backend\\routes\\onboarding.js","statementMap":{"0":{"start":{"line":2,"column":16},"end":{"line":2,"column":34}},"1":{"start":{"line":3,"column":15},"end":{"line":3,"column":31}},"2":{"start":{"line":5,"column":0},"end":{"line":14,"column":3}},"3":{"start":{"line":6,"column":18},"end":{"line":6,"column":26}},"4":{"start":{"line":8,"column":2},"end":{"line":8,"column":49}},"5":{"start":{"line":13,"column":2},"end":{"line":13,"column":74}},"6":{"start":{"line":16,"column":0},"end":{"line":16,"column":24}}},"fnMap":{"0":{"name":"(anonymous_0)","decl":{"start":{"line":5,"column":34},"end":{"line":5,"column":35}},"loc":{"start":{"line":5,"column":48},"end":{"line":14,"column":1}},"line":5}},"branchMap":{},"s":{"0":0,"1":0,"2":0,"3":0,"4":0,"5":0,"6":0},"f":{"0":0},"b":{}}
,"C:\\25\\All Code\\my-app-backend\\routes\\userProfile.js": {"path":"C:\\25\\All Code\\my-app-backend\\routes\\userProfile.js","statementMap":{"0":{"start":{"line":1,"column":16},"end":{"line":1,"column":34}},"1":{"start":{"line":2,"column":17},"end":{"line":2,"column":36}},"2":{"start":{"line":3,"column":57},"end":{"line":3,"column":88}},"3":{"start":{"line":4,"column":45},"end":{"line":4,"column":80}},"4":{"start":{"line":5,"column":20},"end":{"line":5,"column":52}},"5":{"start":{"line":6,"column":26},"end":{"line":6,"column":64}},"6":{"start":{"line":8,"column":15},"end":{"line":8,"column":31}},"7":{"start":{"line":14,"column":0},"end":{"line":80,"column":3}},"8":{"start":{"line":15,"column":2},"end":{"line":79,"column":3}},"9":{"start":{"line":17,"column":4},"end":{"line":23,"column":5}},"10":{"start":{"line":18,"column":6},"end":{"line":18,"column":90}},"11":{"start":{"line":19,"column":6},"end":{"line":22,"column":9}},"12":{"start":{"line":25,"column":20},"end":{"line":25,"column":28}},"13":{"start":{"line":28,"column":23},"end":{"line":28,"column":51}},"14":{"start":{"line":30,"column":4},"end":{"line":35,"column":5}},"15":{"start":{"line":31,"column":6},"end":{"line":34,"column":9}},"16":{"start":{"line":38,"column":28},"end":{"line":41,"column":6}},"17":{"start":{"line":45,"column":4},"end":{"line":55,"column":5}},"18":{"start":{"line":47,"column":6},"end":{"line":51,"column":8}},"19":{"start":{"line":54,"column":6},"end":{"line":54,"column":55}},"20":{"start":{"line":57,"column":4},"end":{"line":61,"column":7}},"21":{"start":{"line":64,"column":4},"end":{"line":64,"column":57}},"22":{"start":{"line":67,"column":4},"end":{"line":72,"column":5}},"23":{"start":{"line":68,"column":6},"end":{"line":71,"column":9}},"24":{"start":{"line":74,"column":4},"end":{"line":78,"column":7}},"25":{"start":{"line":86,"column":0},"end":{"line":110,"column":3}},"26":{"start":{"line":87,"column":2},"end":{"line":109,"column":3}},"27":{"start":{"line":88,"column":19},"end":{"line":88,"column":29}},"28":{"start":{"line":89,"column":20},"end":{"line":89,"column":50}},"29":{"start":{"line":91,"column":4},"end":{"line":96,"column":5}},"30":{"start":{"line":92,"column":6},"end":{"line":95,"column":9}},"31":{"start":{"line":98,"column":4},"end":{"line":101,"column":7}},"32":{"start":{"line":104,"column":4},"end":{"line":104,"column":57}},"33":{"start":{"line":105,"column":4},"end":{"line":108,"column":7}},"34":{"start":{"line":116,"column":0},"end":{"line":172,"column":3}},"35":{"start":{"line":117,"column":2},"end":{"line":171,"column":3}},"36":{"start":{"line":118,"column":19},"end":{"line":118,"column":29}},"37":{"start":{"line":119,"column":59},"end":{"line":119,"column":68}},"38":{"start":{"line":121,"column":20},"end":{"line":121,"column":50}},"39":{"start":{"line":123,"column":4},"end":{"line":128,"column":5}},"40":{"start":{"line":124,"column":6},"end":{"line":127,"column":9}},"41":{"start":{"line":131,"column":22},"end":{"line":131,"column":72}},"42":{"start":{"line":134,"column":25},"end":{"line":134,"column":56}},"43":{"start":{"line":137,"column":27},"end":{"line":145,"column":9}},"44":{"start":{"line":138,"column":29},"end":{"line":138,"column":80}},"45":{"start":{"line":139,"column":27},"end":{"line":145,"column":7}},"46":{"start":{"line":147,"column":21},"end":{"line":156,"column":5}},"47":{"start":{"line":159,"column":4},"end":{"line":161,"column":5}},"48":{"start":{"line":160,"column":6},"end":{"line":160,"column":61}},"49":{"start":{"line":163,"column":4},"end":{"line":163,"column":35}},"50":{"start":{"line":166,"column":4},"end":{"line":166,"column":60}},"51":{"start":{"line":167,"column":4},"end":{"line":170,"column":7}},"52":{"start":{"line":178,"column":0},"end":{"line":210,"column":3}},"53":{"start":{"line":179,"column":2},"end":{"line":209,"column":3}},"54":{"start":{"line":180,"column":18},"end":{"line":180,"column":26}},"55":{"start":{"line":183,"column":4},"end":{"line":188,"column":5}},"56":{"start":{"line":184,"column":6},"end":{"line":187,"column":9}},"57":{"start":{"line":191,"column":4},"end":{"line":193,"column":5}},"58":{"start":{"line":192,"column":6},"end":{"line":192,"column":35}},"59":{"start":{"line":195,"column":21},"end":{"line":195,"column":58}},"60":{"start":{"line":197,"column":4},"end":{"line":201,"column":7}},"61":{"start":{"line":204,"column":4},"end":{"line":204,"column":50}},"62":{"start":{"line":205,"column":4},"end":{"line":208,"column":7}},"63":{"start":{"line":216,"column":0},"end":{"line":256,"column":3}},"64":{"start":{"line":217,"column":2},"end":{"line":255,"column":3}},"65":{"start":{"line":218,"column":4},"end":{"line":218,"column":54}},"66":{"start":{"line":221,"column":4},"end":{"line":227,"column":5}},"67":{"start":{"line":222,"column":6},"end":{"line":222,"column":90}},"68":{"start":{"line":223,"column":6},"end":{"line":226,"column":9}},"69":{"start":{"line":229,"column":19},"end":{"line":229,"column":73}},"70":{"start":{"line":231,"column":4},"end":{"line":231,"column":51}},"71":{"start":{"line":233,"column":4},"end":{"line":237,"column":7}},"72":{"start":{"line":240,"column":4},"end":{"line":240,"column":53}},"73":{"start":{"line":243,"column":4},"end":{"line":248,"column":5}},"74":{"start":{"line":244,"column":6},"end":{"line":247,"column":9}},"75":{"start":{"line":250,"column":4},"end":{"line":254,"column":7}},"76":{"start":{"line":262,"column":0},"end":{"line":284,"column":3}},"77":{"start":{"line":263,"column":2},"end":{"line":283,"column":3}},"78":{"start":{"line":264,"column":4},"end":{"line":264,"column":51}},"79":{"start":{"line":266,"column":21},"end":{"line":266,"column":55}},"80":{"start":{"line":267,"column":4},"end":{"line":267,"column":17}},"81":{"start":{"line":269,"column":4},"end":{"line":269,"column":61}},"82":{"start":{"line":271,"column":4},"end":{"line":274,"column":7}},"83":{"start":{"line":277,"column":4},"end":{"line":277,"column":54}},"84":{"start":{"line":278,"column":4},"end":{"line":282,"column":7}},"85":{"start":{"line":290,"column":0},"end":{"line":349,"column":3}},"86":{"start":{"line":291,"column":2},"end":{"line":348,"column":3}},"87":{"start":{"line":292,"column":26},"end":{"line":292,"column":36}},"88":{"start":{"line":293,"column":33},"end":{"line":293,"column":42}},"89":{"start":{"line":295,"column":20},"end":{"line":295,"column":57}},"90":{"start":{"line":297,"column":4},"end":{"line":302,"column":5}},"91":{"start":{"line":298,"column":6},"end":{"line":301,"column":9}},"92":{"start":{"line":305,"column":22},"end":{"line":305,"column":72}},"93":{"start":{"line":308,"column":25},"end":{"line":308,"column":56}},"94":{"start":{"line":311,"column":22},"end":{"line":311,"column":55}},"95":{"start":{"line":314,"column":22},"end":{"line":324,"column":9}},"96":{"start":{"line":316,"column":27},"end":{"line":324,"column":7}},"97":{"start":{"line":322,"column":26},"end":{"line":322,"column":45}},"98":{"start":{"line":326,"column":4},"end":{"line":340,"column":7}},"99":{"start":{"line":337,"column":55},"end":{"line":337,"column":96}},"100":{"start":{"line":343,"column":4},"end":{"line":343,"column":62}},"101":{"start":{"line":344,"column":4},"end":{"line":347,"column":7}},"102":{"start":{"line":355,"column":0},"end":{"line":401,"column":3}},"103":{"start":{"line":356,"column":2},"end":{"line":400,"column":3}},"104":{"start":{"line":357,"column":50},"end":{"line":357,"column":58}},"105":{"start":{"line":359,"column":4},"end":{"line":364,"column":5}},"106":{"start":{"line":360,"column":6},"end":{"line":363,"column":9}},"107":{"start":{"line":367,"column":25},"end":{"line":367,"column":53}},"108":{"start":{"line":370,"column":27},"end":{"line":378,"column":9}},"109":{"start":{"line":371,"column":29},"end":{"line":371,"column":80}},"110":{"start":{"line":372,"column":27},"end":{"line":378,"column":7}},"111":{"start":{"line":381,"column":22},"end":{"line":381,"column":55}},"112":{"start":{"line":383,"column":4},"end":{"line":392,"column":7}},"113":{"start":{"line":395,"column":4},"end":{"line":395,"column":61}},"114":{"start":{"line":396,"column":4},"end":{"line":399,"column":7}},"115":{"start":{"line":403,"column":0},"end":{"line":403,"column":24}}},"fnMap":{"0":{"name":"(anonymous_0)","decl":{"start":{"line":14,"column":29},"end":{"line":14,"column":30}},"loc":{"start":{"line":14,"column":49},"end":{"line":80,"column":1}},"line":14},"1":{"name":"(anonymous_1)","decl":{"start":{"line":86,"column":32},"end":{"line":86,"column":33}},"loc":{"start":{"line":86,"column":52},"end":{"line":110,"column":1}},"line":86},"2":{"name":"(anonymous_2)","decl":{"start":{"line":116,"column":48},"end":{"line":116,"column":49}},"loc":{"start":{"line":116,"column":68},"end":{"line":172,"column":1}},"line":116},"3":{"name":"(anonymous_3)","decl":{"start":{"line":138,"column":14},"end":{"line":138,"column":15}},"loc":{"start":{"line":138,"column":29},"end":{"line":138,"column":80}},"line":138},"4":{"name":"(anonymous_4)","decl":{"start":{"line":139,"column":11},"end":{"line":139,"column":12}},"loc":{"start":{"line":139,"column":27},"end":{"line":145,"column":7}},"line":139},"5":{"name":"(anonymous_5)","decl":{"start":{"line":178,"column":23},"end":{"line":178,"column":24}},"loc":{"start":{"line":178,"column":43},"end":{"line":210,"column":1}},"line":178},"6":{"name":"(anonymous_6)","decl":{"start":{"line":216,"column":22},"end":{"line":216,"column":23}},"loc":{"start":{"line":216,"column":42},"end":{"line":256,"column":1}},"line":216},"7":{"name":"(anonymous_7)","decl":{"start":{"line":262,"column":30},"end":{"line":262,"column":31}},"loc":{"start":{"line":262,"column":50},"end":{"line":284,"column":1}},"line":262},"8":{"name":"(anonymous_8)","decl":{"start":{"line":290,"column":44},"end":{"line":290,"column":45}},"loc":{"start":{"line":290,"column":64},"end":{"line":349,"column":1}},"line":290},"9":{"name":"(anonymous_9)","decl":{"start":{"line":316,"column":11},"end":{"line":316,"column":12}},"loc":{"start":{"line":316,"column":27},"end":{"line":324,"column":7}},"line":316},"10":{"name":"(anonymous_10)","decl":{"start":{"line":322,"column":16},"end":{"line":322,"column":17}},"loc":{"start":{"line":322,"column":26},"end":{"line":322,"column":45}},"line":322},"11":{"name":"(anonymous_11)","decl":{"start":{"line":337,"column":50},"end":{"line":337,"column":51}},"loc":{"start":{"line":337,"column":55},"end":{"line":337,"column":96}},"line":337},"12":{"name":"(anonymous_12)","decl":{"start":{"line":355,"column":29},"end":{"line":355,"column":30}},"loc":{"start":{"line":355,"column":49},"end":{"line":401,"column":1}},"line":355},"13":{"name":"(anonymous_13)","decl":{"start":{"line":371,"column":14},"end":{"line":371,"column":15}},"loc":{"start":{"line":371,"column":29},"end":{"line":371,"column":80}},"line":371},"14":{"name":"(anonymous_14)","decl":{"start":{"line":372,"column":11},"end":{"line":372,"column":12}},"loc":{"start":{"line":372,"column":27},"end":{"line":378,"column":7}},"line":372}},"branchMap":{"0":{"loc":{"start":{"line":17,"column":4},"end":{"line":23,"column":5}},"type":"if","locations":[{"start":{"line":17,"column":4},"end":{"line":23,"column":5}},{"start":{},"end":{}}],"line":17},"1":{"loc":{"start":{"line":30,"column":4},"end":{"line":35,"column":5}},"type":"if","locations":[{"start":{"line":30,"column":4},"end":{"line":35,"column":5}},{"start":{},"end":{}}],"line":30},"2":{"loc":{"start":{"line":45,"column":4},"end":{"line":55,"column":5}},"type":"if","locations":[{"start":{"line":45,"column":4},"end":{"line":55,"column":5}},{"start":{"line":52,"column":11},"end":{"line":55,"column":5}}],"line":45},"3":{"loc":{"start":{"line":59,"column":15},"end":{"line":59,"column":96}},"type":"cond-expr","locations":[{"start":{"line":59,"column":33},"end":{"line":59,"column":63}},{"start":{"line":59,"column":66},"end":{"line":59,"column":96}}],"line":59},"4":{"loc":{"start":{"line":67,"column":4},"end":{"line":72,"column":5}},"type":"if","locations":[{"start":{"line":67,"column":4},"end":{"line":72,"column":5}},{"start":{},"end":{}}],"line":67},"5":{"loc":{"start":{"line":77,"column":13},"end":{"line":77,"column":79}},"type":"cond-expr","locations":[{"start":{"line":77,"column":54},"end":{"line":77,"column":67}},{"start":{"line":77,"column":70},"end":{"line":77,"column":79}}],"line":77},"6":{"loc":{"start":{"line":91,"column":4},"end":{"line":96,"column":5}},"type":"if","locations":[{"start":{"line":91,"column":4},"end":{"line":96,"column":5}},{"start":{},"end":{}}],"line":91},"7":{"loc":{"start":{"line":119,"column":12},"end":{"line":119,"column":28}},"type":"default-arg","locations":[{"start":{"line":119,"column":24},"end":{"line":119,"column":28}}],"line":119},"8":{"loc":{"start":{"line":119,"column":30},"end":{"line":119,"column":54}},"type":"default-arg","locations":[{"start":{"line":119,"column":49},"end":{"line":119,"column":54}}],"line":119},"9":{"loc":{"start":{"line":123,"column":4},"end":{"line":128,"column":5}},"type":"if","locations":[{"start":{"line":123,"column":4},"end":{"line":128,"column":5}},{"start":{},"end":{}}],"line":123},"10":{"loc":{"start":{"line":159,"column":4},"end":{"line":161,"column":5}},"type":"if","locations":[{"start":{"line":159,"column":4},"end":{"line":161,"column":5}},{"start":{},"end":{}}],"line":159},"11":{"loc":{"start":{"line":183,"column":4},"end":{"line":188,"column":5}},"type":"if","locations":[{"start":{"line":183,"column":4},"end":{"line":188,"column":5}},{"start":{},"end":{}}],"line":183},"12":{"loc":{"start":{"line":183,"column":8},"end":{"line":183,"column":42}},"type":"binary-expr","locations":[{"start":{"line":183,"column":8},"end":{"line":183,"column":20}},{"start":{"line":183,"column":24},"end":{"line":183,"column":42}}],"line":183},"13":{"loc":{"start":{"line":191,"column":4},"end":{"line":193,"column":5}},"type":"if","locations":[{"start":{"line":191,"column":4},"end":{"line":193,"column":5}},{"start":{},"end":{}}],"line":191},"14":{"loc":{"start":{"line":221,"column":4},"end":{"line":227,"column":5}},"type":"if","locations":[{"start":{"line":221,"column":4},"end":{"line":227,"column":5}},{"start":{},"end":{}}],"line":221},"15":{"loc":{"start":{"line":243,"column":4},"end":{"line":248,"column":5}},"type":"if","locations":[{"start":{"line":243,"column":4},"end":{"line":248,"column":5}},{"start":{},"end":{}}],"line":243},"16":{"loc":{"start":{"line":253,"column":13},"end":{"line":253,"column":79}},"type":"cond-expr","locations":[{"start":{"line":253,"column":54},"end":{"line":253,"column":67}},{"start":{"line":253,"column":70},"end":{"line":253,"column":79}}],"line":253},"17":{"loc":{"start":{"line":293,"column":12},"end":{"line":293,"column":28}},"type":"default-arg","locations":[{"start":{"line":293,"column":24},"end":{"line":293,"column":28}}],"line":293},"18":{"loc":{"start":{"line":297,"column":4},"end":{"line":302,"column":5}},"type":"if","locations":[{"start":{"line":297,"column":4},"end":{"line":302,"column":5}},{"start":{},"end":{}}],"line":297},"19":{"loc":{"start":{"line":357,"column":29},"end":{"line":357,"column":45}},"type":"default-arg","locations":[{"start":{"line":357,"column":41},"end":{"line":357,"column":45}}],"line":357},"20":{"loc":{"start":{"line":359,"column":4},"end":{"line":364,"column":5}},"type":"if","locations":[{"start":{"line":359,"column":4},"end":{"line":364,"column":5}},{"start":{},"end":{}}],"line":359},"21":{"loc":{"start":{"line":359,"column":8},"end":{"line":359,"column":53}},"type":"binary-expr","locations":[{"start":{"line":359,"column":8},"end":{"line":359,"column":16}},{"start":{"line":359,"column":20},"end":{"line":359,"column":27}},{"start":{"line":359,"column":31},"end":{"line":359,"column":53}}],"line":359}},"s":{"0":0,"1":0,"2":0,"3":0,"4":0,"5":0,"6":0,"7":0,"8":0,"9":0,"10":0,"11":0,"12":0,"13":0,"14":0,"15":0,"16":0,"17":0,"18":0,"19":0,"20":0,"21":0,"22":0,"23":0,"24":0,"25":0,"26":0,"27":0,"28":0,"29":0,"30":0,"31":0,"32":0,"33":0,"34":0,"35":0,"36":0,"37":0,"38":0,"39":0,"40":0,"41":0,"42":0,"43":0,"44":0,"45":0,"46":0,"47":0,"48":0,"49":0,"50":0,"51":0,"52":0,"53":0,"54":0,"55":0,"56":0,"57":0,"58":0,"59":0,"60":0,"61":0,"62":0,"63":0,"64":0,"65":0,"66":0,"67":0,"68":0,"69":0,"70":0,"71":0,"72":0,"73":0,"74":0,"75":0,"76":0,"77":0,"78":0,"79":0,"80":0,"81":0,"82":0,"83":0,"84":0,"85":0,"86":0,"87":0,"88":0,"89":0,"90":0,"91":0,"92":0,"93":0,"94":0,"95":0,"96":0,"97":0,"98":0,"99":0,"100":0,"101":0,"102":0,"103":0,"104":0,"105":0,"106":0,"107":0,"108":0,"109":0,"110":0,"111":0,"112":0,"113":0,"114":0,"115":0},"f":{"0":0,"1":0,"2":0,"3":0,"4":0,"5":0,"6":0,"7":0,"8":0,"9":0,"10":0,"11":0,"12":0,"13":0,"14":0},"b":{"0":[0,0],"1":[0,0],"2":[0,0],"3":[0,0],"4":[0,0],"5":[0,0],"6":[0,0],"7":[0],"8":[0],"9":[0,0],"10":[0,0],"11":[0,0],"12":[0,0],"13":[0,0],"14":[0,0],"15":[0,0],"16":[0,0],"17":[0],"18":[0,0],"19":[0],"20":[0,0],"21":[0,0,0]}}
,"C:\\25\\All Code\\my-app-backend\\scripts\\seedDatabase.js": {"path":"C:\\25\\All Code\\my-app-backend\\scripts\\seedDatabase.js","statementMap":{"0":{"start":{"line":1,"column":17},"end":{"line":1,"column":36}},"1":{"start":{"line":2,"column":26},"end":{"line":2,"column":64}},"2":{"start":{"line":3,"column":20},"end":{"line":3,"column":52}},"3":{"start":{"line":4,"column":21},"end":{"line":4,"column":52}},"4":{"start":{"line":5,"column":0},"end":{"line":5,"column":27}},"5":{"start":{"line":8,"column":23},"end":{"line":124,"column":1}},"6":{"start":{"line":127,"column":2},"end":{"line":134,"column":3}},"7":{"start":{"line":128,"column":21},"end":{"line":128,"column":101}},"8":{"start":{"line":129,"column":4},"end":{"line":129,"column":37}},"9":{"start":{"line":130,"column":4},"end":{"line":130,"column":42}},"10":{"start":{"line":132,"column":4},"end":{"line":132,"column":60}},"11":{"start":{"line":133,"column":4},"end":{"line":133,"column":20}},"12":{"start":{"line":138,"column":2},"end":{"line":144,"column":3}},"13":{"start":{"line":139,"column":4},"end":{"line":139,"column":43}},"14":{"start":{"line":140,"column":4},"end":{"line":140,"column":37}},"15":{"start":{"line":141,"column":4},"end":{"line":141,"column":46}},"16":{"start":{"line":143,"column":4},"end":{"line":143,"column":55}},"17":{"start":{"line":148,"column":2},"end":{"line":155,"column":3}},"18":{"start":{"line":149,"column":19},"end":{"line":149,"column":67}},"19":{"start":{"line":150,"column":4},"end":{"line":150,"column":65}},"20":{"start":{"line":151,"column":4},"end":{"line":151,"column":18}},"21":{"start":{"line":153,"column":4},"end":{"line":153,"column":52}},"22":{"start":{"line":154,"column":4},"end":{"line":154,"column":16}},"23":{"start":{"line":159,"column":2},"end":{"line":166,"column":3}},"24":{"start":{"line":160,"column":21},"end":{"line":160,"column":65}},"25":{"start":{"line":161,"column":4},"end":{"line":161,"column":61}},"26":{"start":{"line":162,"column":4},"end":{"line":162,"column":20}},"27":{"start":{"line":164,"column":4},"end":{"line":164,"column":54}},"28":{"start":{"line":165,"column":4},"end":{"line":165,"column":16}},"29":{"start":{"line":170,"column":2},"end":{"line":170,"column":49}},"30":{"start":{"line":172,"column":2},"end":{"line":198,"column":3}},"31":{"start":{"line":173,"column":4},"end":{"line":173,"column":30}},"32":{"start":{"line":174,"column":4},"end":{"line":174,"column":26}},"33":{"start":{"line":176,"column":31},"end":{"line":179,"column":6}},"34":{"start":{"line":181,"column":4},"end":{"line":181,"column":41}},"35":{"start":{"line":182,"column":4},"end":{"line":182,"column":69}},"36":{"start":{"line":183,"column":4},"end":{"line":183,"column":65}},"37":{"start":{"line":185,"column":4},"end":{"line":185,"column":56}},"38":{"start":{"line":186,"column":4},"end":{"line":188,"column":7}},"39":{"start":{"line":187,"column":6},"end":{"line":187,"column":91}},"40":{"start":{"line":190,"column":4},"end":{"line":190,"column":64}},"41":{"start":{"line":193,"column":4},"end":{"line":193,"column":46}},"42":{"start":{"line":194,"column":4},"end":{"line":194,"column":20}},"43":{"start":{"line":196,"column":4},"end":{"line":196,"column":32}},"44":{"start":{"line":197,"column":4},"end":{"line":197,"column":48}},"45":{"start":{"line":202,"column":0},"end":{"line":204,"column":1}},"46":{"start":{"line":203,"column":2},"end":{"line":203,"column":9}},"47":{"start":{"line":206,"column":0},"end":{"line":206,"column":56}}},"fnMap":{"0":{"name":"connectToDatabase","decl":{"start":{"line":126,"column":15},"end":{"line":126,"column":32}},"loc":{"start":{"line":126,"column":35},"end":{"line":135,"column":1}},"line":126},"1":{"name":"clearDatabase","decl":{"start":{"line":137,"column":15},"end":{"line":137,"column":28}},"loc":{"start":{"line":137,"column":31},"end":{"line":145,"column":1}},"line":137},"2":{"name":"seedEvents","decl":{"start":{"line":147,"column":15},"end":{"line":147,"column":25}},"loc":{"start":{"line":147,"column":28},"end":{"line":156,"column":1}},"line":147},"3":{"name":"seedProfiles","decl":{"start":{"line":158,"column":15},"end":{"line":158,"column":27}},"loc":{"start":{"line":158,"column":30},"end":{"line":167,"column":1}},"line":158},"4":{"name":"main","decl":{"start":{"line":169,"column":15},"end":{"line":169,"column":19}},"loc":{"start":{"line":169,"column":22},"end":{"line":199,"column":1}},"line":169},"5":{"name":"(anonymous_5)","decl":{"start":{"line":186,"column":21},"end":{"line":186,"column":22}},"loc":{"start":{"line":186,"column":41},"end":{"line":188,"column":5}},"line":186}},"branchMap":{"0":{"loc":{"start":{"line":128,"column":21},"end":{"line":128,"column":101}},"type":"binary-expr","locations":[{"start":{"line":128,"column":21},"end":{"line":128,"column":44}},{"start":{"line":128,"column":48},"end":{"line":128,"column":101}}],"line":128},"1":{"loc":{"start":{"line":202,"column":0},"end":{"line":204,"column":1}},"type":"if","locations":[{"start":{"line":202,"column":0},"end":{"line":204,"column":1}},{"start":{},"end":{}}],"line":202}},"s":{"0":0,"1":0,"2":0,"3":0,"4":0,"5":0,"6":0,"7":0,"8":0,"9":0,"10":0,"11":0,"12":0,"13":0,"14":0,"15":0,"16":0,"17":0,"18":0,"19":0,"20":0,"21":0,"22":0,"23":0,"24":0,"25":0,"26":0,"27":0,"28":0,"29":0,"30":0,"31":0,"32":0,"33":0,"34":0,"35":0,"36":0,"37":0,"38":0,"39":0,"40":0,"41":0,"42":0,"43":0,"44":0,"45":0,"46":0,"47":0},"f":{"0":0,"1":0,"2":0,"3":0,"4":0,"5":0},"b":{"0":[0,0],"1":[0,0]}}
,"C:\\25\\All Code\\my-app-backend\\utils\\advancedScoring.js": {"path":"C:\\25\\All Code\\my-app-backend\\utils\\advancedScoring.js","statementMap":{"0":{"start":{"line":6,"column":36},"end":{"line":6,"column":60}},"1":{"start":{"line":12,"column":30},"end":{"line":48,"column":1}},"2":{"start":{"line":54,"column":32},"end":{"line":85,"column":1}},"3":{"start":{"line":91,"column":35},"end":{"line":116,"column":1}},"4":{"start":{"line":122,"column":32},"end":{"line":148,"column":1}},"5":{"start":{"line":154,"column":23},"end":{"line":181,"column":1}},"6":{"start":{"line":188,"column":4},"end":{"line":188,"column":23}},"7":{"start":{"line":189,"column":4},"end":{"line":189,"column":32}},"8":{"start":{"line":190,"column":4},"end":{"line":190,"column":31}},"9":{"start":{"line":191,"column":4},"end":{"line":191,"column":34}},"10":{"start":{"line":192,"column":4},"end":{"line":192,"column":36}},"11":{"start":{"line":193,"column":4},"end":{"line":193,"column":34}},"12":{"start":{"line":197,"column":4},"end":{"line":202,"column":7}},"13":{"start":{"line":206,"column":4},"end":{"line":206,"column":33}},"14":{"start":{"line":215,"column":14},"end":{"line":215,"column":15}},"15":{"start":{"line":216,"column":16},"end":{"line":216,"column":18}},"16":{"start":{"line":219,"column":30},"end":{"line":225,"column":11}},"17":{"start":{"line":220,"column":21},"end":{"line":220,"column":44}},"18":{"start":{"line":221,"column":4},"end":{"line":224,"column":7}},"19":{"start":{"line":222,"column":27},"end":{"line":222,"column":49}},"20":{"start":{"line":223,"column":6},"end":{"line":223,"column":80}},"21":{"start":{"line":227,"column":2},"end":{"line":235,"column":3}},"22":{"start":{"line":228,"column":30},"end":{"line":228,"column":92}},"23":{"start":{"line":229,"column":4},"end":{"line":229,"column":31}},"24":{"start":{"line":230,"column":4},"end":{"line":234,"column":7}},"25":{"start":{"line":238,"column":25},"end":{"line":244,"column":11}},"26":{"start":{"line":239,"column":28},"end":{"line":239,"column":58}},"27":{"start":{"line":240,"column":4},"end":{"line":243,"column":7}},"28":{"start":{"line":241,"column":27},"end":{"line":241,"column":49}},"29":{"start":{"line":242,"column":6},"end":{"line":242,"column":94}},"30":{"start":{"line":246,"column":2},"end":{"line":254,"column":3}},"31":{"start":{"line":247,"column":25},"end":{"line":247,"column":83}},"32":{"start":{"line":248,"column":4},"end":{"line":248,"column":26}},"33":{"start":{"line":249,"column":4},"end":{"line":253,"column":7}},"34":{"start":{"line":257,"column":2},"end":{"line":273,"column":3}},"35":{"start":{"line":258,"column":26},"end":{"line":262,"column":12}},"36":{"start":{"line":259,"column":6},"end":{"line":261,"column":7}},"37":{"start":{"line":260,"column":8},"end":{"line":260,"column":64}},"38":{"start":{"line":264,"column":4},"end":{"line":272,"column":5}},"39":{"start":{"line":265,"column":26},"end":{"line":265,"column":76}},"40":{"start":{"line":266,"column":6},"end":{"line":266,"column":27}},"41":{"start":{"line":267,"column":6},"end":{"line":271,"column":9}},"42":{"start":{"line":275,"column":2},"end":{"line":275,"column":28}},"43":{"start":{"line":283,"column":14},"end":{"line":283,"column":15}},"44":{"start":{"line":284,"column":16},"end":{"line":284,"column":18}},"45":{"start":{"line":286,"column":19},"end":{"line":286,"column":53}},"46":{"start":{"line":287,"column":27},"end":{"line":287,"column":58}},"47":{"start":{"line":289,"column":2},"end":{"line":291,"column":3}},"48":{"start":{"line":290,"column":4},"end":{"line":290,"column":37}},"49":{"start":{"line":294,"column":29},"end":{"line":297,"column":11}},"50":{"start":{"line":295,"column":22},"end":{"line":295,"column":73}},"51":{"start":{"line":296,"column":4},"end":{"line":296,"column":50}},"52":{"start":{"line":299,"column":2},"end":{"line":307,"column":3}},"53":{"start":{"line":300,"column":29},"end":{"line":300,"column":98}},"54":{"start":{"line":301,"column":4},"end":{"line":301,"column":30}},"55":{"start":{"line":302,"column":4},"end":{"line":306,"column":7}},"56":{"start":{"line":310,"column":28},"end":{"line":313,"column":11}},"57":{"start":{"line":311,"column":22},"end":{"line":311,"column":73}},"58":{"start":{"line":312,"column":4},"end":{"line":312,"column":50}},"59":{"start":{"line":315,"column":2},"end":{"line":323,"column":3}},"60":{"start":{"line":316,"column":28},"end":{"line":316,"column":95}},"61":{"start":{"line":317,"column":4},"end":{"line":317,"column":29}},"62":{"start":{"line":318,"column":4},"end":{"line":322,"column":7}},"63":{"start":{"line":326,"column":30},"end":{"line":329,"column":11}},"64":{"start":{"line":327,"column":22},"end":{"line":327,"column":73}},"65":{"start":{"line":328,"column":4},"end":{"line":328,"column":50}},"66":{"start":{"line":331,"column":2},"end":{"line":339,"column":3}},"67":{"start":{"line":332,"column":30},"end":{"line":332,"column":101}},"68":{"start":{"line":333,"column":4},"end":{"line":333,"column":31}},"69":{"start":{"line":334,"column":4},"end":{"line":338,"column":7}},"70":{"start":{"line":341,"column":2},"end":{"line":341,"column":28}},"71":{"start":{"line":349,"column":14},"end":{"line":349,"column":15}},"72":{"start":{"line":350,"column":16},"end":{"line":350,"column":18}},"73":{"start":{"line":353,"column":2},"end":{"line":408,"column":3}},"74":{"start":{"line":354,"column":4},"end":{"line":407,"column":5}},"75":{"start":{"line":355,"column":26},"end":{"line":355,"column":50}},"76":{"start":{"line":356,"column":30},"end":{"line":356,"column":66}},"77":{"start":{"line":358,"column":6},"end":{"line":406,"column":7}},"78":{"start":{"line":360,"column":37},"end":{"line":363,"column":17}},"79":{"start":{"line":361,"column":28},"end":{"line":361,"column":79}},"80":{"start":{"line":362,"column":10},"end":{"line":362,"column":65}},"81":{"start":{"line":365,"column":8},"end":{"line":373,"column":9}},"82":{"start":{"line":366,"column":37},"end":{"line":366,"column":105}},"83":{"start":{"line":367,"column":10},"end":{"line":367,"column":38}},"84":{"start":{"line":368,"column":10},"end":{"line":372,"column":13}},"85":{"start":{"line":376,"column":35},"end":{"line":379,"column":17}},"86":{"start":{"line":377,"column":28},"end":{"line":377,"column":79}},"87":{"start":{"line":378,"column":10},"end":{"line":378,"column":56}},"88":{"start":{"line":381,"column":8},"end":{"line":389,"column":9}},"89":{"start":{"line":382,"column":35},"end":{"line":382,"column":103}},"90":{"start":{"line":383,"column":10},"end":{"line":383,"column":36}},"91":{"start":{"line":384,"column":10},"end":{"line":388,"column":13}},"92":{"start":{"line":392,"column":36},"end":{"line":395,"column":17}},"93":{"start":{"line":393,"column":28},"end":{"line":393,"column":79}},"94":{"start":{"line":394,"column":10},"end":{"line":394,"column":56}},"95":{"start":{"line":397,"column":8},"end":{"line":405,"column":9}},"96":{"start":{"line":398,"column":36},"end":{"line":398,"column":106}},"97":{"start":{"line":399,"column":10},"end":{"line":399,"column":37}},"98":{"start":{"line":400,"column":10},"end":{"line":404,"column":13}},"99":{"start":{"line":410,"column":2},"end":{"line":410,"column":28}},"100":{"start":{"line":418,"column":14},"end":{"line":418,"column":15}},"101":{"start":{"line":419,"column":16},"end":{"line":419,"column":18}},"102":{"start":{"line":421,"column":2},"end":{"line":475,"column":3}},"103":{"start":{"line":422,"column":21},"end":{"line":422,"column":52}},"104":{"start":{"line":423,"column":29},"end":{"line":423,"column":65}},"105":{"start":{"line":425,"column":4},"end":{"line":474,"column":5}},"106":{"start":{"line":427,"column":30},"end":{"line":431,"column":15}},"107":{"start":{"line":428,"column":8},"end":{"line":430,"column":10}},"108":{"start":{"line":429,"column":10},"end":{"line":429,"column":70}},"109":{"start":{"line":433,"column":6},"end":{"line":441,"column":7}},"110":{"start":{"line":434,"column":30},"end":{"line":434,"column":97}},"111":{"start":{"line":435,"column":8},"end":{"line":435,"column":31}},"112":{"start":{"line":436,"column":8},"end":{"line":440,"column":11}},"113":{"start":{"line":444,"column":32},"end":{"line":447,"column":15}},"114":{"start":{"line":445,"column":26},"end":{"line":445,"column":77}},"115":{"start":{"line":446,"column":8},"end":{"line":446,"column":54}},"116":{"start":{"line":449,"column":6},"end":{"line":457,"column":7}},"117":{"start":{"line":450,"column":32},"end":{"line":450,"column":99}},"118":{"start":{"line":451,"column":8},"end":{"line":451,"column":33}},"119":{"start":{"line":452,"column":8},"end":{"line":456,"column":11}},"120":{"start":{"line":460,"column":32},"end":{"line":463,"column":15}},"121":{"start":{"line":461,"column":26},"end":{"line":461,"column":77}},"122":{"start":{"line":462,"column":8},"end":{"line":462,"column":54}},"123":{"start":{"line":465,"column":6},"end":{"line":473,"column":7}},"124":{"start":{"line":466,"column":32},"end":{"line":466,"column":99}},"125":{"start":{"line":467,"column":8},"end":{"line":467,"column":33}},"126":{"start":{"line":468,"column":8},"end":{"line":472,"column":11}},"127":{"start":{"line":477,"column":2},"end":{"line":477,"column":28}},"128":{"start":{"line":485,"column":14},"end":{"line":485,"column":15}},"129":{"start":{"line":486,"column":16},"end":{"line":486,"column":18}},"130":{"start":{"line":489,"column":2},"end":{"line":528,"column":3}},"131":{"start":{"line":490,"column":4},"end":{"line":527,"column":5}},"132":{"start":{"line":491,"column":28},"end":{"line":491,"column":50}},"133":{"start":{"line":492,"column":33},"end":{"line":492,"column":71}},"134":{"start":{"line":494,"column":6},"end":{"line":526,"column":7}},"135":{"start":{"line":496,"column":35},"end":{"line":500,"column":17}},"136":{"start":{"line":497,"column":10},"end":{"line":499,"column":12}},"137":{"start":{"line":498,"column":12},"end":{"line":498,"column":78}},"138":{"start":{"line":502,"column":8},"end":{"line":510,"column":9}},"139":{"start":{"line":503,"column":35},"end":{"line":503,"column":97}},"140":{"start":{"line":504,"column":10},"end":{"line":504,"column":36}},"141":{"start":{"line":505,"column":10},"end":{"line":509,"column":13}},"142":{"start":{"line":513,"column":31},"end":{"line":515,"column":9}},"143":{"start":{"line":514,"column":10},"end":{"line":514,"column":77}},"144":{"start":{"line":517,"column":8},"end":{"line":525,"column":9}},"145":{"start":{"line":518,"column":32},"end":{"line":518,"column":35}},"146":{"start":{"line":519,"column":10},"end":{"line":519,"column":33}},"147":{"start":{"line":520,"column":10},"end":{"line":524,"column":13}},"148":{"start":{"line":530,"column":2},"end":{"line":530,"column":28}},"149":{"start":{"line":537,"column":21},"end":{"line":537,"column":30}},"150":{"start":{"line":540,"column":2},"end":{"line":542,"column":3}},"151":{"start":{"line":541,"column":4},"end":{"line":541,"column":79}},"152":{"start":{"line":545,"column":2},"end":{"line":550,"column":3}},"153":{"start":{"line":546,"column":22},"end":{"line":546,"column":57}},"154":{"start":{"line":547,"column":4},"end":{"line":549,"column":5}},"155":{"start":{"line":548,"column":6},"end":{"line":548,"column":75}},"156":{"start":{"line":552,"column":2},"end":{"line":552,"column":37}},"157":{"start":{"line":559,"column":2},"end":{"line":561,"column":3}},"158":{"start":{"line":560,"column":4},"end":{"line":560,"column":57}},"159":{"start":{"line":563,"column":24},"end":{"line":563,"column":67}},"160":{"start":{"line":563,"column":47},"end":{"line":563,"column":66}},"161":{"start":{"line":564,"column":21},"end":{"line":564,"column":46}},"162":{"start":{"line":566,"column":18},"end":{"line":566,"column":72}},"163":{"start":{"line":567,"column":2},"end":{"line":567,"column":79}},"164":{"start":{"line":567,"column":51},"end":{"line":567,"column":64}},"165":{"start":{"line":569,"column":2},"end":{"line":571,"column":3}},"166":{"start":{"line":570,"column":4},"end":{"line":570,"column":67}},"167":{"start":{"line":573,"column":2},"end":{"line":573,"column":19}},"168":{"start":{"line":581,"column":23},"end":{"line":581,"column":25}},"169":{"start":{"line":583,"column":2},"end":{"line":633,"column":3}},"170":{"start":{"line":585,"column":24},"end":{"line":585,"column":69}},"171":{"start":{"line":586,"column":33},"end":{"line":586,"column":87}},"172":{"start":{"line":587,"column":35},"end":{"line":587,"column":91}},"173":{"start":{"line":588,"column":37},"end":{"line":588,"column":95}},"174":{"start":{"line":589,"column":28},"end":{"line":589,"column":77}},"175":{"start":{"line":593,"column":6},"end":{"line":597,"column":68}},"176":{"start":{"line":600,"column":4},"end":{"line":600,"column":50}},"177":{"start":{"line":603,"column":4},"end":{"line":632,"column":5}},"178":{"start":{"line":605,"column":25},"end":{"line":611,"column":7}},"179":{"start":{"line":614,"column":26},"end":{"line":614,"column":103}},"180":{"start":{"line":617,"column":6},"end":{"line":619,"column":9}},"181":{"start":{"line":618,"column":8},"end":{"line":618,"column":92}},"182":{"start":{"line":622,"column":26},"end":{"line":622,"column":78}},"183":{"start":{"line":622,"column":54},"end":{"line":622,"column":76}},"184":{"start":{"line":623,"column":6},"end":{"line":629,"column":7}},"185":{"start":{"line":624,"column":8},"end":{"line":624,"column":47}},"186":{"start":{"line":625,"column":13},"end":{"line":629,"column":7}},"187":{"start":{"line":626,"column":8},"end":{"line":626,"column":49}},"188":{"start":{"line":628,"column":8},"end":{"line":628,"column":46}},"189":{"start":{"line":631,"column":6},"end":{"line":631,"column":37}},"190":{"start":{"line":636,"column":2},"end":{"line":636,"column":67}},"191":{"start":{"line":636,"column":30},"end":{"line":636,"column":65}},"192":{"start":{"line":638,"column":2},"end":{"line":638,"column":22}},"193":{"start":{"line":646,"column":20},"end":{"line":659,"column":3}},"194":{"start":{"line":649,"column":37},"end":{"line":649,"column":96}},"195":{"start":{"line":650,"column":39},"end":{"line":650,"column":162}},"196":{"start":{"line":651,"column":36},"end":{"line":651,"column":96}},"197":{"start":{"line":655,"column":37},"end":{"line":655,"column":65}},"198":{"start":{"line":656,"column":39},"end":{"line":656,"column":69}},"199":{"start":{"line":657,"column":36},"end":{"line":657,"column":63}},"200":{"start":{"line":662,"column":23},"end":{"line":662,"column":25}},"201":{"start":{"line":663,"column":2},"end":{"line":667,"column":5}},"202":{"start":{"line":664,"column":4},"end":{"line":666,"column":7}},"203":{"start":{"line":665,"column":6},"end":{"line":665,"column":75}},"204":{"start":{"line":669,"column":2},"end":{"line":669,"column":42}},"205":{"start":{"line":671,"column":2},"end":{"line":671,"column":19}},"206":{"start":{"line":677,"column":29},"end":{"line":695,"column":1}},"207":{"start":{"line":681,"column":4},"end":{"line":681,"column":39}},"208":{"start":{"line":687,"column":4},"end":{"line":687,"column":49}},"209":{"start":{"line":693,"column":4},"end":{"line":693,"column":48}},"210":{"start":{"line":697,"column":0},"end":{"line":707,"column":2}}},"fnMap":{"0":{"name":"(anonymous_0)","decl":{"start":{"line":187,"column":2},"end":{"line":187,"column":3}},"loc":{"start":{"line":187,"column":39},"end":{"line":194,"column":3}},"line":187},"1":{"name":"(anonymous_1)","decl":{"start":{"line":196,"column":2},"end":{"line":196,"column":3}},"loc":{"start":{"line":196,"column":53},"end":{"line":203,"column":3}},"line":196},"2":{"name":"(anonymous_2)","decl":{"start":{"line":205,"column":2},"end":{"line":205,"column":3}},"loc":{"start":{"line":205,"column":28},"end":{"line":207,"column":3}},"line":205},"3":{"name":"calculateDirectMatchScore","decl":{"start":{"line":214,"column":9},"end":{"line":214,"column":34}},"loc":{"start":{"line":214,"column":55},"end":{"line":276,"column":1}},"line":214},"4":{"name":"(anonymous_4)","decl":{"start":{"line":219,"column":63},"end":{"line":219,"column":64}},"loc":{"start":{"line":219,"column":71},"end":{"line":225,"column":3}},"line":219},"5":{"name":"(anonymous_5)","decl":{"start":{"line":221,"column":53},"end":{"line":221,"column":54}},"loc":{"start":{"line":221,"column":65},"end":{"line":224,"column":5}},"line":221},"6":{"name":"(anonymous_6)","decl":{"start":{"line":238,"column":59},"end":{"line":238,"column":60}},"loc":{"start":{"line":238,"column":70},"end":{"line":244,"column":3}},"line":238},"7":{"name":"(anonymous_7)","decl":{"start":{"line":240,"column":53},"end":{"line":240,"column":54}},"loc":{"start":{"line":240,"column":65},"end":{"line":243,"column":5}},"line":240},"8":{"name":"(anonymous_8)","decl":{"start":{"line":258,"column":53},"end":{"line":258,"column":54}},"loc":{"start":{"line":259,"column":6},"end":{"line":261,"column":7}},"line":259},"9":{"name":"(anonymous_9)","decl":{"start":{"line":259,"column":25},"end":{"line":259,"column":26}},"loc":{"start":{"line":260,"column":8},"end":{"line":260,"column":64}},"line":260},"10":{"name":"calculateIndustryIntelligenceScore","decl":{"start":{"line":282,"column":9},"end":{"line":282,"column":43}},"loc":{"start":{"line":282,"column":64},"end":{"line":342,"column":1}},"line":282},"11":{"name":"(anonymous_11)","decl":{"start":{"line":294,"column":70},"end":{"line":294,"column":71}},"loc":{"start":{"line":294,"column":78},"end":{"line":297,"column":3}},"line":294},"12":{"name":"(anonymous_12)","decl":{"start":{"line":310,"column":68},"end":{"line":310,"column":69}},"loc":{"start":{"line":310,"column":76},"end":{"line":313,"column":3}},"line":310},"13":{"name":"(anonymous_13)","decl":{"start":{"line":326,"column":72},"end":{"line":326,"column":73}},"loc":{"start":{"line":326,"column":80},"end":{"line":329,"column":3}},"line":326},"14":{"name":"calculateGeographicIntelligenceScore","decl":{"start":{"line":348,"column":9},"end":{"line":348,"column":45}},"loc":{"start":{"line":348,"column":66},"end":{"line":411,"column":1}},"line":348},"15":{"name":"(anonymous_15)","decl":{"start":{"line":360,"column":75},"end":{"line":360,"column":76}},"loc":{"start":{"line":360,"column":92},"end":{"line":363,"column":9}},"line":360},"16":{"name":"(anonymous_16)","decl":{"start":{"line":376,"column":75},"end":{"line":376,"column":76}},"loc":{"start":{"line":376,"column":83},"end":{"line":379,"column":9}},"line":376},"17":{"name":"(anonymous_17)","decl":{"start":{"line":392,"column":77},"end":{"line":392,"column":78}},"loc":{"start":{"line":392,"column":85},"end":{"line":395,"column":9}},"line":392},"18":{"name":"calculateBusinessUnitIntelligenceScore","decl":{"start":{"line":417,"column":9},"end":{"line":417,"column":47}},"loc":{"start":{"line":417,"column":68},"end":{"line":478,"column":1}},"line":417},"19":{"name":"(anonymous_19)","decl":{"start":{"line":427,"column":72},"end":{"line":427,"column":73}},"loc":{"start":{"line":427,"column":84},"end":{"line":431,"column":7}},"line":427},"20":{"name":"(anonymous_20)","decl":{"start":{"line":428,"column":57},"end":{"line":428,"column":58}},"loc":{"start":{"line":429,"column":10},"end":{"line":429,"column":70}},"line":429},"21":{"name":"(anonymous_21)","decl":{"start":{"line":444,"column":72},"end":{"line":444,"column":73}},"loc":{"start":{"line":444,"column":80},"end":{"line":447,"column":7}},"line":444},"22":{"name":"(anonymous_22)","decl":{"start":{"line":460,"column":72},"end":{"line":460,"column":73}},"loc":{"start":{"line":460,"column":80},"end":{"line":463,"column":7}},"line":460},"23":{"name":"calculateRiskCorrelationScore","decl":{"start":{"line":484,"column":9},"end":{"line":484,"column":38}},"loc":{"start":{"line":484,"column":59},"end":{"line":531,"column":1}},"line":484},"24":{"name":"(anonymous_24)","decl":{"start":{"line":496,"column":69},"end":{"line":496,"column":70}},"loc":{"start":{"line":496,"column":80},"end":{"line":500,"column":9}},"line":496},"25":{"name":"(anonymous_25)","decl":{"start":{"line":497,"column":54},"end":{"line":497,"column":55}},"loc":{"start":{"line":498,"column":12},"end":{"line":498,"column":78}},"line":498},"26":{"name":"(anonymous_26)","decl":{"start":{"line":513,"column":70},"end":{"line":513,"column":71}},"loc":{"start":{"line":514,"column":10},"end":{"line":514,"column":77}},"line":514},"27":{"name":"applyBoosters","decl":{"start":{"line":536,"column":9},"end":{"line":536,"column":22}},"loc":{"start":{"line":536,"column":41},"end":{"line":553,"column":1}},"line":536},"28":{"name":"generateRationale","decl":{"start":{"line":558,"column":9},"end":{"line":558,"column":26}},"loc":{"start":{"line":558,"column":48},"end":{"line":574,"column":1}},"line":558},"29":{"name":"(anonymous_29)","decl":{"start":{"line":563,"column":37},"end":{"line":563,"column":38}},"loc":{"start":{"line":563,"column":47},"end":{"line":563,"column":66}},"line":563},"30":{"name":"(anonymous_30)","decl":{"start":{"line":567,"column":46},"end":{"line":567,"column":47}},"loc":{"start":{"line":567,"column":51},"end":{"line":567,"column":64}},"line":567},"31":{"name":"scoreEvents","decl":{"start":{"line":580,"column":9},"end":{"line":580,"column":20}},"loc":{"start":{"line":580,"column":51},"end":{"line":639,"column":1}},"line":580},"32":{"name":"(anonymous_32)","decl":{"start":{"line":617,"column":25},"end":{"line":617,"column":26}},"loc":{"start":{"line":617,"column":35},"end":{"line":619,"column":7}},"line":617},"33":{"name":"(anonymous_33)","decl":{"start":{"line":622,"column":49},"end":{"line":622,"column":50}},"loc":{"start":{"line":622,"column":54},"end":{"line":622,"column":76}},"line":622},"34":{"name":"(anonymous_34)","decl":{"start":{"line":636,"column":20},"end":{"line":636,"column":21}},"loc":{"start":{"line":636,"column":30},"end":{"line":636,"column":65}},"line":636},"35":{"name":"getScoringAnalytics","decl":{"start":{"line":645,"column":9},"end":{"line":645,"column":28}},"loc":{"start":{"line":645,"column":43},"end":{"line":672,"column":1}},"line":645},"36":{"name":"(anonymous_36)","decl":{"start":{"line":649,"column":32},"end":{"line":649,"column":33}},"loc":{"start":{"line":649,"column":37},"end":{"line":649,"column":96}},"line":649},"37":{"name":"(anonymous_37)","decl":{"start":{"line":650,"column":34},"end":{"line":650,"column":35}},"loc":{"start":{"line":650,"column":39},"end":{"line":650,"column":162}},"line":650},"38":{"name":"(anonymous_38)","decl":{"start":{"line":651,"column":31},"end":{"line":651,"column":32}},"loc":{"start":{"line":651,"column":36},"end":{"line":651,"column":96}},"line":651},"39":{"name":"(anonymous_39)","decl":{"start":{"line":655,"column":32},"end":{"line":655,"column":33}},"loc":{"start":{"line":655,"column":37},"end":{"line":655,"column":65}},"line":655},"40":{"name":"(anonymous_40)","decl":{"start":{"line":656,"column":34},"end":{"line":656,"column":35}},"loc":{"start":{"line":656,"column":39},"end":{"line":656,"column":69}},"line":656},"41":{"name":"(anonymous_41)","decl":{"start":{"line":657,"column":31},"end":{"line":657,"column":32}},"loc":{"start":{"line":657,"column":36},"end":{"line":657,"column":63}},"line":657},"42":{"name":"(anonymous_42)","decl":{"start":{"line":663,"column":23},"end":{"line":663,"column":24}},"loc":{"start":{"line":663,"column":32},"end":{"line":667,"column":3}},"line":663},"43":{"name":"(anonymous_43)","decl":{"start":{"line":664,"column":38},"end":{"line":664,"column":39}},"loc":{"start":{"line":664,"column":48},"end":{"line":666,"column":5}},"line":664},"44":{"name":"(anonymous_44)","decl":{"start":{"line":679,"column":32},"end":{"line":679,"column":33}},"loc":{"start":{"line":679,"column":62},"end":{"line":682,"column":3}},"line":679},"45":{"name":"(anonymous_45)","decl":{"start":{"line":685,"column":26},"end":{"line":685,"column":27}},"loc":{"start":{"line":685,"column":56},"end":{"line":688,"column":3}},"line":685},"46":{"name":"(anonymous_46)","decl":{"start":{"line":691,"column":23},"end":{"line":691,"column":24}},"loc":{"start":{"line":691,"column":60},"end":{"line":694,"column":3}},"line":691}},"branchMap":{"0":{"loc":{"start":{"line":221,"column":11},"end":{"line":224,"column":6}},"type":"binary-expr","locations":[{"start":{"line":221,"column":11},"end":{"line":221,"column":27}},{"start":{"line":221,"column":31},"end":{"line":224,"column":6}}],"line":221},"1":{"loc":{"start":{"line":223,"column":13},"end":{"line":223,"column":79}},"type":"binary-expr","locations":[{"start":{"line":223,"column":13},"end":{"line":223,"column":44}},{"start":{"line":223,"column":48},"end":{"line":223,"column":79}}],"line":223},"2":{"loc":{"start":{"line":227,"column":2},"end":{"line":235,"column":3}},"type":"if","locations":[{"start":{"line":227,"column":2},"end":{"line":235,"column":3}},{"start":{},"end":{}}],"line":227},"3":{"loc":{"start":{"line":240,"column":11},"end":{"line":243,"column":6}},"type":"binary-expr","locations":[{"start":{"line":240,"column":11},"end":{"line":240,"column":27}},{"start":{"line":240,"column":31},"end":{"line":243,"column":6}}],"line":240},"4":{"loc":{"start":{"line":242,"column":13},"end":{"line":242,"column":93}},"type":"binary-expr","locations":[{"start":{"line":242,"column":13},"end":{"line":242,"column":51}},{"start":{"line":242,"column":55},"end":{"line":242,"column":93}}],"line":242},"5":{"loc":{"start":{"line":246,"column":2},"end":{"line":254,"column":3}},"type":"if","locations":[{"start":{"line":246,"column":2},"end":{"line":254,"column":3}},{"start":{},"end":{}}],"line":246},"6":{"loc":{"start":{"line":257,"column":2},"end":{"line":273,"column":3}},"type":"if","locations":[{"start":{"line":257,"column":2},"end":{"line":273,"column":3}},{"start":{},"end":{}}],"line":257},"7":{"loc":{"start":{"line":257,"column":6},"end":{"line":257,"column":42}},"type":"binary-expr","locations":[{"start":{"line":257,"column":6},"end":{"line":257,"column":25}},{"start":{"line":257,"column":29},"end":{"line":257,"column":42}}],"line":257},"8":{"loc":{"start":{"line":264,"column":4},"end":{"line":272,"column":5}},"type":"if","locations":[{"start":{"line":264,"column":4},"end":{"line":272,"column":5}},{"start":{},"end":{}}],"line":264},"9":{"loc":{"start":{"line":289,"column":2},"end":{"line":291,"column":3}},"type":"if","locations":[{"start":{"line":289,"column":2},"end":{"line":291,"column":3}},{"start":{},"end":{}}],"line":289},"10":{"loc":{"start":{"line":299,"column":2},"end":{"line":307,"column":3}},"type":"if","locations":[{"start":{"line":299,"column":2},"end":{"line":307,"column":3}},{"start":{},"end":{}}],"line":299},"11":{"loc":{"start":{"line":315,"column":2},"end":{"line":323,"column":3}},"type":"if","locations":[{"start":{"line":315,"column":2},"end":{"line":323,"column":3}},{"start":{},"end":{}}],"line":315},"12":{"loc":{"start":{"line":331,"column":2},"end":{"line":339,"column":3}},"type":"if","locations":[{"start":{"line":331,"column":2},"end":{"line":339,"column":3}},{"start":{},"end":{}}],"line":331},"13":{"loc":{"start":{"line":353,"column":2},"end":{"line":408,"column":3}},"type":"if","locations":[{"start":{"line":353,"column":2},"end":{"line":408,"column":3}},{"start":{},"end":{}}],"line":353},"14":{"loc":{"start":{"line":358,"column":6},"end":{"line":406,"column":7}},"type":"if","locations":[{"start":{"line":358,"column":6},"end":{"line":406,"column":7}},{"start":{},"end":{}}],"line":358},"15":{"loc":{"start":{"line":365,"column":8},"end":{"line":373,"column":9}},"type":"if","locations":[{"start":{"line":365,"column":8},"end":{"line":373,"column":9}},{"start":{},"end":{}}],"line":365},"16":{"loc":{"start":{"line":381,"column":8},"end":{"line":389,"column":9}},"type":"if","locations":[{"start":{"line":381,"column":8},"end":{"line":389,"column":9}},{"start":{},"end":{}}],"line":381},"17":{"loc":{"start":{"line":397,"column":8},"end":{"line":405,"column":9}},"type":"if","locations":[{"start":{"line":397,"column":8},"end":{"line":405,"column":9}},{"start":{},"end":{}}],"line":397},"18":{"loc":{"start":{"line":425,"column":4},"end":{"line":474,"column":5}},"type":"if","locations":[{"start":{"line":425,"column":4},"end":{"line":474,"column":5}},{"start":{},"end":{}}],"line":425},"19":{"loc":{"start":{"line":428,"column":15},"end":{"line":430,"column":9}},"type":"binary-expr","locations":[{"start":{"line":428,"column":15},"end":{"line":428,"column":31}},{"start":{"line":428,"column":35},"end":{"line":430,"column":9}}],"line":428},"20":{"loc":{"start":{"line":433,"column":6},"end":{"line":441,"column":7}},"type":"if","locations":[{"start":{"line":433,"column":6},"end":{"line":441,"column":7}},{"start":{},"end":{}}],"line":433},"21":{"loc":{"start":{"line":449,"column":6},"end":{"line":457,"column":7}},"type":"if","locations":[{"start":{"line":449,"column":6},"end":{"line":457,"column":7}},{"start":{},"end":{}}],"line":449},"22":{"loc":{"start":{"line":465,"column":6},"end":{"line":473,"column":7}},"type":"if","locations":[{"start":{"line":465,"column":6},"end":{"line":473,"column":7}},{"start":{},"end":{}}],"line":465},"23":{"loc":{"start":{"line":489,"column":2},"end":{"line":528,"column":3}},"type":"if","locations":[{"start":{"line":489,"column":2},"end":{"line":528,"column":3}},{"start":{},"end":{}}],"line":489},"24":{"loc":{"start":{"line":494,"column":6},"end":{"line":526,"column":7}},"type":"if","locations":[{"start":{"line":494,"column":6},"end":{"line":526,"column":7}},{"start":{},"end":{}}],"line":494},"25":{"loc":{"start":{"line":502,"column":8},"end":{"line":510,"column":9}},"type":"if","locations":[{"start":{"line":502,"column":8},"end":{"line":510,"column":9}},{"start":{},"end":{}}],"line":502},"26":{"loc":{"start":{"line":517,"column":8},"end":{"line":525,"column":9}},"type":"if","locations":[{"start":{"line":517,"column":8},"end":{"line":525,"column":9}},{"start":{},"end":{}}],"line":517},"27":{"loc":{"start":{"line":540,"column":2},"end":{"line":542,"column":3}},"type":"if","locations":[{"start":{"line":540,"column":2},"end":{"line":542,"column":3}},{"start":{},"end":{}}],"line":540},"28":{"loc":{"start":{"line":540,"column":6},"end":{"line":540,"column":82}},"type":"binary-expr","locations":[{"start":{"line":540,"column":6},"end":{"line":540,"column":20}},{"start":{"line":540,"column":24},"end":{"line":540,"column":82}}],"line":540},"29":{"loc":{"start":{"line":545,"column":2},"end":{"line":550,"column":3}},"type":"if","locations":[{"start":{"line":545,"column":2},"end":{"line":550,"column":3}},{"start":{},"end":{}}],"line":545},"30":{"loc":{"start":{"line":545,"column":6},"end":{"line":545,"column":70}},"type":"binary-expr","locations":[{"start":{"line":545,"column":6},"end":{"line":545,"column":31}},{"start":{"line":545,"column":35},"end":{"line":545,"column":70}}],"line":545},"31":{"loc":{"start":{"line":547,"column":4},"end":{"line":549,"column":5}},"type":"if","locations":[{"start":{"line":547,"column":4},"end":{"line":549,"column":5}},{"start":{},"end":{}}],"line":547},"32":{"loc":{"start":{"line":559,"column":2},"end":{"line":561,"column":3}},"type":"if","locations":[{"start":{"line":559,"column":2},"end":{"line":561,"column":3}},{"start":{},"end":{}}],"line":559},"33":{"loc":{"start":{"line":569,"column":2},"end":{"line":571,"column":3}},"type":"if","locations":[{"start":{"line":569,"column":2},"end":{"line":571,"column":3}},{"start":{},"end":{}}],"line":569},"34":{"loc":{"start":{"line":603,"column":4},"end":{"line":632,"column":5}},"type":"if","locations":[{"start":{"line":603,"column":4},"end":{"line":632,"column":5}},{"start":{},"end":{}}],"line":603},"35":{"loc":{"start":{"line":623,"column":6},"end":{"line":629,"column":7}},"type":"if","locations":[{"start":{"line":623,"column":6},"end":{"line":629,"column":7}},{"start":{"line":625,"column":13},"end":{"line":629,"column":7}}],"line":623},"36":{"loc":{"start":{"line":625,"column":13},"end":{"line":629,"column":7}},"type":"if","locations":[{"start":{"line":625,"column":13},"end":{"line":629,"column":7}},{"start":{"line":627,"column":13},"end":{"line":629,"column":7}}],"line":625},"37":{"loc":{"start":{"line":650,"column":39},"end":{"line":650,"column":162}},"type":"binary-expr","locations":[{"start":{"line":650,"column":39},"end":{"line":650,"column":100}},{"start":{"line":650,"column":104},"end":{"line":650,"column":162}}],"line":650},"38":{"loc":{"start":{"line":665,"column":37},"end":{"line":665,"column":69}},"type":"binary-expr","locations":[{"start":{"line":665,"column":37},"end":{"line":665,"column":64}},{"start":{"line":665,"column":68},"end":{"line":665,"column":69}}],"line":665}},"s":{"0":1,"1":1,"2":1,"3":1,"4":1,"5":1,"6":28,"7":28,"8":28,"9":28,"10":28,"11":28,"12":158,"13":26,"14":26,"15":26,"16":26,"17":48,"18":48,"19":134,"20":134,"21":26,"22":26,"23":26,"24":26,"25":26,"26":74,"27":74,"28":180,"29":180,"30":26,"31":26,"32":26,"33":26,"34":26,"35":26,"36":56,"37":64,"38":26,"39":26,"40":26,"41":26,"42":26,"43":26,"44":26,"45":26,"46":26,"47":26,"48":0,"49":26,"50":148,"51":148,"52":26,"53":10,"54":10,"55":10,"56":26,"57":100,"58":100,"59":26,"60":9,"61":9,"62":9,"63":26,"64":82,"65":82,"66":26,"67":0,"68":0,"69":0,"70":26,"71":26,"72":26,"73":26,"74":26,"75":56,"76":56,"77":56,"78":8,"79":36,"80":36,"81":8,"82":2,"83":2,"84":2,"85":8,"86":24,"87":24,"88":8,"89":7,"90":7,"91":7,"92":8,"93":24,"94":24,"95":8,"96":0,"97":0,"98":0,"99":26,"100":26,"101":26,"102":26,"103":48,"104":48,"105":48,"106":48,"107":192,"108":484,"109":48,"110":42,"111":42,"112":42,"113":48,"114":144,"115":144,"116":48,"117":11,"118":11,"119":11,"120":48,"121":144,"122":144,"123":48,"124":0,"125":0,"126":0,"127":26,"128":26,"129":26,"130":26,"131":26,"132":76,"133":76,"134":76,"135":0,"136":0,"137":0,"138":0,"139":0,"140":0,"141":0,"142":0,"143":0,"144":0,"145":0,"146":0,"147":0,"148":26,"149":26,"150":26,"151":26,"152":26,"153":25,"154":25,"155":25,"156":26,"157":25,"158":0,"159":25,"160":285,"161":25,"162":25,"163":25,"164":75,"165":25,"166":25,"167":25,"168":16,"169":16,"170":26,"171":26,"172":26,"173":26,"174":26,"175":26,"176":26,"177":26,"178":25,"179":25,"180":25,"181":156,"182":25,"183":156,"184":25,"185":23,"186":2,"187":2,"188":0,"189":25,"190":16,"191":16,"192":16,"193":1,"194":5,"195":5,"196":5,"197":5,"198":5,"199":5,"200":1,"201":1,"202":5,"203":29,"204":1,"205":1,"206":1,"207":0,"208":0,"209":0,"210":1},"f":{"0":28,"1":158,"2":26,"3":26,"4":48,"5":134,"6":74,"7":180,"8":56,"9":64,"10":26,"11":148,"12":100,"13":82,"14":26,"15":36,"16":24,"17":24,"18":26,"19":192,"20":484,"21":144,"22":144,"23":26,"24":0,"25":0,"26":0,"27":26,"28":25,"29":285,"30":75,"31":16,"32":156,"33":156,"34":16,"35":1,"36":5,"37":5,"38":5,"39":5,"40":5,"41":5,"42":5,"43":29,"44":0,"45":0,"46":0},"b":{"0":[48,48],"1":[134,131],"2":[26,0],"3":[74,74],"4":[180,180],"5":[26,0],"6":[26,0],"7":[26,26],"8":[26,0],"9":[0,26],"10":[10,16],"11":[9,17],"12":[0,26],"13":[26,0],"14":[8,48],"15":[2,6],"16":[7,1],"17":[0,8],"18":[48,0],"19":[192,192],"20":[42,6],"21":[11,37],"22":[0,48],"23":[26,0],"24":[0,76],"25":[0,0],"26":[0,0],"27":[26,0],"28":[26,26],"29":[25,1],"30":[26,25],"31":[25,0],"32":[0,25],"33":[25,0],"34":[25,1],"35":[23,2],"36":[2,0],"37":[5,0],"38":[29,7]},"_coverageSchema":"1a1c01bbd47fc00a2c39e90264f33305004495a9","hash":"ca75cc1411f778866462773b233440d8306d215e"}
,"C:\\25\\All Code\\my-app-backend\\utils\\userProfile.js": {"path":"C:\\25\\All Code\\my-app-backend\\utils\\userProfile.js","statementMap":{"0":{"start":{"line":11,"column":28},"end":{"line":41,"column":1}},"1":{"start":{"line":12,"column":17},"end":{"line":12,"column":19}},"2":{"start":{"line":15,"column":25},"end":{"line":15,"column":100}},"3":{"start":{"line":17,"column":2},"end":{"line":21,"column":5}},"4":{"start":{"line":18,"column":4},"end":{"line":20,"column":5}},"5":{"start":{"line":19,"column":6},"end":{"line":19,"column":42}},"6":{"start":{"line":24,"column":2},"end":{"line":26,"column":3}},"7":{"start":{"line":25,"column":4},"end":{"line":25,"column":49}},"8":{"start":{"line":28,"column":2},"end":{"line":30,"column":3}},"9":{"start":{"line":29,"column":4},"end":{"line":29,"column":50}},"10":{"start":{"line":33,"column":2},"end":{"line":35,"column":3}},"11":{"start":{"line":34,"column":4},"end":{"line":34,"column":62}},"12":{"start":{"line":37,"column":2},"end":{"line":40,"column":4}},"13":{"start":{"line":49,"column":32},"end":{"line":143,"column":1}},"14":{"start":{"line":51,"column":2},"end":{"line":53,"column":3}},"15":{"start":{"line":52,"column":4},"end":{"line":52,"column":13}},"16":{"start":{"line":55,"column":14},"end":{"line":55,"column":15}},"17":{"start":{"line":56,"column":20},"end":{"line":56,"column":21}},"18":{"start":{"line":59,"column":2},"end":{"line":79,"column":3}},"19":{"start":{"line":60,"column":32},"end":{"line":73,"column":13}},"20":{"start":{"line":61,"column":6},"end":{"line":61,"column":44}},"21":{"start":{"line":61,"column":31},"end":{"line":61,"column":44}},"22":{"start":{"line":62,"column":23},"end":{"line":62,"column":46}},"23":{"start":{"line":63,"column":6},"end":{"line":72,"column":9}},"24":{"start":{"line":64,"column":29},"end":{"line":64,"column":51}},"25":{"start":{"line":66,"column":8},"end":{"line":71,"column":80}},"26":{"start":{"line":75,"column":4},"end":{"line":78,"column":5}},"27":{"start":{"line":76,"column":6},"end":{"line":76,"column":78}},"28":{"start":{"line":77,"column":6},"end":{"line":77,"column":25}},"29":{"start":{"line":82,"column":2},"end":{"line":103,"column":3}},"30":{"start":{"line":83,"column":27},"end":{"line":97,"column":13}},"31":{"start":{"line":84,"column":6},"end":{"line":84,"column":54}},"32":{"start":{"line":84,"column":41},"end":{"line":84,"column":54}},"33":{"start":{"line":85,"column":30},"end":{"line":85,"column":60}},"34":{"start":{"line":86,"column":6},"end":{"line":96,"column":9}},"35":{"start":{"line":87,"column":29},"end":{"line":87,"column":51}},"36":{"start":{"line":89,"column":8},"end":{"line":95,"column":109}},"37":{"start":{"line":99,"column":4},"end":{"line":102,"column":5}},"38":{"start":{"line":100,"column":6},"end":{"line":100,"column":74}},"39":{"start":{"line":101,"column":6},"end":{"line":101,"column":25}},"40":{"start":{"line":106,"column":2},"end":{"line":117,"column":3}},"41":{"start":{"line":107,"column":26},"end":{"line":111,"column":12}},"42":{"start":{"line":108,"column":6},"end":{"line":110,"column":7}},"43":{"start":{"line":109,"column":8},"end":{"line":109,"column":64}},"44":{"start":{"line":113,"column":4},"end":{"line":116,"column":5}},"45":{"start":{"line":114,"column":6},"end":{"line":114,"column":66}},"46":{"start":{"line":115,"column":6},"end":{"line":115,"column":25}},"47":{"start":{"line":120,"column":2},"end":{"line":139,"column":3}},"48":{"start":{"line":121,"column":22},"end":{"line":121,"column":73}},"49":{"start":{"line":122,"column":30},"end":{"line":124,"column":10}},"50":{"start":{"line":123,"column":46},"end":{"line":123,"column":55}},"51":{"start":{"line":125,"column":30},"end":{"line":127,"column":10}},"52":{"start":{"line":126,"column":50},"end":{"line":126,"column":66}},"53":{"start":{"line":128,"column":24},"end":{"line":128,"column":81}},"54":{"start":{"line":130,"column":25},"end":{"line":130,"column":79}},"55":{"start":{"line":130,"column":63},"end":{"line":130,"column":78}},"56":{"start":{"line":131,"column":26},"end":{"line":133,"column":12}},"57":{"start":{"line":132,"column":6},"end":{"line":132,"column":49}},"58":{"start":{"line":135,"column":4},"end":{"line":138,"column":5}},"59":{"start":{"line":136,"column":6},"end":{"line":136,"column":59}},"60":{"start":{"line":137,"column":6},"end":{"line":137,"column":25}},"61":{"start":{"line":142,"column":2},"end":{"line":142,"column":51}},"62":{"start":{"line":145,"column":0},"end":{"line":148,"column":2}}},"fnMap":{"0":{"name":"(anonymous_0)","decl":{"start":{"line":11,"column":28},"end":{"line":11,"column":29}},"loc":{"start":{"line":11,"column":41},"end":{"line":41,"column":1}},"line":11},"1":{"name":"(anonymous_1)","decl":{"start":{"line":17,"column":25},"end":{"line":17,"column":26}},"loc":{"start":{"line":17,"column":34},"end":{"line":21,"column":3}},"line":17},"2":{"name":"(anonymous_2)","decl":{"start":{"line":49,"column":32},"end":{"line":49,"column":33}},"loc":{"start":{"line":49,"column":56},"end":{"line":143,"column":1}},"line":49},"3":{"name":"(anonymous_3)","decl":{"start":{"line":60,"column":65},"end":{"line":60,"column":66}},"loc":{"start":{"line":60,"column":73},"end":{"line":73,"column":5}},"line":60},"4":{"name":"(anonymous_4)","decl":{"start":{"line":63,"column":55},"end":{"line":63,"column":56}},"loc":{"start":{"line":63,"column":67},"end":{"line":72,"column":7}},"line":63},"5":{"name":"(anonymous_5)","decl":{"start":{"line":83,"column":61},"end":{"line":83,"column":62}},"loc":{"start":{"line":83,"column":72},"end":{"line":97,"column":5}},"line":83},"6":{"name":"(anonymous_6)","decl":{"start":{"line":86,"column":55},"end":{"line":86,"column":56}},"loc":{"start":{"line":86,"column":67},"end":{"line":96,"column":7}},"line":86},"7":{"name":"(anonymous_7)","decl":{"start":{"line":107,"column":53},"end":{"line":107,"column":54}},"loc":{"start":{"line":108,"column":6},"end":{"line":110,"column":7}},"line":108},"8":{"name":"(anonymous_8)","decl":{"start":{"line":108,"column":25},"end":{"line":108,"column":26}},"loc":{"start":{"line":109,"column":8},"end":{"line":109,"column":64}},"line":109},"9":{"name":"(anonymous_9)","decl":{"start":{"line":123,"column":38},"end":{"line":123,"column":39}},"loc":{"start":{"line":123,"column":46},"end":{"line":123,"column":55}},"line":123},"10":{"name":"(anonymous_10)","decl":{"start":{"line":126,"column":39},"end":{"line":126,"column":40}},"loc":{"start":{"line":126,"column":50},"end":{"line":126,"column":66}},"line":126},"11":{"name":"(anonymous_11)","decl":{"start":{"line":130,"column":55},"end":{"line":130,"column":56}},"loc":{"start":{"line":130,"column":63},"end":{"line":130,"column":78}},"line":130},"12":{"name":"(anonymous_12)","decl":{"start":{"line":131,"column":46},"end":{"line":131,"column":47}},"loc":{"start":{"line":132,"column":6},"end":{"line":132,"column":49}},"line":132}},"branchMap":{"0":{"loc":{"start":{"line":18,"column":4},"end":{"line":20,"column":5}},"type":"if","locations":[{"start":{"line":18,"column":4},"end":{"line":20,"column":5}},{"start":{},"end":{}}],"line":18},"1":{"loc":{"start":{"line":24,"column":2},"end":{"line":26,"column":3}},"type":"if","locations":[{"start":{"line":24,"column":2},"end":{"line":26,"column":3}},{"start":{},"end":{}}],"line":24},"2":{"loc":{"start":{"line":24,"column":6},"end":{"line":24,"column":65}},"type":"binary-expr","locations":[{"start":{"line":24,"column":6},"end":{"line":24,"column":27}},{"start":{"line":24,"column":31},"end":{"line":24,"column":65}}],"line":24},"3":{"loc":{"start":{"line":28,"column":2},"end":{"line":30,"column":3}},"type":"if","locations":[{"start":{"line":28,"column":2},"end":{"line":30,"column":3}},{"start":{},"end":{}}],"line":28},"4":{"loc":{"start":{"line":28,"column":6},"end":{"line":28,"column":67}},"type":"binary-expr","locations":[{"start":{"line":28,"column":6},"end":{"line":28,"column":28}},{"start":{"line":28,"column":32},"end":{"line":28,"column":67}}],"line":28},"5":{"loc":{"start":{"line":33,"column":2},"end":{"line":35,"column":3}},"type":"if","locations":[{"start":{"line":33,"column":2},"end":{"line":35,"column":3}},{"start":{},"end":{}}],"line":33},"6":{"loc":{"start":{"line":33,"column":6},"end":{"line":33,"column":89}},"type":"binary-expr","locations":[{"start":{"line":33,"column":6},"end":{"line":33,"column":27}},{"start":{"line":33,"column":31},"end":{"line":33,"column":89}}],"line":33},"7":{"loc":{"start":{"line":51,"column":2},"end":{"line":53,"column":3}},"type":"if","locations":[{"start":{"line":51,"column":2},"end":{"line":53,"column":3}},{"start":{},"end":{}}],"line":51},"8":{"loc":{"start":{"line":51,"column":6},"end":{"line":51,"column":28}},"type":"binary-expr","locations":[{"start":{"line":51,"column":6},"end":{"line":51,"column":18}},{"start":{"line":51,"column":22},"end":{"line":51,"column":28}}],"line":51},"9":{"loc":{"start":{"line":59,"column":2},"end":{"line":79,"column":3}},"type":"if","locations":[{"start":{"line":59,"column":2},"end":{"line":79,"column":3}},{"start":{},"end":{}}],"line":59},"10":{"loc":{"start":{"line":59,"column":6},"end":{"line":59,"column":75}},"type":"binary-expr","locations":[{"start":{"line":59,"column":6},"end":{"line":59,"column":31}},{"start":{"line":59,"column":35},"end":{"line":59,"column":75}}],"line":59},"11":{"loc":{"start":{"line":61,"column":6},"end":{"line":61,"column":44}},"type":"if","locations":[{"start":{"line":61,"column":6},"end":{"line":61,"column":44}},{"start":{},"end":{}}],"line":61},"12":{"loc":{"start":{"line":61,"column":10},"end":{"line":61,"column":29}},"type":"binary-expr","locations":[{"start":{"line":61,"column":10},"end":{"line":61,"column":15}},{"start":{"line":61,"column":19},"end":{"line":61,"column":29}}],"line":61},"13":{"loc":{"start":{"line":63,"column":13},"end":{"line":72,"column":8}},"type":"binary-expr","locations":[{"start":{"line":63,"column":13},"end":{"line":63,"column":29}},{"start":{"line":63,"column":33},"end":{"line":72,"column":8}}],"line":63},"14":{"loc":{"start":{"line":66,"column":15},"end":{"line":71,"column":79}},"type":"binary-expr","locations":[{"start":{"line":66,"column":15},"end":{"line":66,"column":46}},{"start":{"line":66,"column":50},"end":{"line":66,"column":81}},{"start":{"line":68,"column":16},"end":{"line":68,"column":50}},{"start":{"line":68,"column":54},"end":{"line":68,"column":89}},{"start":{"line":69,"column":16},"end":{"line":69,"column":49}},{"start":{"line":69,"column":53},"end":{"line":69,"column":90}},{"start":{"line":70,"column":16},"end":{"line":70,"column":42}},{"start":{"line":70,"column":46},"end":{"line":70,"column":81}},{"start":{"line":71,"column":16},"end":{"line":71,"column":39}},{"start":{"line":71,"column":43},"end":{"line":71,"column":78}}],"line":66},"15":{"loc":{"start":{"line":75,"column":4},"end":{"line":78,"column":5}},"type":"if","locations":[{"start":{"line":75,"column":4},"end":{"line":78,"column":5}},{"start":{},"end":{}}],"line":75},"16":{"loc":{"start":{"line":82,"column":2},"end":{"line":103,"column":3}},"type":"if","locations":[{"start":{"line":82,"column":2},"end":{"line":103,"column":3}},{"start":{},"end":{}}],"line":82},"17":{"loc":{"start":{"line":82,"column":6},"end":{"line":82,"column":77}},"type":"binary-expr","locations":[{"start":{"line":82,"column":6},"end":{"line":82,"column":32}},{"start":{"line":82,"column":36},"end":{"line":82,"column":77}}],"line":82},"18":{"loc":{"start":{"line":84,"column":6},"end":{"line":84,"column":54}},"type":"if","locations":[{"start":{"line":84,"column":6},"end":{"line":84,"column":54}},{"start":{},"end":{}}],"line":84},"19":{"loc":{"start":{"line":84,"column":10},"end":{"line":84,"column":39}},"type":"binary-expr","locations":[{"start":{"line":84,"column":10},"end":{"line":84,"column":18}},{"start":{"line":84,"column":22},"end":{"line":84,"column":39}}],"line":84},"20":{"loc":{"start":{"line":86,"column":13},"end":{"line":96,"column":8}},"type":"binary-expr","locations":[{"start":{"line":86,"column":13},"end":{"line":86,"column":29}},{"start":{"line":86,"column":33},"end":{"line":96,"column":8}}],"line":86},"21":{"loc":{"start":{"line":89,"column":15},"end":{"line":95,"column":108}},"type":"binary-expr","locations":[{"start":{"line":89,"column":15},"end":{"line":89,"column":53}},{"start":{"line":89,"column":57},"end":{"line":89,"column":95}},{"start":{"line":91,"column":16},"end":{"line":91,"column":58}},{"start":{"line":91,"column":62},"end":{"line":91,"column":92}},{"start":{"line":92,"column":16},"end":{"line":92,"column":53}},{"start":{"line":92,"column":57},"end":{"line":92,"column":91}},{"start":{"line":93,"column":16},"end":{"line":93,"column":68}},{"start":{"line":93,"column":72},"end":{"line":93,"column":109}},{"start":{"line":94,"column":16},"end":{"line":94,"column":62}},{"start":{"line":94,"column":66},"end":{"line":94,"column":101}},{"start":{"line":95,"column":16},"end":{"line":95,"column":65}},{"start":{"line":95,"column":69},"end":{"line":95,"column":107}}],"line":89},"22":{"loc":{"start":{"line":99,"column":4},"end":{"line":102,"column":5}},"type":"if","locations":[{"start":{"line":99,"column":4},"end":{"line":102,"column":5}},{"start":{},"end":{}}],"line":99},"23":{"loc":{"start":{"line":106,"column":2},"end":{"line":117,"column":3}},"type":"if","locations":[{"start":{"line":106,"column":2},"end":{"line":117,"column":3}},{"start":{},"end":{}}],"line":106},"24":{"loc":{"start":{"line":106,"column":6},"end":{"line":106,"column":112}},"type":"binary-expr","locations":[{"start":{"line":106,"column":6},"end":{"line":106,"column":25}},{"start":{"line":106,"column":29},"end":{"line":106,"column":63}},{"start":{"line":106,"column":67},"end":{"line":106,"column":80}},{"start":{"line":106,"column":84},"end":{"line":106,"column":112}}],"line":106},"25":{"loc":{"start":{"line":113,"column":4},"end":{"line":116,"column":5}},"type":"if","locations":[{"start":{"line":113,"column":4},"end":{"line":116,"column":5}},{"start":{},"end":{}}],"line":113},"26":{"loc":{"start":{"line":120,"column":2},"end":{"line":139,"column":3}},"type":"if","locations":[{"start":{"line":120,"column":2},"end":{"line":139,"column":3}},{"start":{},"end":{}}],"line":120},"27":{"loc":{"start":{"line":120,"column":6},"end":{"line":120,"column":38}},"type":"binary-expr","locations":[{"start":{"line":120,"column":6},"end":{"line":120,"column":17}},{"start":{"line":120,"column":21},"end":{"line":120,"column":38}}],"line":120},"28":{"loc":{"start":{"line":122,"column":30},"end":{"line":124,"column":10}},"type":"cond-expr","locations":[{"start":{"line":123,"column":8},"end":{"line":123,"column":66}},{"start":{"line":124,"column":8},"end":{"line":124,"column":10}}],"line":122},"29":{"loc":{"start":{"line":122,"column":30},"end":{"line":122,"column":99}},"type":"binary-expr","locations":[{"start":{"line":122,"column":30},"end":{"line":122,"column":55}},{"start":{"line":122,"column":59},"end":{"line":122,"column":99}}],"line":122},"30":{"loc":{"start":{"line":125,"column":30},"end":{"line":127,"column":10}},"type":"cond-expr","locations":[{"start":{"line":126,"column":8},"end":{"line":126,"column":77}},{"start":{"line":127,"column":8},"end":{"line":127,"column":10}}],"line":125},"31":{"loc":{"start":{"line":125,"column":30},"end":{"line":125,"column":101}},"type":"binary-expr","locations":[{"start":{"line":125,"column":30},"end":{"line":125,"column":56}},{"start":{"line":125,"column":60},"end":{"line":125,"column":101}}],"line":125},"32":{"loc":{"start":{"line":132,"column":6},"end":{"line":132,"column":49}},"type":"binary-expr","locations":[{"start":{"line":132,"column":6},"end":{"line":132,"column":21}},{"start":{"line":132,"column":25},"end":{"line":132,"column":49}}],"line":132},"33":{"loc":{"start":{"line":135,"column":4},"end":{"line":138,"column":5}},"type":"if","locations":[{"start":{"line":135,"column":4},"end":{"line":138,"column":5}},{"start":{},"end":{}}],"line":135},"34":{"loc":{"start":{"line":142,"column":9},"end":{"line":142,"column":50}},"type":"cond-expr","locations":[{"start":{"line":142,"column":27},"end":{"line":142,"column":46}},{"start":{"line":142,"column":49},"end":{"line":142,"column":50}}],"line":142}},"s":{"0":3,"1":5,"2":5,"3":5,"4":30,"5":14,"6":5,"7":1,"8":5,"9":0,"10":5,"11":1,"12":5,"13":3,"14":35,"15":3,"16":32,"17":32,"18":32,"19":31,"20":58,"21":4,"22":54,"23":54,"24":59,"25":59,"26":31,"27":30,"28":30,"29":32,"30":31,"31":85,"32":4,"33":81,"34":81,"35":88,"36":88,"37":31,"38":30,"39":30,"40":32,"41":29,"42":81,"43":83,"44":29,"45":28,"46":28,"47":32,"48":32,"49":32,"50":58,"51":32,"52":85,"53":32,"54":32,"55":282,"56":32,"57":270,"58":32,"59":27,"60":27,"61":32,"62":3},"f":{"0":5,"1":30,"2":35,"3":58,"4":59,"5":85,"6":88,"7":81,"8":83,"9":58,"10":85,"11":282,"12":270},"b":{"0":[14,16],"1":[1,4],"2":[5,4],"3":[0,5],"4":[5,4],"5":[1,4],"6":[5,4],"7":[3,32],"8":[35,33],"9":[31,1],"10":[32,31],"11":[4,54],"12":[58,58],"13":[54,52],"14":[59,58,41,0,41,0,41,0,41,0],"15":[30,1],"16":[31,1],"17":[32,31],"18":[4,81],"19":[85,85],"20":[81,78],"21":[88,87,83,0,83,0,83,0,83,28,81,25],"22":[30,1],"23":[29,3],"24":[32,31,31,29],"25":[28,1],"26":[32,0],"27":[32,32],"28":[31,1],"29":[32,31],"30":[31,1],"31":[32,31],"32":[270,270],"33":[27,5],"34":[30,2]},"_coverageSchema":"1a1c01bbd47fc00a2c39e90264f33305004495a9","hash":"98194770bad9e452ec12273b6848a2307290c3ee"}
}
