{"C:\\25\\All Code\\my-app-backend\\server.js": {"path":"C:\\25\\All Code\\my-app-backend\\server.js","statementMap":{"0":{"start":{"line":2,"column":16},"end":{"line":2,"column":34}},"1":{"start":{"line":3,"column":13},"end":{"line":3,"column":28}},"2":{"start":{"line":4,"column":15},"end":{"line":4,"column":32}},"3":{"start":{"line":5,"column":15},"end":{"line":5,"column":32}},"4":{"start":{"line":6,"column":0},"end":{"line":6,"column":27}},"5":{"start":{"line":8,"column":25},"end":{"line":8,"column":55}},"6":{"start":{"line":9,"column":26},"end":{"line":9,"column":57}},"7":{"start":{"line":11,"column":12},"end":{"line":11,"column":21}},"8":{"start":{"line":12,"column":13},"end":{"line":12,"column":37}},"9":{"start":{"line":15,"column":0},"end":{"line":15,"column":18}},"10":{"start":{"line":18,"column":0},"end":{"line":18,"column":28}},"11":{"start":{"line":21,"column":0},"end":{"line":24,"column":4}},"12":{"start":{"line":27,"column":0},"end":{"line":27,"column":41}},"13":{"start":{"line":28,"column":0},"end":{"line":28,"column":48}},"14":{"start":{"line":31,"column":0},"end":{"line":37,"column":3}},"15":{"start":{"line":32,"column":2},"end":{"line":36,"column":5}},"16":{"start":{"line":40,"column":0},"end":{"line":40,"column":34}},"17":{"start":{"line":41,"column":0},"end":{"line":41,"column":35}},"18":{"start":{"line":44,"column":0},"end":{"line":51,"column":3}},"19":{"start":{"line":45,"column":2},"end":{"line":45,"column":31}},"20":{"start":{"line":46,"column":2},"end":{"line":50,"column":5}},"21":{"start":{"line":54,"column":0},"end":{"line":59,"column":3}},"22":{"start":{"line":55,"column":2},"end":{"line":58,"column":5}},"23":{"start":{"line":61,"column":0},"end":{"line":64,"column":3}},"24":{"start":{"line":62,"column":2},"end":{"line":62,"column":68}},"25":{"start":{"line":63,"column":2},"end":{"line":63,"column":71}},"26":{"start":{"line":66,"column":0},"end":{"line":66,"column":21}}},"fnMap":{"0":{"name":"(anonymous_0)","decl":{"start":{"line":31,"column":19},"end":{"line":31,"column":20}},"loc":{"start":{"line":31,"column":33},"end":{"line":37,"column":1}},"line":31},"1":{"name":"(anonymous_1)","decl":{"start":{"line":44,"column":8},"end":{"line":44,"column":9}},"loc":{"start":{"line":44,"column":33},"end":{"line":51,"column":1}},"line":44},"2":{"name":"(anonymous_2)","decl":{"start":{"line":54,"column":13},"end":{"line":54,"column":14}},"loc":{"start":{"line":54,"column":27},"end":{"line":59,"column":1}},"line":54},"3":{"name":"(anonymous_3)","decl":{"start":{"line":61,"column":17},"end":{"line":61,"column":18}},"loc":{"start":{"line":61,"column":23},"end":{"line":64,"column":1}},"line":61}},"branchMap":{"0":{"loc":{"start":{"line":12,"column":13},"end":{"line":12,"column":37}},"type":"binary-expr","locations":[{"start":{"line":12,"column":13},"end":{"line":12,"column":29}},{"start":{"line":12,"column":33},"end":{"line":12,"column":37}}],"line":12},"1":{"loc":{"start":{"line":22,"column":10},"end":{"line":22,"column":61}},"type":"binary-expr","locations":[{"start":{"line":22,"column":10},"end":{"line":22,"column":34}},{"start":{"line":22,"column":38},"end":{"line":22,"column":61}}],"line":22},"2":{"loc":{"start":{"line":49,"column":11},"end":{"line":49,"column":75}},"type":"cond-expr","locations":[{"start":{"line":49,"column":52},"end":{"line":49,"column":63}},{"start":{"line":49,"column":66},"end":{"line":49,"column":75}}],"line":49},"3":{"loc":{"start":{"line":63,"column":30},"end":{"line":63,"column":67}},"type":"binary-expr","locations":[{"start":{"line":63,"column":30},"end":{"line":63,"column":50}},{"start":{"line":63,"column":54},"end":{"line":63,"column":67}}],"line":63}},"s":{"0":0,"1":0,"2":0,"3":0,"4":0,"5":0,"6":0,"7":0,"8":0,"9":0,"10":0,"11":0,"12":0,"13":0,"14":0,"15":0,"16":0,"17":0,"18":0,"19":0,"20":0,"21":0,"22":0,"23":0,"24":0,"25":0,"26":0},"f":{"0":0,"1":0,"2":0,"3":0},"b":{"0":[0,0],"1":[0,0],"2":[0,0],"3":[0,0]}}
,"C:\\25\\All Code\\my-app-backend\\routes\\onboarding.js": {"path":"C:\\25\\All Code\\my-app-backend\\routes\\onboarding.js","statementMap":{"0":{"start":{"line":2,"column":16},"end":{"line":2,"column":34}},"1":{"start":{"line":3,"column":15},"end":{"line":3,"column":31}},"2":{"start":{"line":5,"column":0},"end":{"line":14,"column":3}},"3":{"start":{"line":6,"column":18},"end":{"line":6,"column":26}},"4":{"start":{"line":8,"column":2},"end":{"line":8,"column":49}},"5":{"start":{"line":13,"column":2},"end":{"line":13,"column":74}},"6":{"start":{"line":16,"column":0},"end":{"line":16,"column":24}}},"fnMap":{"0":{"name":"(anonymous_0)","decl":{"start":{"line":5,"column":34},"end":{"line":5,"column":35}},"loc":{"start":{"line":5,"column":48},"end":{"line":14,"column":1}},"line":5}},"branchMap":{},"s":{"0":0,"1":0,"2":0,"3":0,"4":0,"5":0,"6":0},"f":{"0":0},"b":{}}
,"C:\\25\\All Code\\my-app-backend\\routes\\userProfile.js": {"path":"C:\\25\\All Code\\my-app-backend\\routes\\userProfile.js","statementMap":{"0":{"start":{"line":1,"column":16},"end":{"line":1,"column":34}},"1":{"start":{"line":2,"column":57},"end":{"line":2,"column":88}},"2":{"start":{"line":4,"column":15},"end":{"line":4,"column":31}},"3":{"start":{"line":7,"column":19},"end":{"line":7,"column":21}},"4":{"start":{"line":8,"column":25},"end":{"line":8,"column":27}},"5":{"start":{"line":14,"column":0},"end":{"line":62,"column":3}},"6":{"start":{"line":15,"column":2},"end":{"line":61,"column":3}},"7":{"start":{"line":16,"column":20},"end":{"line":16,"column":28}},"8":{"start":{"line":19,"column":23},"end":{"line":19,"column":51}},"9":{"start":{"line":21,"column":4},"end":{"line":26,"column":5}},"10":{"start":{"line":22,"column":6},"end":{"line":25,"column":9}},"11":{"start":{"line":29,"column":26},"end":{"line":29,"column":78}},"12":{"start":{"line":29,"column":54},"end":{"line":29,"column":77}},"13":{"start":{"line":31,"column":4},"end":{"line":47,"column":5}},"14":{"start":{"line":33,"column":6},"end":{"line":37,"column":8}},"15":{"start":{"line":40,"column":25},"end":{"line":45,"column":7}},"16":{"start":{"line":46,"column":6},"end":{"line":46,"column":36}},"17":{"start":{"line":49,"column":4},"end":{"line":53,"column":7}},"18":{"start":{"line":56,"column":4},"end":{"line":56,"column":57}},"19":{"start":{"line":57,"column":4},"end":{"line":60,"column":7}},"20":{"start":{"line":68,"column":0},"end":{"line":92,"column":3}},"21":{"start":{"line":69,"column":2},"end":{"line":91,"column":3}},"22":{"start":{"line":70,"column":19},"end":{"line":70,"column":29}},"23":{"start":{"line":71,"column":20},"end":{"line":71,"column":55}},"24":{"start":{"line":71,"column":43},"end":{"line":71,"column":54}},"25":{"start":{"line":73,"column":4},"end":{"line":78,"column":5}},"26":{"start":{"line":74,"column":6},"end":{"line":77,"column":9}},"27":{"start":{"line":80,"column":4},"end":{"line":83,"column":7}},"28":{"start":{"line":86,"column":4},"end":{"line":86,"column":57}},"29":{"start":{"line":87,"column":4},"end":{"line":90,"column":7}},"30":{"start":{"line":98,"column":0},"end":{"line":134,"column":3}},"31":{"start":{"line":99,"column":2},"end":{"line":133,"column":3}},"32":{"start":{"line":100,"column":19},"end":{"line":100,"column":29}},"33":{"start":{"line":101,"column":32},"end":{"line":101,"column":41}},"34":{"start":{"line":103,"column":20},"end":{"line":103,"column":55}},"35":{"start":{"line":103,"column":43},"end":{"line":103,"column":54}},"36":{"start":{"line":105,"column":4},"end":{"line":110,"column":5}},"37":{"start":{"line":106,"column":6},"end":{"line":109,"column":9}},"38":{"start":{"line":113,"column":27},"end":{"line":119,"column":58}},"39":{"start":{"line":114,"column":21},"end":{"line":117,"column":7}},"40":{"start":{"line":118,"column":23},"end":{"line":118,"column":68}},"41":{"start":{"line":119,"column":22},"end":{"line":119,"column":57}},"42":{"start":{"line":121,"column":4},"end":{"line":125,"column":7}},"43":{"start":{"line":128,"column":4},"end":{"line":128,"column":60}},"44":{"start":{"line":129,"column":4},"end":{"line":132,"column":7}},"45":{"start":{"line":140,"column":0},"end":{"line":175,"column":3}},"46":{"start":{"line":141,"column":2},"end":{"line":174,"column":3}},"47":{"start":{"line":142,"column":18},"end":{"line":142,"column":26}},"48":{"start":{"line":145,"column":4},"end":{"line":150,"column":5}},"49":{"start":{"line":146,"column":6},"end":{"line":149,"column":9}},"50":{"start":{"line":152,"column":21},"end":{"line":158,"column":5}},"51":{"start":{"line":160,"column":4},"end":{"line":160,"column":38}},"52":{"start":{"line":162,"column":4},"end":{"line":166,"column":7}},"53":{"start":{"line":169,"column":4},"end":{"line":169,"column":50}},"54":{"start":{"line":170,"column":4},"end":{"line":173,"column":7}},"55":{"start":{"line":181,"column":0},"end":{"line":196,"column":3}},"56":{"start":{"line":182,"column":2},"end":{"line":195,"column":3}},"57":{"start":{"line":183,"column":4},"end":{"line":187,"column":7}},"58":{"start":{"line":190,"column":4},"end":{"line":190,"column":51}},"59":{"start":{"line":191,"column":4},"end":{"line":194,"column":7}},"60":{"start":{"line":198,"column":0},"end":{"line":198,"column":24}}},"fnMap":{"0":{"name":"(anonymous_0)","decl":{"start":{"line":14,"column":29},"end":{"line":14,"column":30}},"loc":{"start":{"line":14,"column":43},"end":{"line":62,"column":1}},"line":14},"1":{"name":"(anonymous_1)","decl":{"start":{"line":29,"column":49},"end":{"line":29,"column":50}},"loc":{"start":{"line":29,"column":54},"end":{"line":29,"column":77}},"line":29},"2":{"name":"(anonymous_2)","decl":{"start":{"line":68,"column":32},"end":{"line":68,"column":33}},"loc":{"start":{"line":68,"column":46},"end":{"line":92,"column":1}},"line":68},"3":{"name":"(anonymous_3)","decl":{"start":{"line":71,"column":38},"end":{"line":71,"column":39}},"loc":{"start":{"line":71,"column":43},"end":{"line":71,"column":54}},"line":71},"4":{"name":"(anonymous_4)","decl":{"start":{"line":98,"column":48},"end":{"line":98,"column":49}},"loc":{"start":{"line":98,"column":62},"end":{"line":134,"column":1}},"line":98},"5":{"name":"(anonymous_5)","decl":{"start":{"line":103,"column":38},"end":{"line":103,"column":39}},"loc":{"start":{"line":103,"column":43},"end":{"line":103,"column":54}},"line":103},"6":{"name":"(anonymous_6)","decl":{"start":{"line":114,"column":11},"end":{"line":114,"column":12}},"loc":{"start":{"line":114,"column":21},"end":{"line":117,"column":7}},"line":114},"7":{"name":"(anonymous_7)","decl":{"start":{"line":118,"column":14},"end":{"line":118,"column":15}},"loc":{"start":{"line":118,"column":23},"end":{"line":118,"column":68}},"line":118},"8":{"name":"(anonymous_8)","decl":{"start":{"line":119,"column":12},"end":{"line":119,"column":13}},"loc":{"start":{"line":119,"column":22},"end":{"line":119,"column":57}},"line":119},"9":{"name":"(anonymous_9)","decl":{"start":{"line":140,"column":23},"end":{"line":140,"column":24}},"loc":{"start":{"line":140,"column":37},"end":{"line":175,"column":1}},"line":140},"10":{"name":"(anonymous_10)","decl":{"start":{"line":181,"column":22},"end":{"line":181,"column":23}},"loc":{"start":{"line":181,"column":36},"end":{"line":196,"column":1}},"line":181}},"branchMap":{"0":{"loc":{"start":{"line":21,"column":4},"end":{"line":26,"column":5}},"type":"if","locations":[{"start":{"line":21,"column":4},"end":{"line":26,"column":5}},{"start":{},"end":{}}],"line":21},"1":{"loc":{"start":{"line":31,"column":4},"end":{"line":47,"column":5}},"type":"if","locations":[{"start":{"line":31,"column":4},"end":{"line":47,"column":5}},{"start":{"line":38,"column":11},"end":{"line":47,"column":5}}],"line":31},"2":{"loc":{"start":{"line":51,"column":15},"end":{"line":51,"column":99}},"type":"cond-expr","locations":[{"start":{"line":51,"column":36},"end":{"line":51,"column":66}},{"start":{"line":51,"column":69},"end":{"line":51,"column":99}}],"line":51},"3":{"loc":{"start":{"line":52,"column":15},"end":{"line":52,"column":103}},"type":"cond-expr","locations":[{"start":{"line":52,"column":36},"end":{"line":52,"column":63}},{"start":{"line":52,"column":66},"end":{"line":52,"column":103}}],"line":52},"4":{"loc":{"start":{"line":73,"column":4},"end":{"line":78,"column":5}},"type":"if","locations":[{"start":{"line":73,"column":4},"end":{"line":78,"column":5}},{"start":{},"end":{}}],"line":73},"5":{"loc":{"start":{"line":101,"column":12},"end":{"line":101,"column":27}},"type":"default-arg","locations":[{"start":{"line":101,"column":24},"end":{"line":101,"column":27}}],"line":101},"6":{"loc":{"start":{"line":105,"column":4},"end":{"line":110,"column":5}},"type":"if","locations":[{"start":{"line":105,"column":4},"end":{"line":110,"column":5}},{"start":{},"end":{}}],"line":105},"7":{"loc":{"start":{"line":145,"column":4},"end":{"line":150,"column":5}},"type":"if","locations":[{"start":{"line":145,"column":4},"end":{"line":150,"column":5}},{"start":{},"end":{}}],"line":145},"8":{"loc":{"start":{"line":145,"column":8},"end":{"line":145,"column":42}},"type":"binary-expr","locations":[{"start":{"line":145,"column":8},"end":{"line":145,"column":20}},{"start":{"line":145,"column":24},"end":{"line":145,"column":42}}],"line":145},"9":{"loc":{"start":{"line":156,"column":18},"end":{"line":156,"column":40}},"type":"binary-expr","locations":[{"start":{"line":156,"column":18},"end":{"line":156,"column":34}},{"start":{"line":156,"column":38},"end":{"line":156,"column":40}}],"line":156},"10":{"loc":{"start":{"line":157,"column":15},"end":{"line":157,"column":34}},"type":"binary-expr","locations":[{"start":{"line":157,"column":15},"end":{"line":157,"column":28}},{"start":{"line":157,"column":32},"end":{"line":157,"column":34}}],"line":157}},"s":{"0":1,"1":1,"2":1,"3":1,"4":1,"5":1,"6":7,"7":7,"8":7,"9":7,"10":1,"11":6,"12":12,"13":6,"14":1,"15":5,"16":5,"17":6,"18":0,"19":0,"20":1,"21":2,"22":2,"23":2,"24":6,"25":2,"26":1,"27":1,"28":0,"29":0,"30":1,"31":2,"32":2,"33":2,"34":2,"35":9,"36":2,"37":0,"38":2,"39":4,"40":4,"41":0,"42":2,"43":0,"44":0,"45":1,"46":6,"47":6,"48":6,"49":1,"50":5,"51":5,"52":5,"53":0,"54":0,"55":1,"56":1,"57":1,"58":0,"59":0,"60":1},"f":{"0":7,"1":12,"2":2,"3":6,"4":2,"5":9,"6":4,"7":4,"8":0,"9":6,"10":1},"b":{"0":[1,6],"1":[1,5],"2":[1,5],"3":[1,5],"4":[1,1],"5":[0],"6":[0,2],"7":[1,5],"8":[6,6],"9":[5,0],"10":[5,0]},"_coverageSchema":"1a1c01bbd47fc00a2c39e90264f33305004495a9","hash":"9133f365022feaa7b4fa8e59a833e836461eea97"}
,"C:\\25\\All Code\\my-app-backend\\utils\\userProfile.js": {"path":"C:\\25\\All Code\\my-app-backend\\utils\\userProfile.js","statementMap":{"0":{"start":{"line":11,"column":28},"end":{"line":41,"column":1}},"1":{"start":{"line":12,"column":17},"end":{"line":12,"column":19}},"2":{"start":{"line":15,"column":25},"end":{"line":15,"column":76}},"3":{"start":{"line":17,"column":2},"end":{"line":21,"column":5}},"4":{"start":{"line":18,"column":4},"end":{"line":20,"column":5}},"5":{"start":{"line":19,"column":6},"end":{"line":19,"column":42}},"6":{"start":{"line":24,"column":2},"end":{"line":26,"column":3}},"7":{"start":{"line":25,"column":4},"end":{"line":25,"column":49}},"8":{"start":{"line":28,"column":2},"end":{"line":30,"column":3}},"9":{"start":{"line":29,"column":4},"end":{"line":29,"column":50}},"10":{"start":{"line":33,"column":2},"end":{"line":35,"column":3}},"11":{"start":{"line":34,"column":4},"end":{"line":34,"column":62}},"12":{"start":{"line":37,"column":2},"end":{"line":40,"column":4}},"13":{"start":{"line":49,"column":32},"end":{"line":107,"column":1}},"14":{"start":{"line":50,"column":14},"end":{"line":50,"column":15}},"15":{"start":{"line":51,"column":20},"end":{"line":51,"column":21}},"16":{"start":{"line":54,"column":30},"end":{"line":58,"column":10}},"17":{"start":{"line":55,"column":4},"end":{"line":57,"column":5}},"18":{"start":{"line":56,"column":6},"end":{"line":56,"column":57}},"19":{"start":{"line":60,"column":2},"end":{"line":63,"column":3}},"20":{"start":{"line":61,"column":4},"end":{"line":61,"column":76}},"21":{"start":{"line":62,"column":4},"end":{"line":62,"column":23}},"22":{"start":{"line":66,"column":25},"end":{"line":70,"column":10}},"23":{"start":{"line":67,"column":4},"end":{"line":69,"column":5}},"24":{"start":{"line":68,"column":6},"end":{"line":68,"column":60}},"25":{"start":{"line":72,"column":2},"end":{"line":75,"column":3}},"26":{"start":{"line":73,"column":4},"end":{"line":73,"column":72}},"27":{"start":{"line":74,"column":4},"end":{"line":74,"column":23}},"28":{"start":{"line":78,"column":2},"end":{"line":89,"column":3}},"29":{"start":{"line":79,"column":26},"end":{"line":83,"column":12}},"30":{"start":{"line":80,"column":6},"end":{"line":82,"column":7}},"31":{"start":{"line":81,"column":8},"end":{"line":81,"column":64}},"32":{"start":{"line":85,"column":4},"end":{"line":88,"column":5}},"33":{"start":{"line":86,"column":6},"end":{"line":86,"column":66}},"34":{"start":{"line":87,"column":6},"end":{"line":87,"column":25}},"35":{"start":{"line":92,"column":20},"end":{"line":92,"column":71}},"36":{"start":{"line":93,"column":22},"end":{"line":93,"column":116}},"37":{"start":{"line":95,"column":23},"end":{"line":95,"column":45}},"38":{"start":{"line":96,"column":24},"end":{"line":98,"column":10}},"39":{"start":{"line":97,"column":4},"end":{"line":97,"column":47}},"40":{"start":{"line":100,"column":2},"end":{"line":103,"column":3}},"41":{"start":{"line":101,"column":4},"end":{"line":101,"column":57}},"42":{"start":{"line":102,"column":4},"end":{"line":102,"column":23}},"43":{"start":{"line":106,"column":2},"end":{"line":106,"column":51}},"44":{"start":{"line":109,"column":0},"end":{"line":112,"column":2}}},"fnMap":{"0":{"name":"(anonymous_0)","decl":{"start":{"line":11,"column":28},"end":{"line":11,"column":29}},"loc":{"start":{"line":11,"column":41},"end":{"line":41,"column":1}},"line":11},"1":{"name":"(anonymous_1)","decl":{"start":{"line":17,"column":25},"end":{"line":17,"column":26}},"loc":{"start":{"line":17,"column":34},"end":{"line":21,"column":3}},"line":17},"2":{"name":"(anonymous_2)","decl":{"start":{"line":49,"column":32},"end":{"line":49,"column":33}},"loc":{"start":{"line":49,"column":56},"end":{"line":107,"column":1}},"line":49},"3":{"name":"(anonymous_3)","decl":{"start":{"line":54,"column":63},"end":{"line":54,"column":64}},"loc":{"start":{"line":55,"column":4},"end":{"line":57,"column":5}},"line":55},"4":{"name":"(anonymous_4)","decl":{"start":{"line":55,"column":46},"end":{"line":55,"column":47}},"loc":{"start":{"line":56,"column":6},"end":{"line":56,"column":57}},"line":56},"5":{"name":"(anonymous_5)","decl":{"start":{"line":66,"column":59},"end":{"line":66,"column":60}},"loc":{"start":{"line":67,"column":4},"end":{"line":69,"column":5}},"line":67},"6":{"name":"(anonymous_6)","decl":{"start":{"line":67,"column":46},"end":{"line":67,"column":47}},"loc":{"start":{"line":68,"column":6},"end":{"line":68,"column":60}},"line":68},"7":{"name":"(anonymous_7)","decl":{"start":{"line":79,"column":53},"end":{"line":79,"column":54}},"loc":{"start":{"line":80,"column":6},"end":{"line":82,"column":7}},"line":80},"8":{"name":"(anonymous_8)","decl":{"start":{"line":80,"column":25},"end":{"line":80,"column":26}},"loc":{"start":{"line":81,"column":8},"end":{"line":81,"column":64}},"line":81},"9":{"name":"(anonymous_9)","decl":{"start":{"line":96,"column":44},"end":{"line":96,"column":45}},"loc":{"start":{"line":97,"column":4},"end":{"line":97,"column":47}},"line":97}},"branchMap":{"0":{"loc":{"start":{"line":18,"column":4},"end":{"line":20,"column":5}},"type":"if","locations":[{"start":{"line":18,"column":4},"end":{"line":20,"column":5}},{"start":{},"end":{}}],"line":18},"1":{"loc":{"start":{"line":24,"column":2},"end":{"line":26,"column":3}},"type":"if","locations":[{"start":{"line":24,"column":2},"end":{"line":26,"column":3}},{"start":{},"end":{}}],"line":24},"2":{"loc":{"start":{"line":24,"column":6},"end":{"line":24,"column":65}},"type":"binary-expr","locations":[{"start":{"line":24,"column":6},"end":{"line":24,"column":27}},{"start":{"line":24,"column":31},"end":{"line":24,"column":65}}],"line":24},"3":{"loc":{"start":{"line":28,"column":2},"end":{"line":30,"column":3}},"type":"if","locations":[{"start":{"line":28,"column":2},"end":{"line":30,"column":3}},{"start":{},"end":{}}],"line":28},"4":{"loc":{"start":{"line":28,"column":6},"end":{"line":28,"column":67}},"type":"binary-expr","locations":[{"start":{"line":28,"column":6},"end":{"line":28,"column":28}},{"start":{"line":28,"column":32},"end":{"line":28,"column":67}}],"line":28},"5":{"loc":{"start":{"line":33,"column":2},"end":{"line":35,"column":3}},"type":"if","locations":[{"start":{"line":33,"column":2},"end":{"line":35,"column":3}},{"start":{},"end":{}}],"line":33},"6":{"loc":{"start":{"line":33,"column":6},"end":{"line":33,"column":89}},"type":"binary-expr","locations":[{"start":{"line":33,"column":6},"end":{"line":33,"column":27}},{"start":{"line":33,"column":31},"end":{"line":33,"column":89}}],"line":33},"7":{"loc":{"start":{"line":55,"column":4},"end":{"line":57,"column":5}},"type":"binary-expr","locations":[{"start":{"line":55,"column":4},"end":{"line":55,"column":20}},{"start":{"line":55,"column":24},"end":{"line":57,"column":5}}],"line":55},"8":{"loc":{"start":{"line":60,"column":2},"end":{"line":63,"column":3}},"type":"if","locations":[{"start":{"line":60,"column":2},"end":{"line":63,"column":3}},{"start":{},"end":{}}],"line":60},"9":{"loc":{"start":{"line":67,"column":4},"end":{"line":69,"column":5}},"type":"binary-expr","locations":[{"start":{"line":67,"column":4},"end":{"line":67,"column":20}},{"start":{"line":67,"column":24},"end":{"line":69,"column":5}}],"line":67},"10":{"loc":{"start":{"line":72,"column":2},"end":{"line":75,"column":3}},"type":"if","locations":[{"start":{"line":72,"column":2},"end":{"line":75,"column":3}},{"start":{},"end":{}}],"line":72},"11":{"loc":{"start":{"line":78,"column":2},"end":{"line":89,"column":3}},"type":"if","locations":[{"start":{"line":78,"column":2},"end":{"line":89,"column":3}},{"start":{},"end":{}}],"line":78},"12":{"loc":{"start":{"line":78,"column":6},"end":{"line":78,"column":42}},"type":"binary-expr","locations":[{"start":{"line":78,"column":6},"end":{"line":78,"column":25}},{"start":{"line":78,"column":29},"end":{"line":78,"column":42}}],"line":78},"13":{"loc":{"start":{"line":85,"column":4},"end":{"line":88,"column":5}},"type":"if","locations":[{"start":{"line":85,"column":4},"end":{"line":88,"column":5}},{"start":{},"end":{}}],"line":85},"14":{"loc":{"start":{"line":97,"column":4},"end":{"line":97,"column":47}},"type":"binary-expr","locations":[{"start":{"line":97,"column":4},"end":{"line":97,"column":19}},{"start":{"line":97,"column":23},"end":{"line":97,"column":47}}],"line":97},"15":{"loc":{"start":{"line":100,"column":2},"end":{"line":103,"column":3}},"type":"if","locations":[{"start":{"line":100,"column":2},"end":{"line":103,"column":3}},{"start":{},"end":{}}],"line":100},"16":{"loc":{"start":{"line":106,"column":9},"end":{"line":106,"column":50}},"type":"cond-expr","locations":[{"start":{"line":106,"column":27},"end":{"line":106,"column":46}},{"start":{"line":106,"column":49},"end":{"line":106,"column":50}}],"line":106}},"s":{"0":2,"1":14,"2":14,"3":14,"4":56,"5":4,"6":14,"7":1,"8":14,"9":0,"10":14,"11":1,"12":14,"13":2,"14":8,"15":8,"16":8,"17":10,"18":16,"19":8,"20":7,"21":7,"22":8,"23":10,"24":18,"25":8,"26":7,"27":7,"28":8,"29":7,"30":7,"31":7,"32":7,"33":6,"34":6,"35":8,"36":8,"37":8,"38":8,"39":37,"40":8,"41":8,"42":8,"43":8,"44":2},"f":{"0":14,"1":56,"2":8,"3":10,"4":16,"5":10,"6":18,"7":7,"8":7,"9":37},"b":{"0":[4,52],"1":[1,13],"2":[14,12],"3":[0,14],"4":[14,12],"5":[1,13],"6":[14,7],"7":[10,9],"8":[7,1],"9":[10,9],"10":[7,1],"11":[7,1],"12":[8,8],"13":[6,1],"14":[37,35],"15":[8,0],"16":[8,0]},"_coverageSchema":"1a1c01bbd47fc00a2c39e90264f33305004495a9","hash":"0d504d5f2aabc45664eaf5ce440576ca8ca5ed96"}
}
