TN:
SF:server.js
FN:31,(anonymous_0)
FN:44,(anonymous_1)
FN:54,(anonymous_2)
FN:61,(anonymous_3)
FNF:4
FNH:0
FNDA:0,(anonymous_0)
FNDA:0,(anonymous_1)
FNDA:0,(anonymous_2)
FNDA:0,(anonymous_3)
DA:2,0
DA:3,0
DA:4,0
DA:5,0
DA:6,0
DA:8,0
DA:9,0
DA:11,0
DA:12,0
DA:15,0
DA:18,0
DA:21,0
DA:27,0
DA:28,0
DA:31,0
DA:32,0
DA:40,0
DA:41,0
DA:44,0
DA:45,0
DA:46,0
DA:54,0
DA:55,0
DA:61,0
DA:62,0
DA:63,0
DA:66,0
LF:27
LH:0
BRDA:12,0,0,0
BRDA:12,0,1,0
BRDA:22,1,0,0
BRDA:22,1,1,0
BRDA:49,2,0,0
BRDA:49,2,1,0
BRDA:63,3,0,0
BRDA:63,3,1,0
BRF:8
BRH:0
end_of_record
TN:
SF:routes\onboarding.js
FN:5,(anonymous_0)
FNF:1
FNH:0
FNDA:0,(anonymous_0)
DA:2,0
DA:3,0
DA:5,0
DA:6,0
DA:8,0
DA:13,0
DA:16,0
LF:7
LH:0
BRF:0
BRH:0
end_of_record
TN:
SF:routes\userProfile.js
FN:14,(anonymous_0)
FN:29,(anonymous_1)
FN:68,(anonymous_2)
FN:71,(anonymous_3)
FN:98,(anonymous_4)
FN:103,(anonymous_5)
FN:114,(anonymous_6)
FN:118,(anonymous_7)
FN:119,(anonymous_8)
FN:140,(anonymous_9)
FN:181,(anonymous_10)
FNF:11
FNH:10
FNDA:7,(anonymous_0)
FNDA:12,(anonymous_1)
FNDA:2,(anonymous_2)
FNDA:6,(anonymous_3)
FNDA:2,(anonymous_4)
FNDA:9,(anonymous_5)
FNDA:4,(anonymous_6)
FNDA:4,(anonymous_7)
FNDA:0,(anonymous_8)
FNDA:6,(anonymous_9)
FNDA:1,(anonymous_10)
DA:1,1
DA:2,1
DA:4,1
DA:7,1
DA:8,1
DA:14,1
DA:15,7
DA:16,7
DA:19,7
DA:21,7
DA:22,1
DA:29,12
DA:31,6
DA:33,1
DA:40,5
DA:46,5
DA:49,6
DA:56,0
DA:57,0
DA:68,1
DA:69,2
DA:70,2
DA:71,6
DA:73,2
DA:74,1
DA:80,1
DA:86,0
DA:87,0
DA:98,1
DA:99,2
DA:100,2
DA:101,2
DA:103,9
DA:105,2
DA:106,0
DA:113,2
DA:114,4
DA:118,4
DA:119,0
DA:121,2
DA:128,0
DA:129,0
DA:140,1
DA:141,6
DA:142,6
DA:145,6
DA:146,1
DA:152,5
DA:160,5
DA:162,5
DA:169,0
DA:170,0
DA:181,1
DA:182,1
DA:183,1
DA:190,0
DA:191,0
DA:198,1
LF:58
LH:46
BRDA:21,0,0,1
BRDA:21,0,1,6
BRDA:31,1,0,1
BRDA:31,1,1,5
BRDA:51,2,0,1
BRDA:51,2,1,5
BRDA:52,3,0,1
BRDA:52,3,1,5
BRDA:73,4,0,1
BRDA:73,4,1,1
BRDA:101,5,0,0
BRDA:105,6,0,0
BRDA:105,6,1,2
BRDA:145,7,0,1
BRDA:145,7,1,5
BRDA:145,8,0,6
BRDA:145,8,1,6
BRDA:156,9,0,5
BRDA:156,9,1,0
BRDA:157,10,0,5
BRDA:157,10,1,0
BRF:21
BRH:17
end_of_record
TN:
SF:utils\userProfile.js
FN:11,(anonymous_0)
FN:17,(anonymous_1)
FN:49,(anonymous_2)
FN:54,(anonymous_3)
FN:55,(anonymous_4)
FN:66,(anonymous_5)
FN:67,(anonymous_6)
FN:79,(anonymous_7)
FN:80,(anonymous_8)
FN:96,(anonymous_9)
FNF:10
FNH:10
FNDA:14,(anonymous_0)
FNDA:56,(anonymous_1)
FNDA:8,(anonymous_2)
FNDA:10,(anonymous_3)
FNDA:16,(anonymous_4)
FNDA:10,(anonymous_5)
FNDA:18,(anonymous_6)
FNDA:7,(anonymous_7)
FNDA:7,(anonymous_8)
FNDA:37,(anonymous_9)
DA:11,2
DA:12,14
DA:15,14
DA:17,14
DA:18,56
DA:19,4
DA:24,14
DA:25,1
DA:28,14
DA:29,0
DA:33,14
DA:34,1
DA:37,14
DA:49,2
DA:50,8
DA:51,8
DA:54,8
DA:55,10
DA:56,16
DA:60,8
DA:61,7
DA:62,7
DA:66,8
DA:67,10
DA:68,18
DA:72,8
DA:73,7
DA:74,7
DA:78,8
DA:79,7
DA:80,7
DA:81,7
DA:85,7
DA:86,6
DA:87,6
DA:92,8
DA:93,8
DA:95,8
DA:96,8
DA:97,37
DA:100,8
DA:101,8
DA:102,8
DA:106,8
DA:109,2
LF:45
LH:44
BRDA:18,0,0,4
BRDA:18,0,1,52
BRDA:24,1,0,1
BRDA:24,1,1,13
BRDA:24,2,0,14
BRDA:24,2,1,12
BRDA:28,3,0,0
BRDA:28,3,1,14
BRDA:28,4,0,14
BRDA:28,4,1,12
BRDA:33,5,0,1
BRDA:33,5,1,13
BRDA:33,6,0,14
BRDA:33,6,1,7
BRDA:55,7,0,10
BRDA:55,7,1,9
BRDA:60,8,0,7
BRDA:60,8,1,1
BRDA:67,9,0,10
BRDA:67,9,1,9
BRDA:72,10,0,7
BRDA:72,10,1,1
BRDA:78,11,0,7
BRDA:78,11,1,1
BRDA:78,12,0,8
BRDA:78,12,1,8
BRDA:85,13,0,6
BRDA:85,13,1,1
BRDA:97,14,0,37
BRDA:97,14,1,35
BRDA:100,15,0,8
BRDA:100,15,1,0
BRDA:106,16,0,8
BRDA:106,16,1,0
BRF:34
BRH:31
end_of_record
