TN:
SF:models\CrisisCommunication.js
FN:341,(anonymous_0)
FN:346,(anonymous_1)
FN:352,(anonymous_2)
FN:353,(anonymous_3)
FN:354,(anonymous_4)
FN:360,(anonymous_5)
FN:363,(anonymous_6)
FNF:7
FNH:0
FNDA:0,(anonymous_0)
FNDA:0,(anonymous_1)
FNDA:0,(anonymous_2)
FNDA:0,(anonymous_3)
FNDA:0,(anonymous_4)
FNDA:0,(anonymous_5)
FNDA:0,(anonymous_6)
DA:1,12
DA:3,12
DA:334,12
DA:335,12
DA:336,12
DA:337,12
DA:338,12
DA:341,12
DA:343,0
DA:346,0
DA:347,0
DA:348,0
DA:351,0
DA:352,0
DA:353,0
DA:354,0
DA:356,0
DA:357,0
DA:359,0
DA:360,0
DA:362,0
DA:363,0
DA:368,0
DA:371,0
DA:372,0
DA:375,0
DA:378,12
LF:27
LH:9
BRDA:348,0,0,0
BRDA:348,0,1,0
BRDA:351,1,0,0
BRDA:351,1,1,0
BRDA:356,2,0,0
BRDA:356,2,1,0
BRDA:362,3,0,0
BRDA:362,3,1,0
BRDA:371,4,0,0
BRDA:371,4,1,0
BRDA:371,5,0,0
BRDA:371,5,1,0
BRF:12
BRH:0
end_of_record
TN:
SF:models\GeopoliticalEvent.js
FNF:0
FNH:0
DA:1,18
DA:3,18
DA:127,18
DA:128,18
DA:129,18
DA:130,18
DA:131,18
DA:133,18
LF:8
LH:8
BRF:0
BRH:0
end_of_record
TN:
SF:models\InMemoryUserOnboarding.js
FN:3,(anonymous_0)
FN:21,(anonymous_1)
FN:28,(anonymous_2)
FN:35,(anonymous_3)
FN:54,(anonymous_4)
FN:60,(anonymous_5)
FN:69,(anonymous_6)
FNF:7
FNH:0
FNDA:0,(anonymous_0)
FNDA:0,(anonymous_1)
FNDA:0,(anonymous_2)
FNDA:0,(anonymous_3)
FNDA:0,(anonymous_4)
FNDA:0,(anonymous_5)
FNDA:0,(anonymous_6)
DA:4,0
DA:5,0
DA:6,0
DA:7,0
DA:13,0
DA:14,0
DA:15,0
DA:16,0
DA:17,0
DA:22,0
DA:23,0
DA:24,0
DA:29,0
DA:30,0
DA:32,0
DA:36,0
DA:38,0
DA:39,0
DA:40,0
DA:42,0
DA:43,0
DA:46,0
DA:47,0
DA:48,0
DA:51,0
DA:55,0
DA:56,0
DA:57,0
DA:61,0
DA:62,0
DA:63,0
DA:65,0
DA:70,0
DA:85,0
DA:87,0
LF:35
LH:0
BRDA:5,0,0,0
BRDA:5,0,1,0
BRDA:6,1,0,0
BRDA:6,1,1,0
BRDA:7,2,0,0
BRDA:7,2,1,0
BRDA:13,3,0,0
BRDA:13,3,1,0
BRDA:14,4,0,0
BRDA:14,4,1,0
BRDA:15,5,0,0
BRDA:15,5,1,0
BRDA:16,6,0,0
BRDA:16,6,1,0
BRDA:17,7,0,0
BRDA:17,7,1,0
BRDA:29,8,0,0
BRDA:29,8,1,0
BRDA:30,9,0,0
BRDA:30,9,1,0
BRDA:35,10,0,0
BRDA:38,11,0,0
BRDA:38,11,1,0
BRDA:38,12,0,0
BRDA:38,12,1,0
BRDA:40,13,0,0
BRDA:40,13,1,0
BRDA:46,14,0,0
BRDA:46,14,1,0
BRDA:48,15,0,0
BRDA:48,15,1,0
BRDA:61,16,0,0
BRDA:61,16,1,0
BRF:33
BRH:0
end_of_record
TN:
SF:models\UserOnboarding.js
FN:246,(anonymous_0)
FN:257,(anonymous_1)
FN:266,(anonymous_2)
FN:275,(anonymous_3)
FN:286,(anonymous_4)
FN:319,(anonymous_5)
FN:320,(anonymous_6)
FN:331,(anonymous_7)
FN:337,(anonymous_8)
FN:351,(anonymous_9)
FN:365,(anonymous_10)
FN:379,(anonymous_11)
FN:395,(anonymous_12)
FN:427,(anonymous_13)
FN:437,(anonymous_14)
FN:447,(anonymous_15)
FNF:16
FNH:0
FNDA:0,(anonymous_0)
FNDA:0,(anonymous_1)
FNDA:0,(anonymous_2)
FNDA:0,(anonymous_3)
FNDA:0,(anonymous_4)
FNDA:0,(anonymous_5)
FNDA:0,(anonymous_6)
FNDA:0,(anonymous_7)
FNDA:0,(anonymous_8)
FNDA:0,(anonymous_9)
FNDA:0,(anonymous_10)
FNDA:0,(anonymous_11)
FNDA:0,(anonymous_12)
FNDA:0,(anonymous_13)
FNDA:0,(anonymous_14)
FNDA:0,(anonymous_15)
DA:1,0
DA:3,0
DA:240,0
DA:241,0
DA:242,0
DA:243,0
DA:246,0
DA:247,0
DA:248,0
DA:251,0
DA:257,0
DA:258,0
DA:259,0
DA:260,0
DA:265,0
DA:266,0
DA:267,0
DA:268,0
DA:269,0
DA:274,0
DA:275,0
DA:276,0
DA:277,0
DA:278,0
DA:282,0
DA:286,0
DA:287,0
DA:319,0
DA:320,0
DA:321,0
DA:322,0
DA:327,0
DA:331,0
DA:332,0
DA:333,0
DA:336,0
DA:337,0
DA:338,0
DA:339,0
DA:350,0
DA:351,0
DA:352,0
DA:353,0
DA:364,0
DA:365,0
DA:366,0
DA:367,0
DA:378,0
DA:379,0
DA:380,0
DA:381,0
DA:391,0
DA:395,0
DA:396,0
DA:423,0
DA:427,0
DA:428,0
DA:431,0
DA:437,0
DA:438,0
DA:439,0
DA:443,0
DA:447,0
DA:448,0
DA:451,0
DA:452,0
DA:456,0
DA:457,0
DA:461,0
DA:462,0
DA:466,0
DA:467,0
DA:470,0
DA:473,0
LF:74
LH:0
BRDA:259,0,0,0
BRDA:259,0,1,0
BRDA:259,1,0,0
BRDA:259,1,1,0
BRDA:268,2,0,0
BRDA:268,2,1,0
BRDA:268,3,0,0
BRDA:268,3,1,0
BRDA:277,4,0,0
BRDA:277,4,1,0
BRDA:277,5,0,0
BRDA:277,5,1,0
BRDA:321,6,0,0
BRDA:321,6,1,0
BRDA:321,7,0,0
BRDA:321,7,1,0
BRDA:336,8,0,0
BRDA:336,8,1,0
BRDA:338,9,0,0
BRDA:338,9,1,0
BRDA:338,10,0,0
BRDA:338,10,1,0
BRDA:350,11,0,0
BRDA:350,11,1,0
BRDA:350,12,0,0
BRDA:350,12,1,0
BRDA:352,13,0,0
BRDA:352,13,1,0
BRDA:352,14,0,0
BRDA:352,14,1,0
BRDA:364,15,0,0
BRDA:364,15,1,0
BRDA:364,16,0,0
BRDA:364,16,1,0
BRDA:366,17,0,0
BRDA:366,17,1,0
BRDA:366,18,0,0
BRDA:366,18,1,0
BRDA:378,19,0,0
BRDA:378,19,1,0
BRDA:378,20,0,0
BRDA:378,20,1,0
BRDA:380,21,0,0
BRDA:380,21,1,0
BRDA:380,22,0,0
BRDA:380,22,1,0
BRDA:423,23,0,0
BRDA:423,23,1,0
BRDA:438,24,0,0
BRDA:438,24,1,0
BRDA:438,25,0,0
BRDA:438,25,1,0
BRDA:451,26,0,0
BRDA:451,26,1,0
BRDA:456,27,0,0
BRDA:456,27,1,0
BRDA:456,28,0,0
BRDA:456,28,1,0
BRDA:461,29,0,0
BRDA:461,29,1,0
BRDA:466,30,0,0
BRDA:466,30,1,0
BRDA:466,31,0,0
BRDA:466,31,1,0
BRF:64
BRH:0
end_of_record
TN:
SF:models\UserProfile.js
FNF:0
FNH:0
DA:1,16
DA:3,16
DA:91,16
DA:93,16
LF:4
LH:4
BRF:0
BRH:0
end_of_record
TN:
SF:routes\crisisCommunication.js
FN:8,(anonymous_0)
FN:26,(anonymous_1)
FN:48,(anonymous_2)
FN:71,(anonymous_3)
FN:109,(anonymous_4)
FN:112,(anonymous_5)
FN:113,(anonymous_6)
FN:165,(anonymous_7)
FN:215,(anonymous_8)
FN:242,(anonymous_9)
FN:292,(anonymous_10)
FN:304,(anonymous_11)
FN:315,(anonymous_12)
FN:349,(anonymous_13)
FN:372,(anonymous_14)
FN:391,(anonymous_15)
FN:394,(anonymous_16)
FN:398,(anonymous_17)
FN:430,(anonymous_18)
FN:453,(anonymous_19)
FN:471,(anonymous_20)
FN:475,(anonymous_21)
FN:507,(anonymous_22)
FN:530,(anonymous_23)
FN:562,(anonymous_24)
FN:588,(anonymous_25)
FN:643,(anonymous_26)
FN:666,(anonymous_27)
FN:681,(anonymous_28)
FN:711,(anonymous_29)
FN:736,(anonymous_30)
FNF:31
FNH:0
FNDA:0,(anonymous_0)
FNDA:0,(anonymous_1)
FNDA:0,(anonymous_2)
FNDA:0,(anonymous_3)
FNDA:0,(anonymous_4)
FNDA:0,(anonymous_5)
FNDA:0,(anonymous_6)
FNDA:0,(anonymous_7)
FNDA:0,(anonymous_8)
FNDA:0,(anonymous_9)
FNDA:0,(anonymous_10)
FNDA:0,(anonymous_11)
FNDA:0,(anonymous_12)
FNDA:0,(anonymous_13)
FNDA:0,(anonymous_14)
FNDA:0,(anonymous_15)
FNDA:0,(anonymous_16)
FNDA:0,(anonymous_17)
FNDA:0,(anonymous_18)
FNDA:0,(anonymous_19)
FNDA:0,(anonymous_20)
FNDA:0,(anonymous_21)
FNDA:0,(anonymous_22)
FNDA:0,(anonymous_23)
FNDA:0,(anonymous_24)
FNDA:0,(anonymous_25)
FNDA:0,(anonymous_26)
FNDA:0,(anonymous_27)
FNDA:0,(anonymous_28)
FNDA:0,(anonymous_29)
FNDA:0,(anonymous_30)
DA:1,11
DA:2,11
DA:3,11
DA:4,11
DA:5,11
DA:8,11
DA:9,0
DA:11,0
DA:12,0
DA:15,0
DA:16,0
DA:19,0
DA:20,0
DA:23,0
DA:26,11
DA:27,0
DA:29,0
DA:30,0
DA:36,0
DA:37,0
DA:40,0
DA:48,11
DA:49,0
DA:50,0
DA:55,0
DA:61,0
DA:62,0
DA:71,11
DA:72,0
DA:73,0
DA:75,0
DA:76,0
DA:77,0
DA:79,0
DA:86,0
DA:88,0
DA:99,0
DA:100,0
DA:109,11
DA:110,0
DA:112,0
DA:113,0
DA:116,0
DA:123,0
DA:125,0
DA:126,0
DA:133,0
DA:134,0
DA:138,0
DA:139,0
DA:142,0
DA:147,0
DA:148,0
DA:149,0
DA:155,0
DA:165,11
DA:166,0
DA:167,0
DA:169,0
DA:170,0
DA:171,0
DA:172,0
DA:173,0
DA:174,0
DA:177,0
DA:186,0
DA:192,0
DA:193,0
DA:199,0
DA:205,0
DA:206,0
DA:215,11
DA:216,0
DA:217,0
DA:222,0
DA:228,0
DA:229,0
DA:242,11
DA:243,0
DA:244,0
DA:246,0
DA:247,0
DA:253,0
DA:269,0
DA:270,0
DA:276,0
DA:282,0
DA:283,0
DA:292,11
DA:293,0
DA:294,0
DA:296,0
DA:297,0
DA:303,0
DA:304,0
DA:307,0
DA:308,0
DA:315,0
DA:316,0
DA:317,0
DA:321,0
DA:327,0
DA:329,0
DA:335,0
DA:336,0
DA:349,11
DA:350,0
DA:351,0
DA:356,0
DA:362,0
DA:363,0
DA:372,11
DA:373,0
DA:374,0
DA:378,0
DA:379,0
DA:385,0
DA:387,0
DA:390,0
DA:391,0
DA:393,0
DA:394,0
DA:398,0
DA:401,0
DA:402,0
DA:403,0
DA:405,0
DA:416,0
DA:417,0
DA:430,11
DA:431,0
DA:432,0
DA:437,0
DA:443,0
DA:444,0
DA:453,11
DA:454,0
DA:455,0
DA:458,0
DA:459,0
DA:465,0
DA:467,0
DA:470,0
DA:471,0
DA:475,0
DA:478,0
DA:479,0
DA:480,0
DA:482,0
DA:493,0
DA:494,0
DA:507,11
DA:508,0
DA:509,0
DA:514,0
DA:520,0
DA:521,0
DA:530,11
DA:531,0
DA:532,0
DA:536,0
DA:537,0
DA:543,0
DA:548,0
DA:549,0
DA:562,11
DA:563,0
DA:564,0
DA:566,0
DA:567,0
DA:573,0
DA:578,0
DA:579,0
DA:588,11
DA:589,0
DA:590,0
DA:592,0
DA:593,0
DA:599,0
DA:616,0
DA:617,0
DA:623,0
DA:629,0
DA:630,0
DA:643,11
DA:644,0
DA:645,0
DA:647,0
DA:652,0
DA:653,0
DA:666,11
DA:667,0
DA:668,0
DA:671,0
DA:672,0
DA:678,0
DA:681,0
DA:682,0
DA:686,0
DA:687,0
DA:688,0
DA:690,0
DA:701,0
DA:702,0
DA:711,11
DA:712,0
DA:713,0
DA:722,0
DA:727,0
DA:728,0
DA:736,11
DA:737,0
DA:738,0
DA:744,0
DA:745,0
DA:751,0
DA:756,0
DA:757,0
DA:765,11
LF:219
LH:27
BRDA:11,0,0,0
BRDA:11,0,1,0
BRDA:15,1,0,0
BRDA:15,1,1,0
BRDA:19,2,0,0
BRDA:19,2,1,0
BRDA:19,3,0,0
BRDA:19,3,1,0
BRDA:29,4,0,0
BRDA:29,4,1,0
BRDA:29,5,0,0
BRDA:29,5,1,0
BRDA:29,5,2,0
BRDA:29,5,3,0
BRDA:29,5,4,0
BRDA:36,6,0,0
BRDA:36,6,1,0
BRDA:36,7,0,0
BRDA:36,7,1,0
BRDA:73,8,0,0
BRDA:73,9,0,0
BRDA:76,10,0,0
BRDA:76,10,1,0
BRDA:77,11,0,0
BRDA:77,11,1,0
BRDA:125,12,0,0
BRDA:125,12,1,0
BRDA:133,13,0,0
BRDA:133,13,1,0
BRDA:133,14,0,0
BRDA:133,14,1,0
BRDA:138,15,0,0
BRDA:138,15,1,0
BRDA:138,16,0,0
BRDA:138,16,1,0
BRDA:148,17,0,0
BRDA:148,17,1,0
BRDA:170,18,0,0
BRDA:170,18,1,0
BRDA:171,19,0,0
BRDA:171,19,1,0
BRDA:172,20,0,0
BRDA:172,20,1,0
BRDA:173,21,0,0
BRDA:173,21,1,0
BRDA:174,22,0,0
BRDA:174,22,1,0
BRDA:181,23,0,0
BRDA:181,23,1,0
BRDA:192,24,0,0
BRDA:192,24,1,0
BRDA:246,25,0,0
BRDA:246,25,1,0
BRDA:261,26,0,0
BRDA:261,26,1,0
BRDA:269,27,0,0
BRDA:269,27,1,0
BRDA:296,28,0,0
BRDA:296,28,1,0
BRDA:307,29,0,0
BRDA:307,29,1,0
BRDA:316,30,0,0
BRDA:316,30,1,0
BRDA:324,31,0,0
BRDA:324,31,1,0
BRDA:378,32,0,0
BRDA:378,32,1,0
BRDA:385,33,0,0
BRDA:385,34,0,0
BRDA:390,35,0,0
BRDA:390,35,1,0
BRDA:393,36,0,0
BRDA:393,36,1,0
BRDA:458,37,0,0
BRDA:458,37,1,0
BRDA:465,38,0,0
BRDA:465,39,0,0
BRDA:470,40,0,0
BRDA:470,40,1,0
BRDA:536,41,0,0
BRDA:536,41,1,0
BRDA:566,42,0,0
BRDA:566,42,1,0
BRDA:592,43,0,0
BRDA:592,43,1,0
BRDA:592,44,0,0
BRDA:592,44,1,0
BRDA:592,44,2,0
BRDA:592,44,3,0
BRDA:608,45,0,0
BRDA:608,45,1,0
BRDA:616,46,0,0
BRDA:616,46,1,0
BRDA:671,47,0,0
BRDA:671,47,1,0
BRDA:678,48,0,0
BRDA:678,49,0,0
BRDA:744,50,0,0
BRDA:744,50,1,0
BRF:99
BRH:0
end_of_record
TN:
SF:routes\crisisRooms.js
FN:8,(anonymous_0)
FN:26,(anonymous_1)
FN:48,(anonymous_2)
FN:71,(anonymous_3)
FN:109,(anonymous_4)
FN:140,(anonymous_5)
FN:171,(anonymous_6)
FN:197,(anonymous_7)
FN:237,(anonymous_8)
FN:277,(anonymous_9)
FN:304,(anonymous_10)
FN:342,(anonymous_11)
FN:379,(anonymous_12)
FNF:13
FNH:12
FNDA:2,(anonymous_0)
FNDA:1,(anonymous_1)
FNDA:1,(anonymous_2)
FNDA:1,(anonymous_3)
FNDA:2,(anonymous_4)
FNDA:1,(anonymous_5)
FNDA:1,(anonymous_6)
FNDA:0,(anonymous_7)
FNDA:2,(anonymous_8)
FNDA:1,(anonymous_9)
FNDA:1,(anonymous_10)
FNDA:1,(anonymous_11)
FNDA:1,(anonymous_12)
DA:1,11
DA:2,11
DA:3,11
DA:4,11
DA:5,11
DA:8,11
DA:9,2
DA:11,2
DA:12,1
DA:15,1
DA:16,0
DA:19,1
DA:20,0
DA:23,1
DA:26,11
DA:27,1
DA:29,1
DA:30,1
DA:36,0
DA:37,0
DA:40,0
DA:48,11
DA:49,1
DA:50,1
DA:55,0
DA:61,1
DA:62,1
DA:71,11
DA:72,1
DA:73,1
DA:75,1
DA:76,1
DA:77,1
DA:79,1
DA:86,1
DA:88,1
DA:99,0
DA:100,0
DA:109,11
DA:110,2
DA:111,2
DA:118,2
DA:119,0
DA:125,2
DA:130,0
DA:131,0
DA:140,11
DA:141,1
DA:142,1
DA:148,0
DA:149,0
DA:155,0
DA:161,1
DA:162,1
DA:171,11
DA:172,1
DA:173,1
DA:175,0
DA:176,0
DA:182,0
DA:187,1
DA:188,1
DA:197,11
DA:198,0
DA:199,0
DA:201,0
DA:202,0
DA:208,0
DA:218,0
DA:219,0
DA:221,0
DA:227,0
DA:228,0
DA:237,11
DA:238,2
DA:239,2
DA:241,2
DA:242,1
DA:248,1
DA:254,0
DA:255,0
DA:261,0
DA:267,1
DA:268,1
DA:277,11
DA:278,1
DA:279,1
DA:282,1
DA:283,0
DA:289,1
DA:294,0
DA:295,0
DA:304,11
DA:305,1
DA:306,1
DA:308,1
DA:309,0
DA:315,1
DA:323,1
DA:324,0
DA:326,0
DA:332,1
DA:333,1
DA:342,11
DA:343,1
DA:344,1
DA:347,1
DA:348,0
DA:355,1
DA:364,0
DA:369,1
DA:370,1
DA:379,11
DA:380,1
DA:381,1
DA:383,1
DA:384,0
DA:390,1
DA:397,1
DA:398,0
DA:399,0
DA:401,0
DA:403,0
DA:409,1
DA:410,1
DA:418,11
LF:126
LH:83
BRDA:11,0,0,1
BRDA:11,0,1,1
BRDA:15,1,0,0
BRDA:15,1,1,1
BRDA:19,2,0,0
BRDA:19,2,1,1
BRDA:19,3,0,1
BRDA:19,3,1,1
BRDA:29,4,0,1
BRDA:29,4,1,0
BRDA:29,5,0,1
BRDA:29,5,1,0
BRDA:29,5,2,0
BRDA:29,5,3,0
BRDA:29,5,4,0
BRDA:36,6,0,0
BRDA:36,6,1,0
BRDA:36,7,0,0
BRDA:36,7,1,0
BRDA:73,8,0,1
BRDA:73,9,0,1
BRDA:76,10,0,0
BRDA:76,10,1,1
BRDA:77,11,0,0
BRDA:77,11,1,1
BRDA:118,12,0,0
BRDA:118,12,1,2
BRDA:148,13,0,0
BRDA:148,13,1,0
BRDA:175,14,0,0
BRDA:175,14,1,0
BRDA:201,15,0,0
BRDA:201,15,1,0
BRDA:215,16,0,0
BRDA:215,16,1,0
BRDA:241,17,0,1
BRDA:241,17,1,1
BRDA:241,18,0,2
BRDA:241,18,1,2
BRDA:254,19,0,0
BRDA:254,19,1,0
BRDA:282,20,0,0
BRDA:282,20,1,1
BRDA:291,21,0,1
BRDA:291,21,1,1
BRDA:308,22,0,0
BRDA:308,22,1,1
BRDA:320,23,0,1
BRDA:320,23,1,0
BRDA:347,24,0,0
BRDA:347,24,1,1
BRDA:359,25,0,0
BRDA:359,25,1,0
BRDA:360,26,0,0
BRDA:360,26,1,0
BRDA:361,27,0,0
BRDA:361,27,1,0
BRDA:383,28,0,0
BRDA:383,28,1,1
BRDA:392,29,0,1
BRDA:392,29,1,0
BRDA:394,30,0,1
BRDA:394,30,1,0
BRF:63
BRH:26
end_of_record
TN:
SF:routes\enhancedNews.js
FN:10,(anonymous_0)
FN:20,(anonymous_1)
FN:46,(anonymous_2)
FN:57,(anonymous_3)
FN:83,(anonymous_4)
FN:94,(anonymous_5)
FN:118,(anonymous_6)
FN:129,(anonymous_7)
FN:156,(anonymous_8)
FN:157,(anonymous_9)
FN:164,(anonymous_10)
FN:176,(anonymous_11)
FN:184,(anonymous_12)
FN:186,(anonymous_13)
FN:192,(anonymous_14)
FN:199,(anonymous_15)
FN:200,(anonymous_16)
FN:201,(anonymous_17)
FN:202,(anonymous_18)
FN:234,(anonymous_19)
FN:281,(anonymous_20)
FN:300,(anonymous_21)
FNF:22
FNH:0
FNDA:0,(anonymous_0)
FNDA:0,(anonymous_1)
FNDA:0,(anonymous_2)
FNDA:0,(anonymous_3)
FNDA:0,(anonymous_4)
FNDA:0,(anonymous_5)
FNDA:0,(anonymous_6)
FNDA:0,(anonymous_7)
FNDA:0,(anonymous_8)
FNDA:0,(anonymous_9)
FNDA:0,(anonymous_10)
FNDA:0,(anonymous_11)
FNDA:0,(anonymous_12)
FNDA:0,(anonymous_13)
FNDA:0,(anonymous_14)
FNDA:0,(anonymous_15)
FNDA:0,(anonymous_16)
FNDA:0,(anonymous_17)
FNDA:0,(anonymous_18)
FNDA:0,(anonymous_19)
FNDA:0,(anonymous_20)
FNDA:0,(anonymous_21)
DA:1,11
DA:2,11
DA:3,11
DA:4,11
DA:10,11
DA:11,0
DA:12,0
DA:14,0
DA:16,0
DA:20,0
DA:33,0
DA:34,0
DA:46,11
DA:47,0
DA:48,0
DA:50,0
DA:51,0
DA:53,0
DA:57,0
DA:70,0
DA:71,0
DA:83,11
DA:84,0
DA:85,0
DA:87,0
DA:88,0
DA:90,0
DA:94,0
DA:105,0
DA:106,0
DA:118,11
DA:119,0
DA:120,0
DA:122,0
DA:123,0
DA:125,0
DA:129,0
DA:142,0
DA:143,0
DA:156,11
DA:157,0
DA:164,0
DA:172,0
DA:176,0
DA:184,11
DA:185,0
DA:186,0
DA:192,0
DA:199,0
DA:200,0
DA:201,0
DA:202,0
DA:204,0
DA:221,0
DA:222,0
DA:234,11
DA:235,0
DA:236,0
DA:239,0
DA:240,0
DA:243,0
DA:244,0
DA:247,0
DA:248,0
DA:251,0
DA:252,0
DA:254,0
DA:268,0
DA:269,0
DA:281,11
DA:282,0
DA:283,0
DA:285,0
DA:286,0
DA:292,0
DA:293,0
DA:295,0
DA:300,0
DA:312,0
DA:313,0
DA:321,11
LF:81
LH:13
BRDA:48,0,0,0
BRDA:48,0,1,0
BRDA:85,1,0,0
BRDA:85,1,1,0
BRDA:120,2,0,0
BRDA:120,2,1,0
BRDA:168,3,0,0
BRDA:168,3,1,0
BRDA:195,4,0,0
BRDA:195,4,1,0
BRDA:285,5,0,0
BRDA:285,5,1,0
BRDA:285,6,0,0
BRDA:285,6,1,0
BRF:14
BRH:0
end_of_record
TN:
SF:routes\events.js
FN:11,(anonymous_0)
FN:57,(anonymous_1)
FN:95,(anonymous_2)
FN:134,(anonymous_3)
FN:179,(anonymous_4)
FN:219,(anonymous_5)
FN:262,(anonymous_6)
FN:294,(anonymous_7)
FN:326,(anonymous_8)
FN:348,(anonymous_9)
FN:370,(anonymous_10)
FN:382,(anonymous_11)
FN:408,(anonymous_12)
FN:430,(anonymous_13)
FNF:14
FNH:7
FNDA:11,(anonymous_0)
FNDA:4,(anonymous_1)
FNDA:15,(anonymous_2)
FNDA:3,(anonymous_3)
FNDA:3,(anonymous_4)
FNDA:0,(anonymous_5)
FNDA:0,(anonymous_6)
FNDA:1,(anonymous_7)
FNDA:0,(anonymous_8)
FNDA:0,(anonymous_9)
FNDA:3,(anonymous_10)
FNDA:0,(anonymous_11)
FNDA:0,(anonymous_12)
FNDA:0,(anonymous_13)
DA:1,12
DA:2,12
DA:3,12
DA:5,12
DA:11,12
DA:12,11
DA:13,11
DA:16,11
DA:17,2
DA:18,2
DA:24,9
DA:26,8
DA:28,8
DA:35,1
DA:38,1
DA:39,0
DA:45,1
DA:57,12
DA:58,4
DA:59,4
DA:62,4
DA:63,1
DA:70,3
DA:71,2
DA:74,3
DA:76,3
DA:83,0
DA:84,0
DA:95,12
DA:96,15
DA:97,15
DA:100,15
DA:101,2
DA:107,13
DA:109,7
DA:110,1
DA:116,6
DA:122,6
DA:123,6
DA:134,12
DA:135,3
DA:136,3
DA:137,3
DA:140,3
DA:141,1
DA:147,2
DA:153,2
DA:154,1
DA:160,1
DA:167,0
DA:168,0
DA:179,12
DA:180,3
DA:181,3
DA:184,3
DA:185,1
DA:191,2
DA:193,2
DA:194,1
DA:200,1
DA:207,0
DA:208,0
DA:219,12
DA:220,0
DA:221,0
DA:223,0
DA:225,0
DA:226,0
DA:229,0
DA:230,0
DA:233,0
DA:234,0
DA:237,0
DA:238,0
DA:241,0
DA:243,0
DA:250,0
DA:251,0
DA:262,12
DA:263,0
DA:264,0
DA:265,0
DA:268,0
DA:272,0
DA:282,0
DA:283,0
DA:294,12
DA:295,1
DA:296,1
DA:298,1
DA:299,0
DA:305,1
DA:307,0
DA:314,1
DA:315,1
DA:326,12
DA:327,0
DA:328,0
DA:330,0
DA:336,0
DA:337,0
DA:348,12
DA:349,0
DA:350,0
DA:352,0
DA:358,0
DA:359,0
DA:370,12
DA:371,3
DA:372,3
DA:374,3
DA:375,3
DA:382,0
DA:387,0
DA:389,0
DA:396,0
DA:397,0
DA:408,12
DA:409,0
DA:410,0
DA:412,0
DA:414,0
DA:415,0
DA:418,0
DA:419,0
DA:422,0
DA:423,0
DA:426,0
DA:428,0
DA:430,0
DA:431,0
DA:434,0
DA:435,0
DA:436,0
DA:439,0
DA:447,0
DA:448,0
DA:455,12
LF:138
LH:73
BRDA:16,0,0,2
BRDA:16,0,1,9
BRDA:38,1,0,0
BRDA:38,1,1,1
BRDA:48,2,0,0
BRDA:48,2,1,1
BRDA:62,3,0,1
BRDA:62,3,1,3
BRDA:62,4,0,4
BRDA:62,4,1,3
BRDA:70,5,0,2
BRDA:70,5,1,1
BRDA:100,6,0,2
BRDA:100,6,1,13
BRDA:109,7,0,1
BRDA:109,7,1,6
BRDA:140,8,0,1
BRDA:140,8,1,2
BRDA:153,9,0,1
BRDA:153,9,1,1
BRDA:184,10,0,1
BRDA:184,10,1,2
BRDA:193,11,0,1
BRDA:193,11,1,1
BRDA:225,12,0,0
BRDA:225,12,1,0
BRDA:229,13,0,0
BRDA:229,13,1,0
BRDA:233,14,0,0
BRDA:233,14,1,0
BRDA:237,15,0,0
BRDA:237,15,1,0
BRDA:298,16,0,0
BRDA:298,16,1,1
BRDA:374,17,0,3
BRDA:374,17,1,0
BRDA:374,18,0,3
BRDA:374,18,1,2
BRDA:410,19,0,0
BRDA:414,20,0,0
BRDA:414,20,1,0
BRDA:418,21,0,0
BRDA:418,21,1,0
BRDA:422,22,0,0
BRDA:422,22,1,0
BRDA:428,23,0,0
BRDA:428,23,1,0
BRF:47
BRH:26
end_of_record
TN:
SF:routes\linkedinAuth.js
FN:9,(anonymous_0)
FN:39,(anonymous_1)
FN:78,(anonymous_2)
FN:86,(anonymous_3)
FNF:4
FNH:0
FNDA:0,(anonymous_0)
FNDA:0,(anonymous_1)
FNDA:0,(anonymous_2)
FNDA:0,(anonymous_3)
DA:1,11
DA:2,11
DA:3,11
DA:9,11
DA:10,0
DA:11,0
DA:13,0
DA:26,0
DA:27,0
DA:39,11
DA:40,0
DA:41,0
DA:43,0
DA:44,0
DA:50,0
DA:52,0
DA:65,0
DA:66,0
DA:78,11
DA:79,0
DA:80,0
DA:82,0
DA:86,0
DA:97,0
DA:98,0
DA:106,11
LF:26
LH:7
BRDA:43,0,0,0
BRDA:43,0,1,0
BRF:2
BRH:0
end_of_record
TN:
SF:routes\news.js
FN:11,(anonymous_0)
FN:21,(anonymous_1)
FN:45,(anonymous_2)
FN:71,(anonymous_3)
FN:82,(anonymous_4)
FN:105,(anonymous_5)
FN:129,(anonymous_6)
FN:153,(anonymous_7)
FN:182,(anonymous_8)
FN:212,(anonymous_9)
FN:237,(anonymous_10)
FN:256,(anonymous_11)
FN:279,(anonymous_12)
FN:280,(anonymous_13)
FN:296,(anonymous_14)
FN:341,(anonymous_15)
FN:343,(anonymous_16)
FN:349,(anonymous_17)
FN:350,(anonymous_18)
FN:377,(anonymous_19)
FN:383,(anonymous_20)
FN:384,(anonymous_21)
FN:407,(anonymous_22)
FN:414,(anonymous_23)
FNF:24
FNH:6
FNDA:3,(anonymous_0)
FNDA:0,(anonymous_1)
FNDA:0,(anonymous_2)
FNDA:0,(anonymous_3)
FNDA:0,(anonymous_4)
FNDA:2,(anonymous_5)
FNDA:2,(anonymous_6)
FNDA:1,(anonymous_7)
FNDA:1,(anonymous_8)
FNDA:1,(anonymous_9)
FNDA:0,(anonymous_10)
FNDA:0,(anonymous_11)
FNDA:0,(anonymous_12)
FNDA:0,(anonymous_13)
FNDA:0,(anonymous_14)
FNDA:0,(anonymous_15)
FNDA:0,(anonymous_16)
FNDA:0,(anonymous_17)
FNDA:0,(anonymous_18)
FNDA:0,(anonymous_19)
FNDA:0,(anonymous_20)
FNDA:0,(anonymous_21)
FNDA:0,(anonymous_22)
FNDA:0,(anonymous_23)
DA:1,11
DA:2,11
DA:3,11
DA:4,11
DA:11,11
DA:12,3
DA:13,3
DA:15,3
DA:17,3
DA:21,0
DA:32,0
DA:33,0
DA:45,11
DA:46,0
DA:47,0
DA:49,0
DA:51,0
DA:58,0
DA:59,0
DA:71,11
DA:72,0
DA:73,0
DA:75,0
DA:76,0
DA:78,0
DA:82,0
DA:92,0
DA:93,0
DA:105,11
DA:106,2
DA:109,2
DA:116,0
DA:117,0
DA:129,11
DA:130,2
DA:131,2
DA:135,2
DA:140,0
DA:141,0
DA:153,11
DA:154,1
DA:155,1
DA:159,1
DA:169,0
DA:170,0
DA:182,11
DA:183,1
DA:184,1
DA:185,1
DA:189,1
DA:199,0
DA:200,0
DA:212,11
DA:213,1
DA:214,1
DA:218,1
DA:224,0
DA:225,0
DA:237,11
DA:238,0
DA:239,0
DA:241,0
DA:242,0
DA:248,0
DA:249,0
DA:251,0
DA:256,0
DA:266,0
DA:267,0
DA:279,11
DA:280,0
DA:286,0
DA:296,11
DA:297,0
DA:298,0
DA:300,0
DA:301,0
DA:308,0
DA:318,0
DA:320,0
DA:328,0
DA:329,0
DA:341,11
DA:342,0
DA:343,0
DA:349,0
DA:350,0
DA:352,0
DA:364,0
DA:365,0
DA:377,11
DA:378,0
DA:379,0
DA:382,0
DA:383,0
DA:384,0
DA:386,0
DA:387,0
DA:395,0
DA:398,0
DA:399,0
DA:401,0
DA:407,0
DA:414,0
DA:424,0
DA:425,0
DA:434,11
LF:107
LH:37
BRDA:73,0,0,0
BRDA:73,0,1,0
BRDA:241,1,0,0
BRDA:241,1,1,0
BRDA:241,2,0,0
BRDA:241,2,1,0
BRDA:300,3,0,0
BRDA:300,3,1,0
BRDA:308,4,0,0
BRDA:308,4,1,0
BRDA:386,5,0,0
BRDA:386,5,1,0
BRDA:429,6,0,0
BRDA:429,6,1,0
BRF:14
BRH:0
end_of_record
TN:
SF:routes\onboarding.js
FN:42,(anonymous_0)
FN:83,(anonymous_1)
FN:133,(anonymous_2)
FN:148,(anonymous_3)
FN:187,(anonymous_4)
FN:233,(anonymous_5)
FN:270,(anonymous_6)
FN:299,(anonymous_7)
FN:325,(anonymous_8)
FN:375,(anonymous_9)
FNF:10
FNH:0
FNDA:0,(anonymous_0)
FNDA:0,(anonymous_1)
FNDA:0,(anonymous_2)
FNDA:0,(anonymous_3)
FNDA:0,(anonymous_4)
FNDA:0,(anonymous_5)
FNDA:0,(anonymous_6)
FNDA:0,(anonymous_7)
FNDA:0,(anonymous_8)
FNDA:0,(anonymous_9)
DA:1,0
DA:2,0
DA:3,0
DA:7,0
DA:8,0
DA:9,0
DA:10,0
DA:12,0
DA:13,0
DA:17,0
DA:18,0
DA:25,0
DA:26,0
DA:27,0
DA:28,0
DA:29,0
DA:31,0
DA:32,0
DA:33,0
DA:36,0
DA:37,0
DA:38,0
DA:42,0
DA:43,0
DA:44,0
DA:46,0
DA:48,0
DA:49,0
DA:63,0
DA:64,0
DA:65,0
DA:67,0
DA:77,0
DA:78,0
DA:83,0
DA:84,0
DA:85,0
DA:88,0
DA:89,0
DA:95,0
DA:97,0
DA:98,0
DA:107,0
DA:116,0
DA:118,0
DA:127,0
DA:128,0
DA:133,0
DA:134,0
DA:135,0
DA:137,0
DA:138,0
DA:141,0
DA:143,0
DA:144,0
DA:148,0
DA:149,0
DA:150,0
DA:154,0
DA:155,0
DA:158,0
DA:159,0
DA:160,0
DA:163,0
DA:166,0
DA:167,0
DA:168,0
DA:171,0
DA:181,0
DA:182,0
DA:187,0
DA:188,0
DA:189,0
DA:191,0
DA:192,0
DA:195,0
DA:197,0
DA:198,0
DA:202,0
DA:203,0
DA:204,0
DA:211,0
DA:212,0
DA:213,0
DA:214,0
DA:217,0
DA:219,0
DA:227,0
DA:228,0
DA:233,0
DA:234,0
DA:235,0
DA:236,0
DA:238,0
DA:240,0
DA:241,0
DA:244,0
DA:245,0
DA:251,0
DA:253,0
DA:264,0
DA:265,0
DA:270,0
DA:271,0
DA:272,0
DA:274,0
DA:276,0
DA:277,0
DA:280,0
DA:281,0
DA:282,0
DA:284,0
DA:293,0
DA:294,0
DA:299,0
DA:300,0
DA:301,0
DA:303,0
DA:304,0
DA:308,0
DA:311,0
DA:313,0
DA:316,0
DA:319,0
DA:320,0
DA:325,0
DA:326,0
DA:371,0
DA:375,0
DA:376,0
DA:377,0
DA:379,0
DA:381,0
DA:382,0
DA:385,0
DA:388,0
DA:389,0
DA:393,0
LF:138
LH:0
BRDA:8,0,0,0
BRDA:8,0,1,0
BRDA:8,1,0,0
BRDA:8,1,1,0
BRDA:26,2,0,0
BRDA:26,2,1,0
BRDA:26,3,0,0
BRDA:26,3,1,0
BRDA:48,4,0,0
BRDA:48,4,1,0
BRDA:88,5,0,0
BRDA:88,5,1,0
BRDA:88,6,0,0
BRDA:88,6,1,0
BRDA:88,6,2,0
BRDA:88,6,3,0
BRDA:88,6,4,0
BRDA:97,7,0,0
BRDA:97,7,1,0
BRDA:137,8,0,0
BRDA:137,8,1,0
BRDA:137,9,0,0
BRDA:137,9,1,0
BRDA:143,10,0,0
BRDA:143,10,1,0
BRDA:149,11,0,0
BRDA:149,11,1,0
BRDA:163,12,0,0
BRDA:163,12,1,0
BRDA:163,13,0,0
BRDA:163,13,1,0
BRDA:163,13,2,0
BRDA:191,14,0,0
BRDA:191,14,1,0
BRDA:197,15,0,0
BRDA:197,15,1,0
BRDA:203,16,0,0
BRDA:203,16,1,0
BRDA:236,17,0,0
BRDA:240,18,0,0
BRDA:240,18,1,0
BRDA:244,19,0,0
BRDA:244,19,1,0
BRDA:276,20,0,0
BRDA:276,20,1,0
BRDA:303,21,0,0
BRDA:303,21,1,0
BRDA:303,22,0,0
BRDA:303,22,1,0
BRDA:303,22,2,0
BRDA:311,23,0,0
BRDA:311,23,1,0
BRDA:381,24,0,0
BRDA:381,24,1,0
BRF:54
BRH:0
end_of_record
TN:
SF:routes\simpleOnboarding.js
FN:8,(anonymous_0)
FN:41,(anonymous_1)
FN:77,(anonymous_2)
FN:123,(anonymous_3)
FN:184,(anonymous_4)
FN:220,(anonymous_5)
FNF:6
FNH:2
FNDA:2,(anonymous_0)
FNDA:0,(anonymous_1)
FNDA:0,(anonymous_2)
FNDA:2,(anonymous_3)
FNDA:0,(anonymous_4)
FNDA:0,(anonymous_5)
DA:1,11
DA:2,11
DA:5,11
DA:8,11
DA:9,2
DA:10,2
DA:11,2
DA:13,2
DA:15,2
DA:16,1
DA:30,1
DA:32,0
DA:33,0
DA:41,11
DA:42,0
DA:43,0
DA:44,0
DA:46,0
DA:63,0
DA:64,0
DA:66,0
DA:68,0
DA:69,0
DA:77,11
DA:78,0
DA:79,0
DA:80,0
DA:82,0
DA:84,0
DA:86,0
DA:104,0
DA:105,0
DA:106,0
DA:107,0
DA:109,0
DA:110,0
DA:112,0
DA:114,0
DA:115,0
DA:123,11
DA:124,2
DA:125,2
DA:126,2
DA:128,2
DA:137,2
DA:138,2
DA:139,2
DA:140,2
DA:143,2
DA:158,2
DA:166,2
DA:167,2
DA:169,2
DA:175,0
DA:176,0
DA:184,11
DA:185,0
DA:186,0
DA:187,0
DA:188,0
DA:190,0
DA:209,0
DA:211,0
DA:212,0
DA:220,11
DA:221,0
DA:222,0
DA:223,0
DA:225,0
DA:240,0
DA:242,0
DA:243,0
DA:250,11
LF:73
LH:30
BRDA:15,0,0,1
BRDA:15,0,1,1
BRDA:49,1,0,0
BRDA:49,1,1,0
BRDA:84,2,0,0
BRDA:84,2,1,0
BRDA:104,3,0,0
BRDA:104,3,1,0
BRDA:105,4,0,0
BRDA:105,4,1,0
BRDA:106,5,0,0
BRDA:106,5,1,0
BRDA:128,6,0,2
BRDA:128,6,1,2
BRDA:139,7,0,0
BRDA:139,7,1,2
BRDA:187,8,0,0
BRDA:187,8,1,0
BRF:18
BRH:5
end_of_record
TN:
SF:routes\userProfile.js
FN:18,(anonymous_0)
FN:90,(anonymous_1)
FN:129,(anonymous_2)
FN:158,(anonymous_3)
FN:159,(anonymous_4)
FN:166,(anonymous_5)
FN:226,(anonymous_6)
FN:323,(anonymous_7)
FN:324,(anonymous_8)
FN:334,(anonymous_9)
FN:367,(anonymous_10)
FN:381,(anonymous_11)
FN:422,(anonymous_12)
FN:450,(anonymous_13)
FN:476,(anonymous_14)
FN:482,(anonymous_15)
FN:497,(anonymous_16)
FN:515,(anonymous_17)
FN:572,(anonymous_18)
FN:661,(anonymous_19)
FN:690,(anonymous_20)
FN:706,(anonymous_21)
FN:707,(anonymous_22)
FN:744,calculateTitleSimilarity
FNF:24
FNH:3
FNDA:67,(anonymous_0)
FNDA:8,(anonymous_1)
FNDA:9,(anonymous_2)
FNDA:0,(anonymous_3)
FNDA:0,(anonymous_4)
FNDA:0,(anonymous_5)
FNDA:0,(anonymous_6)
FNDA:0,(anonymous_7)
FNDA:0,(anonymous_8)
FNDA:0,(anonymous_9)
FNDA:0,(anonymous_10)
FNDA:0,(anonymous_11)
FNDA:0,(anonymous_12)
FNDA:0,(anonymous_13)
FNDA:0,(anonymous_14)
FNDA:0,(anonymous_15)
FNDA:0,(anonymous_16)
FNDA:0,(anonymous_17)
FNDA:0,(anonymous_18)
FNDA:0,(anonymous_19)
FNDA:0,(anonymous_20)
FNDA:0,(anonymous_21)
FNDA:0,(anonymous_22)
FNDA:0,calculateTitleSimilarity
DA:1,12
DA:2,12
DA:3,12
DA:4,12
DA:5,12
DA:6,12
DA:7,12
DA:8,12
DA:10,12
DA:18,12
DA:19,67
DA:20,67
DA:23,67
DA:25,67
DA:26,26
DA:33,41
DA:34,0
DA:35,0
DA:42,41
DA:49,41
DA:51,27
DA:58,14
DA:61,0
DA:68,41
DA:71,41
DA:72,0
DA:78,41
DA:90,12
DA:91,8
DA:92,8
DA:95,8
DA:96,8
DA:102,0
DA:104,0
DA:105,0
DA:111,0
DA:117,0
DA:118,0
DA:129,12
DA:130,9
DA:131,9
DA:132,9
DA:135,9
DA:136,9
DA:142,0
DA:144,0
DA:145,0
DA:152,0
DA:153,0
DA:155,0
DA:158,0
DA:159,0
DA:162,0
DA:165,0
DA:166,0
DA:168,0
DA:170,0
DA:172,0
DA:174,0
DA:176,0
DA:178,0
DA:181,0
DA:182,0
DA:186,0
DA:187,0
DA:188,0
DA:192,0
DA:202,0
DA:205,0
DA:206,0
DA:207,0
DA:208,0
DA:210,0
DA:211,0
DA:212,0
DA:215,0
DA:216,0
DA:220,0
DA:221,0
DA:222,0
DA:226,0
DA:227,0
DA:228,0
DA:231,0
DA:232,0
DA:235,0
DA:236,0
DA:237,0
DA:240,0
DA:243,0
DA:245,0
DA:246,0
DA:247,0
DA:250,0
DA:251,0
DA:252,0
DA:255,0
DA:256,0
DA:257,0
DA:259,0
DA:260,0
DA:262,0
DA:263,0
DA:265,0
DA:266,0
DA:268,0
DA:269,0
DA:273,0
DA:274,0
DA:275,0
DA:277,0
DA:278,0
DA:280,0
DA:281,0
DA:283,0
DA:284,0
DA:288,0
DA:290,0
DA:310,0
DA:312,0
DA:317,0
DA:318,0
DA:321,0
DA:322,0
DA:323,0
DA:324,0
DA:333,0
DA:334,0
DA:337,0
DA:338,0
DA:339,0
DA:341,0
DA:343,0
DA:344,0
DA:351,0
DA:352,0
DA:354,0
DA:358,0
DA:360,0
DA:367,0
DA:380,0
DA:381,0
DA:384,0
DA:386,0
DA:400,0
DA:401,0
DA:404,0
DA:407,0
DA:408,0
DA:422,12
DA:423,0
DA:424,0
DA:426,0
DA:427,0
DA:429,0
DA:431,0
DA:437,0
DA:438,0
DA:450,12
DA:451,0
DA:452,0
DA:453,0
DA:455,0
DA:457,0
DA:458,0
DA:465,0
DA:468,0
DA:471,0
DA:474,0
DA:476,0
DA:482,0
DA:486,0
DA:497,0
DA:503,0
DA:504,0
DA:515,12
DA:516,0
DA:517,0
DA:523,0
DA:572,0
DA:573,0
DA:576,0
DA:577,0
DA:578,0
DA:579,0
DA:582,0
DA:583,0
DA:584,0
DA:589,0
DA:592,0
DA:654,0
DA:661,0
DA:671,0
DA:677,0
DA:678,0
DA:690,12
DA:691,0
DA:692,0
DA:694,0
DA:695,0
DA:702,0
DA:705,0
DA:706,0
DA:707,0
DA:716,0
DA:718,0
DA:730,0
DA:731,0
DA:745,0
DA:748,0
DA:749,0
DA:752,0
DA:755,0
DA:756,0
DA:757,0
DA:760,0
DA:761,0
DA:763,0
DA:764,0
DA:768,0
DA:769,0
DA:770,0
DA:771,0
DA:773,0
DA:782,0
DA:783,0
DA:786,0
DA:789,12
LF:228
LH:39
BRDA:25,0,0,26
BRDA:25,0,1,41
BRDA:33,1,0,0
BRDA:33,1,1,41
BRDA:49,2,0,27
BRDA:49,2,1,14
BRDA:63,3,0,0
BRDA:63,3,1,0
BRDA:71,4,0,0
BRDA:71,4,1,41
BRDA:81,5,0,0
BRDA:81,5,1,41
BRDA:95,6,0,8
BRDA:95,6,1,0
BRDA:104,7,0,0
BRDA:104,7,1,0
BRDA:132,8,0,7
BRDA:132,9,0,9
BRDA:135,10,0,9
BRDA:135,10,1,0
BRDA:144,11,0,0
BRDA:144,11,1,0
BRDA:153,12,0,0
BRDA:153,12,1,0
BRDA:165,13,0,0
BRDA:165,13,1,0
BRDA:168,14,0,0
BRDA:168,14,1,0
BRDA:168,14,2,0
BRDA:168,14,3,0
BRDA:168,14,4,0
BRDA:186,15,0,0
BRDA:186,15,1,0
BRDA:212,16,0,0
BRDA:212,16,1,0
BRDA:212,16,2,0
BRDA:215,17,0,0
BRDA:215,17,1,0
BRDA:221,18,0,0
BRDA:221,18,1,0
BRDA:231,19,0,0
BRDA:231,19,1,0
BRDA:252,20,0,0
BRDA:252,20,1,0
BRDA:252,21,0,0
BRDA:252,21,1,0
BRDA:256,22,0,0
BRDA:256,22,1,0
BRDA:256,23,0,0
BRDA:256,23,1,0
BRDA:256,23,2,0
BRDA:259,24,0,0
BRDA:259,24,1,0
BRDA:259,25,0,0
BRDA:259,25,1,0
BRDA:259,25,2,0
BRDA:262,26,0,0
BRDA:262,26,1,0
BRDA:262,27,0,0
BRDA:262,27,1,0
BRDA:262,27,2,0
BRDA:265,28,0,0
BRDA:265,28,1,0
BRDA:265,29,0,0
BRDA:265,29,1,0
BRDA:265,29,2,0
BRDA:268,30,0,0
BRDA:268,30,1,0
BRDA:274,31,0,0
BRDA:274,31,1,0
BRDA:274,32,0,0
BRDA:274,32,1,0
BRDA:277,33,0,0
BRDA:277,33,1,0
BRDA:277,34,0,0
BRDA:277,34,1,0
BRDA:280,35,0,0
BRDA:280,35,1,0
BRDA:280,36,0,0
BRDA:280,36,1,0
BRDA:280,36,2,0
BRDA:283,37,0,0
BRDA:283,37,1,0
BRDA:293,38,0,0
BRDA:293,38,1,0
BRDA:293,38,2,0
BRDA:294,39,0,0
BRDA:294,39,1,0
BRDA:302,40,0,0
BRDA:302,40,1,0
BRDA:323,41,0,0
BRDA:323,41,1,0
BRDA:323,41,2,0
BRDA:341,42,0,0
BRDA:341,42,1,0
BRDA:341,43,0,0
BRDA:341,43,1,0
BRDA:341,43,2,0
BRDA:351,44,0,0
BRDA:351,44,1,0
BRDA:358,45,0,0
BRDA:358,45,1,0
BRDA:400,46,0,0
BRDA:400,46,1,0
BRDA:411,47,0,0
BRDA:411,47,1,0
BRDA:453,48,0,0
BRDA:457,49,0,0
BRDA:457,49,1,0
BRDA:593,50,0,0
BRDA:593,50,1,0
BRDA:594,51,0,0
BRDA:594,51,1,0
BRDA:595,52,0,0
BRDA:595,52,1,0
BRDA:596,53,0,0
BRDA:596,53,1,0
BRDA:645,54,0,0
BRDA:645,54,1,0
BRDA:651,55,0,0
BRDA:651,55,1,0
BRDA:659,56,0,0
BRDA:659,56,1,0
BRDA:661,57,0,0
BRDA:661,57,1,0
BRDA:663,58,0,0
BRDA:663,58,1,0
BRDA:666,59,0,0
BRDA:666,59,1,0
BRDA:667,60,0,0
BRDA:667,60,1,0
BRDA:681,61,0,0
BRDA:681,61,1,0
BRDA:692,62,0,0
BRDA:694,63,0,0
BRDA:694,63,1,0
BRDA:694,64,0,0
BRDA:694,64,1,0
BRDA:694,64,2,0
BRDA:745,65,0,0
BRDA:745,65,1,0
BRDA:745,66,0,0
BRDA:745,66,1,0
BRDA:752,67,0,0
BRDA:752,67,1,0
BRDA:770,68,0,0
BRDA:770,68,1,0
BRDA:786,69,0,0
BRDA:786,69,1,0
BRF:149
BRH:11
end_of_record
TN:
SF:services\aiIntelligenceService.js
FN:7,(anonymous_0)
FN:26,(anonymous_1)
FN:46,(anonymous_2)
FN:80,(anonymous_3)
FN:114,(anonymous_4)
FN:126,(anonymous_5)
FN:145,(anonymous_6)
FN:160,(anonymous_7)
FN:163,(anonymous_8)
FN:170,(anonymous_9)
FN:172,(anonymous_10)
FN:178,(anonymous_11)
FN:181,(anonymous_12)
FN:188,(anonymous_13)
FN:190,(anonymous_14)
FN:196,(anonymous_15)
FN:197,(anonymous_16)
FN:212,(anonymous_17)
FN:225,(anonymous_18)
FN:228,(anonymous_19)
FN:236,(anonymous_20)
FN:238,(anonymous_21)
FN:244,(anonymous_22)
FN:247,(anonymous_23)
FN:255,(anonymous_24)
FN:257,(anonymous_25)
FN:263,(anonymous_26)
FN:272,(anonymous_27)
FN:285,(anonymous_28)
FN:315,(anonymous_29)
FN:324,(anonymous_30)
FN:335,(anonymous_31)
FN:336,(anonymous_32)
FN:370,(anonymous_33)
FN:383,(anonymous_34)
FN:405,(anonymous_35)
FN:414,(anonymous_36)
FN:429,(anonymous_37)
FN:443,(anonymous_38)
FN:469,(anonymous_39)
FN:483,(anonymous_40)
FN:491,(anonymous_41)
FN:500,(anonymous_42)
FN:513,(anonymous_43)
FN:546,(anonymous_44)
FN:555,(anonymous_45)
FN:568,(anonymous_46)
FN:580,(anonymous_47)
FN:589,(anonymous_48)
FN:590,(anonymous_49)
FN:601,(anonymous_50)
FN:615,(anonymous_51)
FN:628,(anonymous_52)
FN:651,(anonymous_53)
FN:697,(anonymous_54)
FN:724,(anonymous_55)
FN:726,(anonymous_56)
FNF:57
FNH:0
FNDA:0,(anonymous_0)
FNDA:0,(anonymous_1)
FNDA:0,(anonymous_2)
FNDA:0,(anonymous_3)
FNDA:0,(anonymous_4)
FNDA:0,(anonymous_5)
FNDA:0,(anonymous_6)
FNDA:0,(anonymous_7)
FNDA:0,(anonymous_8)
FNDA:0,(anonymous_9)
FNDA:0,(anonymous_10)
FNDA:0,(anonymous_11)
FNDA:0,(anonymous_12)
FNDA:0,(anonymous_13)
FNDA:0,(anonymous_14)
FNDA:0,(anonymous_15)
FNDA:0,(anonymous_16)
FNDA:0,(anonymous_17)
FNDA:0,(anonymous_18)
FNDA:0,(anonymous_19)
FNDA:0,(anonymous_20)
FNDA:0,(anonymous_21)
FNDA:0,(anonymous_22)
FNDA:0,(anonymous_23)
FNDA:0,(anonymous_24)
FNDA:0,(anonymous_25)
FNDA:0,(anonymous_26)
FNDA:0,(anonymous_27)
FNDA:0,(anonymous_28)
FNDA:0,(anonymous_29)
FNDA:0,(anonymous_30)
FNDA:0,(anonymous_31)
FNDA:0,(anonymous_32)
FNDA:0,(anonymous_33)
FNDA:0,(anonymous_34)
FNDA:0,(anonymous_35)
FNDA:0,(anonymous_36)
FNDA:0,(anonymous_37)
FNDA:0,(anonymous_38)
FNDA:0,(anonymous_39)
FNDA:0,(anonymous_40)
FNDA:0,(anonymous_41)
FNDA:0,(anonymous_42)
FNDA:0,(anonymous_43)
FNDA:0,(anonymous_44)
FNDA:0,(anonymous_45)
FNDA:0,(anonymous_46)
FNDA:0,(anonymous_47)
FNDA:0,(anonymous_48)
FNDA:0,(anonymous_49)
FNDA:0,(anonymous_50)
FNDA:0,(anonymous_51)
FNDA:0,(anonymous_52)
FNDA:0,(anonymous_53)
FNDA:0,(anonymous_54)
FNDA:0,(anonymous_55)
FNDA:0,(anonymous_56)
DA:1,0
DA:2,0
DA:3,0
DA:4,0
DA:8,0
DA:9,0
DA:10,0
DA:11,0
DA:12,0
DA:15,0
DA:16,0
DA:17,0
DA:20,0
DA:27,0
DA:29,0
DA:32,0
DA:35,0
DA:37,0
DA:39,0
DA:47,0
DA:74,0
DA:81,0
DA:108,0
DA:115,0
DA:117,0
DA:119,0
DA:127,0
DA:128,0
DA:138,0
DA:139,0
DA:146,0
DA:154,0
DA:161,0
DA:163,0
DA:164,0
DA:165,0
DA:169,0
DA:170,0
DA:172,0
DA:179,0
DA:181,0
DA:182,0
DA:183,0
DA:187,0
DA:188,0
DA:190,0
DA:197,0
DA:198,0
DA:200,0
DA:202,0
DA:204,0
DA:205,0
DA:206,0
DA:213,0
DA:219,0
DA:226,0
DA:228,0
DA:229,0
DA:230,0
DA:231,0
DA:235,0
DA:236,0
DA:238,0
DA:245,0
DA:247,0
DA:248,0
DA:249,0
DA:250,0
DA:254,0
DA:255,0
DA:257,0
DA:266,0
DA:273,0
DA:277,0
DA:278,0
DA:279,0
DA:286,0
DA:288,0
DA:289,0
DA:291,0
DA:292,0
DA:296,0
DA:305,0
DA:307,0
DA:308,0
DA:316,0
DA:319,0
DA:320,0
DA:321,0
DA:322,0
DA:324,0
DA:325,0
DA:326,0
DA:332,0
DA:333,0
DA:335,0
DA:336,0
DA:337,0
DA:338,0
DA:344,0
DA:345,0
DA:346,0
DA:350,0
DA:351,0
DA:353,0
DA:354,0
DA:358,0
DA:359,0
DA:360,0
DA:361,0
DA:364,0
DA:371,0
DA:379,0
DA:380,0
DA:381,0
DA:383,0
DA:384,0
DA:385,0
DA:391,0
DA:392,0
DA:393,0
DA:394,0
DA:395,0
DA:396,0
DA:399,0
DA:406,0
DA:413,0
DA:414,0
DA:415,0
DA:416,0
DA:417,0
DA:418,0
DA:419,0
DA:425,0
DA:426,0
DA:427,0
DA:429,0
DA:430,0
DA:431,0
DA:432,0
DA:437,0
DA:444,0
DA:447,0
DA:448,0
DA:449,0
DA:451,0
DA:452,0
DA:453,0
DA:456,0
DA:457,0
DA:458,0
DA:461,0
DA:462,0
DA:463,0
DA:468,0
DA:469,0
DA:470,0
DA:471,0
DA:472,0
DA:473,0
DA:477,0
DA:484,0
DA:487,0
DA:488,0
DA:489,0
DA:491,0
DA:492,0
DA:493,0
DA:499,0
DA:500,0
DA:501,0
DA:502,0
DA:503,0
DA:507,0
DA:514,0
DA:517,0
DA:518,0
DA:520,0
DA:521,0
DA:525,0
DA:526,0
DA:527,0
DA:531,0
DA:532,0
DA:534,0
DA:535,0
DA:536,0
DA:537,0
DA:540,0
DA:547,0
DA:549,0
DA:550,0
DA:553,0
DA:554,0
DA:555,0
DA:556,0
DA:557,0
DA:562,0
DA:569,0
DA:570,0
DA:572,0
DA:581,0
DA:588,0
DA:589,0
DA:590,0
DA:591,0
DA:595,0
DA:602,0
DA:609,0
DA:616,0
DA:622,0
DA:629,0
DA:652,0
DA:653,0
DA:654,0
DA:657,0
DA:659,0
DA:660,0
DA:666,0
DA:668,0
DA:669,0
DA:673,0
DA:675,0
DA:676,0
DA:680,0
DA:684,0
DA:687,0
DA:690,0
DA:698,0
DA:699,0
DA:700,0
DA:702,0
DA:703,0
DA:707,0
DA:712,0
DA:713,0
DA:714,0
DA:715,0
DA:723,0
DA:724,0
DA:726,0
DA:734,0
DA:735,0
DA:740,0
LF:244
LH:0
BRDA:129,0,0,0
BRDA:129,0,1,0
BRDA:130,1,0,0
BRDA:130,1,1,0
BRDA:131,2,0,0
BRDA:131,2,1,0
BRDA:132,3,0,0
BRDA:132,3,1,0
BRDA:133,4,0,0
BRDA:133,4,1,0
BRDA:134,5,0,0
BRDA:134,5,1,0
BRDA:164,6,0,0
BRDA:164,6,1,0
BRDA:165,7,0,0
BRDA:165,7,1,0
BRDA:182,8,0,0
BRDA:182,8,1,0
BRDA:183,9,0,0
BRDA:183,9,1,0
BRDA:200,10,0,0
BRDA:200,10,1,0
BRDA:204,11,0,0
BRDA:204,11,1,0
BRDA:205,12,0,0
BRDA:205,12,1,0
BRDA:229,13,0,0
BRDA:229,13,1,0
BRDA:231,14,0,0
BRDA:231,14,1,0
BRDA:248,15,0,0
BRDA:248,15,1,0
BRDA:250,16,0,0
BRDA:250,16,1,0
BRDA:277,17,0,0
BRDA:277,17,1,0
BRDA:278,18,0,0
BRDA:278,18,1,0
BRDA:291,19,0,0
BRDA:291,19,1,0
BRDA:291,20,0,0
BRDA:291,20,1,0
BRDA:320,21,0,0
BRDA:320,21,1,0
BRDA:325,22,0,0
BRDA:325,22,1,0
BRDA:332,23,0,0
BRDA:332,23,1,0
BRDA:337,24,0,0
BRDA:337,24,1,0
BRDA:345,25,0,0
BRDA:345,25,1,0
BRDA:353,26,0,0
BRDA:353,26,1,0
BRDA:360,27,0,0
BRDA:360,27,1,0
BRDA:380,28,0,0
BRDA:380,28,1,0
BRDA:384,29,0,0
BRDA:384,29,1,0
BRDA:391,30,0,0
BRDA:391,30,1,0
BRDA:394,31,0,0
BRDA:394,31,1,0
BRDA:416,32,0,0
BRDA:416,32,1,0
BRDA:418,33,0,0
BRDA:418,33,1,0
BRDA:426,34,0,0
BRDA:426,34,1,0
BRDA:430,35,0,0
BRDA:430,35,1,0
BRDA:448,36,0,0
BRDA:448,36,1,0
BRDA:451,37,0,0
BRDA:451,37,1,0
BRDA:456,38,0,0
BRDA:456,38,1,0
BRDA:461,39,0,0
BRDA:461,39,1,0
BRDA:471,40,0,0
BRDA:471,40,1,0
BRDA:471,41,0,0
BRDA:471,41,1,0
BRDA:488,42,0,0
BRDA:488,42,1,0
BRDA:492,43,0,0
BRDA:492,43,1,0
BRDA:502,44,0,0
BRDA:502,44,1,0
BRDA:520,45,0,0
BRDA:520,45,1,0
BRDA:526,46,0,0
BRDA:526,46,1,0
BRDA:534,47,0,0
BRDA:534,47,1,0
BRDA:534,48,0,0
BRDA:534,48,1,0
BRDA:536,49,0,0
BRDA:536,49,1,0
BRDA:536,50,0,0
BRDA:536,50,1,0
BRDA:549,51,0,0
BRDA:549,51,1,0
BRDA:553,52,0,0
BRDA:553,52,1,0
BRDA:556,53,0,0
BRDA:556,53,1,0
BRDA:572,54,0,0
BRDA:572,54,1,0
BRDA:572,54,2,0
BRDA:589,55,0,0
BRDA:589,55,1,0
BRDA:589,56,0,0
BRDA:589,56,1,0
BRDA:609,57,0,0
BRDA:609,57,1,0
BRDA:622,58,0,0
BRDA:622,58,1,0
BRDA:654,59,0,0
BRDA:654,59,1,0
BRDA:657,60,0,0
BRDA:657,60,1,0
BRDA:657,60,2,0
BRDA:659,61,0,0
BRDA:659,61,1,0
BRDA:668,62,0,0
BRDA:668,62,1,0
BRDA:675,63,0,0
BRDA:675,63,1,0
BRDA:697,64,0,0
BRDA:702,65,0,0
BRDA:702,65,1,0
BRDA:702,66,0,0
BRDA:702,66,1,0
BRF:135
BRH:0
end_of_record
TN:
SF:services\crisisCommunicationService.js
FN:9,(anonymous_0)
FN:50,(anonymous_1)
FN:100,(anonymous_2)
FN:113,(anonymous_3)
FN:126,(anonymous_4)
FN:143,(anonymous_5)
FN:156,(anonymous_6)
FN:183,(anonymous_7)
FN:200,(anonymous_8)
FN:276,(anonymous_9)
FN:296,(anonymous_10)
FN:297,(anonymous_11)
FN:333,(anonymous_12)
FN:381,(anonymous_13)
FN:395,(anonymous_14)
FN:427,(anonymous_15)
FN:457,(anonymous_16)
FN:460,(anonymous_17)
FN:469,(anonymous_18)
FN:490,(anonymous_19)
FN:504,(anonymous_20)
FN:509,(anonymous_21)
FN:520,(anonymous_22)
FN:533,(anonymous_23)
FN:540,(anonymous_24)
FN:542,(anonymous_25)
FN:548,(anonymous_26)
FN:551,(anonymous_27)
FN:552,(anonymous_28)
FN:559,(anonymous_29)
FN:601,(anonymous_30)
FN:604,(anonymous_31)
FN:605,(anonymous_32)
FN:610,(anonymous_33)
FN:611,(anonymous_34)
FN:615,(anonymous_35)
FN:617,(anonymous_36)
FN:624,(anonymous_37)
FN:627,(anonymous_38)
FNF:39
FNH:18
FNDA:13,(anonymous_0)
FNDA:4,(anonymous_1)
FNDA:2,(anonymous_2)
FNDA:1,(anonymous_3)
FNDA:1,(anonymous_4)
FNDA:2,(anonymous_5)
FNDA:1,(anonymous_6)
FNDA:3,(anonymous_7)
FNDA:6,(anonymous_8)
FNDA:0,(anonymous_9)
FNDA:0,(anonymous_10)
FNDA:0,(anonymous_11)
FNDA:0,(anonymous_12)
FNDA:0,(anonymous_13)
FNDA:0,(anonymous_14)
FNDA:0,(anonymous_15)
FNDA:1,(anonymous_16)
FNDA:1,(anonymous_17)
FNDA:1,(anonymous_18)
FNDA:1,(anonymous_19)
FNDA:1,(anonymous_20)
FNDA:0,(anonymous_21)
FNDA:0,(anonymous_22)
FNDA:0,(anonymous_23)
FNDA:0,(anonymous_24)
FNDA:0,(anonymous_25)
FNDA:0,(anonymous_26)
FNDA:0,(anonymous_27)
FNDA:0,(anonymous_28)
FNDA:0,(anonymous_29)
FNDA:1,(anonymous_30)
FNDA:1,(anonymous_31)
FNDA:0,(anonymous_32)
FNDA:0,(anonymous_33)
FNDA:0,(anonymous_34)
FNDA:0,(anonymous_35)
FNDA:0,(anonymous_36)
FNDA:1,(anonymous_37)
FNDA:4,(anonymous_38)
DA:1,13
DA:2,13
DA:3,13
DA:4,13
DA:5,13
DA:6,13
DA:11,13
DA:22,13
DA:23,13
DA:24,13
DA:27,13
DA:28,0
DA:33,13
DA:34,0
DA:39,13
DA:40,0
DA:51,4
DA:52,4
DA:53,4
DA:54,1
DA:58,3
DA:59,1
DA:61,1
DA:62,0
DA:63,0
DA:64,0
DA:69,0
DA:71,0
DA:89,0
DA:90,0
DA:92,4
DA:93,4
DA:101,2
DA:102,2
DA:103,2
DA:105,0
DA:106,0
DA:114,1
DA:115,1
DA:116,1
DA:118,0
DA:119,0
DA:127,1
DA:128,1
DA:133,1
DA:135,0
DA:136,0
DA:144,2
DA:145,2
DA:146,2
DA:148,0
DA:149,0
DA:157,1
DA:158,1
DA:159,1
DA:160,0
DA:163,1
DA:171,1
DA:172,1
DA:173,1
DA:175,0
DA:176,0
DA:184,3
DA:185,3
DA:190,1
DA:192,2
DA:193,2
DA:201,6
DA:202,6
DA:203,6
DA:204,1
DA:207,5
DA:219,5
DA:220,5
DA:221,5
DA:223,1
DA:224,0
DA:225,0
DA:227,1
DA:228,0
DA:229,0
DA:231,1
DA:232,0
DA:233,0
DA:235,1
DA:236,0
DA:237,0
DA:239,0
DA:240,0
DA:241,0
DA:243,1
DA:246,5
DA:247,5
DA:250,5
DA:251,5
DA:254,5
DA:265,5
DA:266,5
DA:268,1
DA:269,1
DA:277,0
DA:278,0
DA:279,0
DA:280,0
DA:283,0
DA:293,0
DA:296,0
DA:297,0
DA:300,0
DA:301,0
DA:302,0
DA:303,0
DA:307,0
DA:308,0
DA:312,0
DA:322,0
DA:323,0
DA:325,0
DA:326,0
DA:334,0
DA:335,0
DA:337,0
DA:344,0
DA:345,0
DA:348,0
DA:349,0
DA:360,0
DA:370,0
DA:371,0
DA:373,0
DA:374,0
DA:382,0
DA:383,0
DA:384,0
DA:385,0
DA:388,0
DA:389,0
DA:392,0
DA:395,0
DA:407,0
DA:416,0
DA:417,0
DA:419,0
DA:420,0
DA:428,0
DA:429,0
DA:430,0
DA:431,0
DA:434,0
DA:448,0
DA:450,0
DA:451,0
DA:458,1
DA:460,1
DA:466,1
DA:470,1
DA:471,1
DA:474,0
DA:487,0
DA:491,1
DA:492,1
DA:495,0
DA:501,0
DA:505,1
DA:506,1
DA:509,0
DA:510,0
DA:517,0
DA:522,0
DA:530,0
DA:534,0
DA:535,0
DA:536,0
DA:537,0
DA:541,0
DA:542,0
DA:545,0
DA:550,0
DA:551,0
DA:552,0
DA:560,0
DA:602,1
DA:604,1
DA:605,1
DA:606,0
DA:609,0
DA:611,0
DA:615,0
DA:617,0
DA:621,0
DA:625,1
DA:627,1
DA:628,4
DA:629,2
DA:636,4
DA:637,4
DA:638,3
DA:639,1
DA:640,1
DA:644,1
DA:648,13
LF:201
LH:91
BRDA:12,0,0,13
BRDA:12,0,1,13
BRDA:13,1,0,13
BRDA:13,1,1,13
BRDA:27,2,0,0
BRDA:27,2,1,13
BRDA:33,3,0,0
BRDA:33,3,1,13
BRDA:39,4,0,0
BRDA:39,4,1,13
BRDA:39,5,0,13
BRDA:39,5,1,0
BRDA:53,6,0,1
BRDA:53,6,1,3
BRDA:63,7,0,0
BRDA:63,7,1,0
BRDA:63,8,0,0
BRDA:63,8,1,0
BRDA:74,9,0,0
BRDA:74,9,1,0
BRDA:75,10,0,0
BRDA:75,10,1,0
BRDA:77,11,0,0
BRDA:77,11,1,0
BRDA:79,12,0,0
BRDA:79,12,1,0
BRDA:80,13,0,0
BRDA:80,13,1,0
BRDA:81,14,0,0
BRDA:81,14,1,0
BRDA:85,15,0,0
BRDA:85,15,1,0
BRDA:159,16,0,0
BRDA:159,16,1,1
BRDA:203,17,0,1
BRDA:203,17,1,5
BRDA:215,18,0,5
BRDA:215,18,1,5
BRDA:221,19,0,1
BRDA:221,19,1,1
BRDA:221,19,2,1
BRDA:221,19,3,1
BRDA:221,19,4,0
BRDA:221,19,5,1
BRDA:257,20,0,5
BRDA:257,20,1,0
BRDA:279,21,0,0
BRDA:279,21,1,0
BRDA:288,22,0,0
BRDA:288,22,1,0
BRDA:289,23,0,0
BRDA:289,23,1,0
BRDA:300,24,0,0
BRDA:300,24,1,0
BRDA:307,25,0,0
BRDA:307,25,1,0
BRDA:339,26,0,0
BRDA:339,26,1,0
BRDA:363,27,0,0
BRDA:363,27,1,0
BRDA:384,28,0,0
BRDA:384,28,1,0
BRDA:402,29,0,0
BRDA:402,29,1,0
BRDA:403,30,0,0
BRDA:403,30,1,0
BRDA:410,31,0,0
BRDA:410,31,1,0
BRDA:430,32,0,0
BRDA:430,32,1,0
BRDA:459,33,0,1
BRDA:459,33,1,1
BRDA:470,34,0,1
BRDA:470,34,1,0
BRDA:491,35,0,1
BRDA:491,35,1,0
BRDA:505,36,0,1
BRDA:505,36,1,0
BRDA:534,37,0,0
BRDA:534,37,1,0
BRDA:535,38,0,0
BRDA:535,38,1,0
BRDA:536,39,0,0
BRDA:536,39,1,0
BRDA:541,40,0,0
BRDA:541,40,1,0
BRDA:551,41,0,0
BRDA:551,41,1,0
BRDA:614,42,0,0
BRDA:614,42,1,0
BRDA:616,43,0,0
BRDA:616,43,1,0
BRDA:628,44,0,2
BRDA:628,44,1,2
BRDA:637,45,0,3
BRDA:637,45,1,1
BRDA:637,46,0,4
BRDA:637,46,1,1
BRDA:639,47,0,1
BRDA:639,47,1,0
BRF:100
BRH:33
end_of_record
TN:
SF:services\enhancedNewsService.js
FN:7,(anonymous_0)
FN:111,(anonymous_1)
FN:135,(anonymous_2)
FN:165,(anonymous_3)
FN:199,(anonymous_4)
FN:217,(anonymous_5)
FN:248,(anonymous_6)
FN:257,(anonymous_7)
FN:288,(anonymous_8)
FN:330,(anonymous_9)
FN:352,(anonymous_10)
FN:378,(anonymous_11)
FN:396,(anonymous_12)
FN:420,(anonymous_13)
FN:432,(anonymous_14)
FN:438,(anonymous_15)
FN:446,(anonymous_16)
FN:447,(anonymous_17)
FN:454,(anonymous_18)
FN:464,(anonymous_19)
FN:484,(anonymous_20)
FN:558,(anonymous_21)
FN:570,(anonymous_22)
FN:593,(anonymous_23)
FN:605,(anonymous_24)
FN:628,(anonymous_25)
FN:632,(anonymous_26)
FN:672,(anonymous_27)
FN:692,(anonymous_28)
FN:709,(anonymous_29)
FN:714,(anonymous_30)
FN:715,(anonymous_31)
FN:716,(anonymous_32)
FN:724,(anonymous_33)
FN:728,(anonymous_34)
FN:741,(anonymous_35)
FN:757,(anonymous_36)
FN:761,(anonymous_37)
FN:773,(anonymous_38)
FN:784,(anonymous_39)
FN:812,(anonymous_40)
FN:825,(anonymous_41)
FN:828,(anonymous_42)
FN:837,(anonymous_43)
FN:840,(anonymous_44)
FN:845,(anonymous_45)
FN:855,(anonymous_46)
FN:863,(anonymous_47)
FN:867,(anonymous_48)
FN:871,(anonymous_49)
FN:883,(anonymous_50)
FN:901,(anonymous_51)
FN:913,(anonymous_52)
FN:921,(anonymous_53)
FN:924,(anonymous_54)
FN:934,(anonymous_55)
FN:974,(anonymous_56)
FNF:57
FNH:18
FNDA:12,(anonymous_0)
FNDA:2,(anonymous_1)
FNDA:2,(anonymous_2)
FNDA:2,(anonymous_3)
FNDA:3,(anonymous_4)
FNDA:1,(anonymous_5)
FNDA:3,(anonymous_6)
FNDA:0,(anonymous_7)
FNDA:0,(anonymous_8)
FNDA:0,(anonymous_9)
FNDA:0,(anonymous_10)
FNDA:0,(anonymous_11)
FNDA:0,(anonymous_12)
FNDA:0,(anonymous_13)
FNDA:0,(anonymous_14)
FNDA:0,(anonymous_15)
FNDA:0,(anonymous_16)
FNDA:0,(anonymous_17)
FNDA:0,(anonymous_18)
FNDA:0,(anonymous_19)
FNDA:0,(anonymous_20)
FNDA:3,(anonymous_21)
FNDA:1,(anonymous_22)
FNDA:2,(anonymous_23)
FNDA:1,(anonymous_24)
FNDA:0,(anonymous_25)
FNDA:0,(anonymous_26)
FNDA:0,(anonymous_27)
FNDA:4,(anonymous_28)
FNDA:3,(anonymous_29)
FNDA:14,(anonymous_30)
FNDA:10,(anonymous_31)
FNDA:8,(anonymous_32)
FNDA:0,(anonymous_33)
FNDA:0,(anonymous_34)
FNDA:0,(anonymous_35)
FNDA:0,(anonymous_36)
FNDA:0,(anonymous_37)
FNDA:0,(anonymous_38)
FNDA:0,(anonymous_39)
FNDA:0,(anonymous_40)
FNDA:0,(anonymous_41)
FNDA:0,(anonymous_42)
FNDA:0,(anonymous_43)
FNDA:0,(anonymous_44)
FNDA:0,(anonymous_45)
FNDA:0,(anonymous_46)
FNDA:0,(anonymous_47)
FNDA:0,(anonymous_48)
FNDA:0,(anonymous_49)
FNDA:0,(anonymous_50)
FNDA:0,(anonymous_51)
FNDA:0,(anonymous_52)
FNDA:0,(anonymous_53)
FNDA:0,(anonymous_54)
FNDA:3,(anonymous_55)
FNDA:2,(anonymous_56)
DA:1,12
DA:2,12
DA:3,12
DA:4,12
DA:9,12
DA:38,12
DA:66,12
DA:85,12
DA:94,12
DA:102,12
DA:112,2
DA:114,2
DA:116,2
DA:117,2
DA:120,2
DA:121,2
DA:123,2
DA:124,2
DA:127,0
DA:128,0
DA:136,2
DA:138,2
DA:140,2
DA:141,0
DA:142,0
DA:146,2
DA:147,0
DA:148,0
DA:154,2
DA:157,0
DA:158,0
DA:166,2
DA:168,2
DA:170,2
DA:171,0
DA:172,0
DA:176,2
DA:177,0
DA:178,0
DA:183,2
DA:184,0
DA:185,0
DA:188,2
DA:191,0
DA:192,0
DA:200,3
DA:201,3
DA:203,3
DA:217,1
DA:240,2
DA:241,2
DA:249,3
DA:250,3
DA:251,3
DA:258,0
DA:260,0
DA:271,0
DA:272,0
DA:275,0
DA:276,0
DA:277,0
DA:288,0
DA:312,0
DA:314,0
DA:318,0
DA:321,0
DA:322,0
DA:331,0
DA:333,0
DA:334,0
DA:335,0
DA:340,0
DA:352,0
DA:370,0
DA:371,0
DA:379,0
DA:380,0
DA:381,0
DA:383,0
DA:390,0
DA:397,0
DA:398,0
DA:410,0
DA:412,0
DA:413,0
DA:421,0
DA:429,0
DA:432,0
DA:433,0
DA:437,0
DA:438,0
DA:439,0
DA:443,0
DA:444,0
DA:446,0
DA:447,0
DA:449,0
DA:450,0
DA:453,0
DA:454,0
DA:455,0
DA:458,0
DA:465,0
DA:467,0
DA:468,0
DA:469,0
DA:470,0
DA:471,0
DA:474,0
DA:478,0
DA:485,0
DA:487,0
DA:488,0
DA:492,0
DA:493,0
DA:496,0
DA:497,0
DA:498,0
DA:504,0
DA:505,0
DA:506,0
DA:509,0
DA:512,0
DA:552,0
DA:559,3
DA:560,3
DA:570,1
DA:585,2
DA:586,2
DA:594,2
DA:595,2
DA:605,1
DA:620,1
DA:621,1
DA:629,0
DA:632,0
DA:633,0
DA:636,0
DA:637,0
DA:641,0
DA:644,0
DA:647,0
DA:650,0
DA:653,0
DA:656,0
DA:658,0
DA:673,0
DA:680,0
DA:681,0
DA:682,0
DA:686,0
DA:693,4
DA:694,4
DA:695,3
DA:696,2
DA:697,2
DA:698,2
DA:699,2
DA:700,2
DA:701,2
DA:703,2
DA:710,3
DA:711,3
DA:712,3
DA:714,14
DA:715,10
DA:716,8
DA:718,2
DA:725,0
DA:728,0
DA:729,0
DA:731,0
DA:734,0
DA:741,0
DA:742,0
DA:744,0
DA:747,0
DA:748,0
DA:749,0
DA:751,0
DA:758,0
DA:761,0
DA:762,0
DA:763,0
DA:767,0
DA:774,0
DA:775,0
DA:776,0
DA:778,0
DA:785,0
DA:788,0
DA:789,0
DA:791,0
DA:792,0
DA:794,0
DA:795,0
DA:799,0
DA:800,0
DA:802,0
DA:803,0
DA:806,0
DA:813,0
DA:821,0
DA:825,0
DA:826,0
DA:827,0
DA:828,0
DA:833,0
DA:837,0
DA:838,0
DA:839,0
DA:840,0
DA:845,0
DA:846,0
DA:849,0
DA:856,0
DA:857,0
DA:858,0
DA:860,0
DA:861,0
DA:863,0
DA:864,0
DA:867,0
DA:868,0
DA:871,0
DA:872,0
DA:875,0
DA:876,0
DA:877,0
DA:884,0
DA:885,0
DA:888,0
DA:901,0
DA:902,0
DA:903,0
DA:907,0
DA:914,0
DA:915,0
DA:917,0
DA:919,0
DA:921,0
DA:922,0
DA:924,0
DA:925,0
DA:928,0
DA:935,3
DA:937,3
DA:938,4
DA:940,4
DA:948,4
DA:949,3
DA:950,2
DA:951,2
DA:954,1
DA:959,3
DA:960,1
DA:961,1
DA:962,1
DA:964,0
DA:968,3
DA:975,2
DA:976,2
DA:979,2
DA:980,2
DA:983,2
DA:984,2
DA:987,2
DA:988,2
DA:990,2
DA:993,0
DA:994,0
DA:999,12
LF:272
LH:89
BRDA:44,0,0,12
BRDA:44,0,1,0
BRDA:51,1,0,12
BRDA:51,1,1,0
BRDA:57,2,0,12
BRDA:57,2,1,0
BRDA:140,3,0,0
BRDA:140,3,1,2
BRDA:146,4,0,0
BRDA:146,4,1,2
BRDA:170,5,0,0
BRDA:170,5,1,2
BRDA:176,6,0,0
BRDA:176,6,1,2
BRDA:183,7,0,0
BRDA:183,7,1,2
BRDA:217,8,0,1
BRDA:217,8,1,0
BRDA:219,9,0,0
BRDA:219,9,1,1
BRDA:231,10,0,1
BRDA:231,10,1,0
BRDA:232,11,0,1
BRDA:232,11,1,0
BRDA:233,12,0,1
BRDA:233,12,1,1
BRDA:291,13,0,0
BRDA:291,13,1,0
BRDA:292,14,0,0
BRDA:292,14,1,0
BRDA:333,15,0,0
BRDA:333,15,1,0
BRDA:333,16,0,0
BRDA:333,16,1,0
BRDA:352,17,0,0
BRDA:352,17,1,0
BRDA:354,18,0,0
BRDA:354,18,1,0
BRDA:355,19,0,0
BRDA:355,19,1,0
BRDA:363,20,0,0
BRDA:363,20,1,0
BRDA:380,21,0,0
BRDA:380,21,1,0
BRDA:401,22,0,0
BRDA:401,22,1,0
BRDA:438,23,0,0
BRDA:438,23,1,0
BRDA:449,24,0,0
BRDA:449,24,1,0
BRDA:450,25,0,0
BRDA:450,25,1,0
BRDA:454,26,0,0
BRDA:454,26,1,0
BRDA:470,27,0,0
BRDA:470,27,1,0
BRDA:487,28,0,0
BRDA:487,28,1,0
BRDA:492,29,0,0
BRDA:492,29,1,0
BRDA:497,30,0,0
BRDA:497,30,1,0
BRDA:498,31,0,0
BRDA:498,31,1,0
BRDA:499,32,0,0
BRDA:499,32,1,0
BRDA:500,33,0,0
BRDA:500,33,1,0
BRDA:501,34,0,0
BRDA:501,34,1,0
BRDA:504,35,0,0
BRDA:504,35,1,0
BRDA:505,36,0,0
BRDA:505,36,1,0
BRDA:506,37,0,0
BRDA:506,37,1,0
BRDA:517,38,0,0
BRDA:517,38,1,0
BRDA:521,39,0,0
BRDA:521,39,1,0
BRDA:533,40,0,0
BRDA:533,40,1,0
BRDA:534,41,0,0
BRDA:534,41,1,0
BRDA:535,42,0,0
BRDA:535,42,1,0
BRDA:536,43,0,0
BRDA:536,43,1,0
BRDA:543,44,0,0
BRDA:543,44,1,0
BRDA:544,45,0,0
BRDA:544,45,1,0
BRDA:545,46,0,0
BRDA:545,46,1,0
BRDA:576,47,0,1
BRDA:576,47,1,0
BRDA:611,48,0,1
BRDA:611,48,1,0
BRDA:636,49,0,0
BRDA:636,49,1,0
BRDA:681,50,0,0
BRDA:681,50,1,0
BRDA:693,51,0,0
BRDA:693,51,1,4
BRDA:693,52,0,4
BRDA:693,52,1,4
BRDA:694,53,0,1
BRDA:694,53,1,3
BRDA:694,54,0,4
BRDA:694,54,1,4
BRDA:695,55,0,1
BRDA:695,55,1,2
BRDA:695,56,0,3
BRDA:695,56,1,2
BRDA:696,57,0,0
BRDA:696,57,1,2
BRDA:696,58,0,2
BRDA:696,58,1,2
BRDA:697,59,0,0
BRDA:697,59,1,2
BRDA:697,60,0,2
BRDA:697,60,1,2
BRDA:698,61,0,0
BRDA:698,61,1,2
BRDA:698,62,0,2
BRDA:698,62,1,2
BRDA:699,63,0,0
BRDA:699,63,1,2
BRDA:699,64,0,2
BRDA:699,64,1,2
BRDA:700,65,0,0
BRDA:700,65,1,2
BRDA:700,66,0,2
BRDA:700,66,1,2
BRDA:701,67,0,0
BRDA:701,67,1,2
BRDA:701,68,0,2
BRDA:701,68,1,2
BRDA:714,69,0,1
BRDA:714,69,1,2
BRDA:715,70,0,0
BRDA:715,70,1,2
BRDA:716,71,0,0
BRDA:716,71,1,2
BRDA:747,72,0,0
BRDA:747,72,1,0
BRDA:747,73,0,0
BRDA:747,73,1,0
BRDA:748,74,0,0
BRDA:748,74,1,0
BRDA:748,75,0,0
BRDA:748,75,1,0
BRDA:749,76,0,0
BRDA:749,76,1,0
BRDA:749,77,0,0
BRDA:749,77,1,0
BRDA:762,78,0,0
BRDA:762,78,1,0
BRDA:774,79,0,0
BRDA:774,79,1,0
BRDA:774,80,0,0
BRDA:774,80,1,0
BRDA:775,81,0,0
BRDA:775,81,1,0
BRDA:775,82,0,0
BRDA:775,82,1,0
BRDA:776,83,0,0
BRDA:776,83,1,0
BRDA:776,84,0,0
BRDA:776,84,1,0
BRDA:788,85,0,0
BRDA:788,85,1,0
BRDA:788,86,0,0
BRDA:788,86,1,0
BRDA:791,87,0,0
BRDA:791,87,1,0
BRDA:791,88,0,0
BRDA:791,88,1,0
BRDA:794,89,0,0
BRDA:794,89,1,0
BRDA:794,90,0,0
BRDA:794,90,1,0
BRDA:799,91,0,0
BRDA:799,91,1,0
BRDA:799,92,0,0
BRDA:799,92,1,0
BRDA:802,93,0,0
BRDA:802,93,1,0
BRDA:802,94,0,0
BRDA:802,94,1,0
BRDA:806,95,0,0
BRDA:806,95,1,0
BRDA:827,96,0,0
BRDA:827,96,1,0
BRDA:839,97,0,0
BRDA:839,97,1,0
BRDA:864,98,0,0
BRDA:864,98,1,0
BRDA:868,99,0,0
BRDA:868,99,1,0
BRDA:872,100,0,0
BRDA:872,100,1,0
BRDA:875,101,0,0
BRDA:875,101,1,0
BRDA:876,102,0,0
BRDA:876,102,1,0
BRDA:902,103,0,0
BRDA:902,103,1,0
BRDA:917,104,0,0
BRDA:917,104,1,0
BRDA:921,105,0,0
BRDA:921,105,1,0
BRDA:924,106,0,0
BRDA:924,106,1,0
BRDA:948,107,0,3
BRDA:948,107,1,1
BRDA:959,108,0,1
BRDA:959,108,1,2
BRF:218
BRH:53
end_of_record
TN:
SF:services\mockAIIntelligenceService.js
FN:3,(anonymous_0)
FN:7,(anonymous_1)
FN:12,(anonymous_2)
FN:46,(anonymous_3)
FN:51,(anonymous_4)
FN:60,(anonymous_5)
FNF:6
FNH:0
FNDA:0,(anonymous_0)
FNDA:0,(anonymous_1)
FNDA:0,(anonymous_2)
FNDA:0,(anonymous_3)
FNDA:0,(anonymous_4)
FNDA:0,(anonymous_5)
DA:4,0
DA:8,0
DA:9,0
DA:13,0
DA:16,0
DA:43,0
DA:47,0
DA:48,0
DA:52,0
DA:53,0
DA:61,0
DA:63,0
DA:82,0
LF:13
LH:0
BRDA:12,0,0,0
BRF:1
BRH:0
end_of_record
TN:
SF:services\newsService.js
FN:6,(anonymous_0)
FN:61,(anonymous_1)
FN:107,(anonymous_2)
FN:119,(anonymous_3)
FN:142,(anonymous_4)
FN:154,(anonymous_5)
FN:177,(anonymous_6)
FN:190,(anonymous_7)
FN:216,(anonymous_8)
FN:230,(anonymous_9)
FN:260,(anonymous_10)
FN:276,(anonymous_11)
FN:305,(anonymous_12)
FN:325,(anonymous_13)
FN:371,(anonymous_14)
FN:413,(anonymous_15)
FN:441,(anonymous_16)
FN:454,(anonymous_17)
FN:457,(anonymous_18)
FN:466,(anonymous_19)
FN:469,(anonymous_20)
FN:474,(anonymous_21)
FN:484,(anonymous_22)
FN:492,(anonymous_23)
FN:496,(anonymous_24)
FN:500,(anonymous_25)
FN:512,(anonymous_26)
FN:530,(anonymous_27)
FN:542,(anonymous_28)
FN:550,(anonymous_29)
FN:553,(anonymous_30)
FN:563,(anonymous_31)
FN:567,(anonymous_32)
FN:607,(anonymous_33)
FN:635,(anonymous_34)
FN:652,(anonymous_35)
FN:657,(anonymous_36)
FN:658,(anonymous_37)
FN:659,(anonymous_38)
FN:667,(anonymous_39)
FN:671,(anonymous_40)
FN:677,(anonymous_41)
FN:693,(anonymous_42)
FN:697,(anonymous_43)
FN:704,(anonymous_44)
FN:716,(anonymous_45)
FN:727,(anonymous_46)
FN:767,(anonymous_47)
FN:794,(anonymous_48)
FNF:49
FNH:19
FNDA:12,(anonymous_0)
FNDA:5,(anonymous_1)
FNDA:0,(anonymous_2)
FNDA:0,(anonymous_3)
FNDA:0,(anonymous_4)
FNDA:0,(anonymous_5)
FNDA:0,(anonymous_6)
FNDA:0,(anonymous_7)
FNDA:0,(anonymous_8)
FNDA:0,(anonymous_9)
FNDA:0,(anonymous_10)
FNDA:0,(anonymous_11)
FNDA:3,(anonymous_12)
FNDA:0,(anonymous_13)
FNDA:0,(anonymous_14)
FNDA:0,(anonymous_15)
FNDA:0,(anonymous_16)
FNDA:0,(anonymous_17)
FNDA:0,(anonymous_18)
FNDA:0,(anonymous_19)
FNDA:0,(anonymous_20)
FNDA:0,(anonymous_21)
FNDA:0,(anonymous_22)
FNDA:0,(anonymous_23)
FNDA:0,(anonymous_24)
FNDA:0,(anonymous_25)
FNDA:0,(anonymous_26)
FNDA:0,(anonymous_27)
FNDA:0,(anonymous_28)
FNDA:0,(anonymous_29)
FNDA:0,(anonymous_30)
FNDA:1,(anonymous_31)
FNDA:2,(anonymous_32)
FNDA:1,(anonymous_33)
FNDA:2,(anonymous_34)
FNDA:2,(anonymous_35)
FNDA:7,(anonymous_36)
FNDA:3,(anonymous_37)
FNDA:0,(anonymous_38)
FNDA:1,(anonymous_39)
FNDA:35,(anonymous_40)
FNDA:21,(anonymous_41)
FNDA:2,(anonymous_42)
FNDA:70,(anonymous_43)
FNDA:42,(anonymous_44)
FNDA:2,(anonymous_45)
FNDA:3,(anonymous_46)
FNDA:3,(anonymous_47)
FNDA:0,(anonymous_48)
DA:1,12
DA:2,12
DA:3,12
DA:7,12
DA:40,12
DA:50,12
DA:62,5
DA:64,5
DA:66,5
DA:67,0
DA:68,0
DA:72,5
DA:73,0
DA:74,0
DA:78,5
DA:79,0
DA:80,0
DA:84,5
DA:85,0
DA:86,0
DA:90,5
DA:91,0
DA:92,0
DA:95,5
DA:96,5
DA:99,0
DA:100,0
DA:108,0
DA:109,0
DA:119,0
DA:134,0
DA:135,0
DA:143,0
DA:144,0
DA:154,0
DA:169,0
DA:170,0
DA:178,0
DA:179,0
DA:189,0
DA:190,0
DA:205,0
DA:208,0
DA:209,0
DA:217,0
DA:218,0
DA:229,0
DA:230,0
DA:249,0
DA:252,0
DA:253,0
DA:261,0
DA:262,0
DA:275,0
DA:276,0
DA:294,0
DA:297,0
DA:298,0
DA:306,3
DA:308,3
DA:309,0
DA:310,0
DA:311,0
DA:312,0
DA:315,0
DA:319,3
DA:327,0
DA:329,0
DA:330,0
DA:334,0
DA:336,0
DA:365,0
DA:372,0
DA:373,0
DA:376,0
DA:377,0
DA:378,0
DA:382,0
DA:385,0
DA:388,0
DA:391,0
DA:394,0
DA:396,0
DA:414,0
DA:417,0
DA:418,0
DA:420,0
DA:421,0
DA:423,0
DA:424,0
DA:428,0
DA:429,0
DA:431,0
DA:432,0
DA:435,0
DA:442,0
DA:450,0
DA:454,0
DA:455,0
DA:456,0
DA:457,0
DA:462,0
DA:466,0
DA:467,0
DA:468,0
DA:469,0
DA:474,0
DA:475,0
DA:478,0
DA:485,0
DA:486,0
DA:487,0
DA:489,0
DA:490,0
DA:492,0
DA:493,0
DA:496,0
DA:497,0
DA:500,0
DA:501,0
DA:504,0
DA:505,0
DA:506,0
DA:513,0
DA:514,0
DA:517,0
DA:530,0
DA:531,0
DA:532,0
DA:536,0
DA:543,0
DA:544,0
DA:546,0
DA:548,0
DA:550,0
DA:551,0
DA:553,0
DA:554,0
DA:557,0
DA:564,1
DA:567,1
DA:568,2
DA:571,1
DA:572,0
DA:576,1
DA:579,1
DA:582,1
DA:585,1
DA:588,1
DA:591,1
DA:593,1
DA:608,1
DA:609,1
DA:610,1
DA:615,0
DA:622,0
DA:623,0
DA:624,0
DA:625,0
DA:629,0
DA:636,2
DA:637,2
DA:638,0
DA:639,0
DA:640,0
DA:641,0
DA:642,0
DA:643,0
DA:644,0
DA:646,0
DA:653,2
DA:654,2
DA:655,2
DA:657,7
DA:658,3
DA:659,0
DA:661,0
DA:668,1
DA:671,1
DA:672,35
DA:674,1
DA:677,1
DA:678,21
DA:680,1
DA:683,1
DA:684,1
DA:685,1
DA:687,1
DA:694,2
DA:697,2
DA:698,70
DA:699,5
DA:704,2
DA:705,42
DA:706,1
DA:710,2
DA:717,2
DA:718,2
DA:719,2
DA:721,2
DA:728,3
DA:730,3
DA:731,0
DA:733,0
DA:741,0
DA:742,0
DA:743,0
DA:744,0
DA:747,0
DA:752,3
DA:753,0
DA:754,0
DA:755,0
DA:757,0
DA:761,3
DA:768,3
DA:769,3
DA:772,3
DA:773,3
DA:776,3
DA:777,3
DA:780,3
DA:781,3
DA:783,3
DA:786,0
DA:787,0
DA:795,0
DA:796,0
DA:799,0
DA:800,0
DA:803,0
DA:804,0
DA:806,0
DA:809,0
DA:810,0
DA:815,12
LF:236
LH:76
BRDA:66,0,0,0
BRDA:66,0,1,5
BRDA:72,1,0,0
BRDA:72,1,1,5
BRDA:78,2,0,0
BRDA:78,2,1,5
BRDA:84,3,0,0
BRDA:84,3,1,5
BRDA:90,4,0,0
BRDA:90,4,1,5
BRDA:125,5,0,0
BRDA:125,5,1,0
BRDA:160,6,0,0
BRDA:160,6,1,0
BRDA:189,7,0,0
BRDA:189,7,1,0
BRDA:196,8,0,0
BRDA:196,8,1,0
BRDA:201,9,0,0
BRDA:201,9,1,0
BRDA:229,10,0,0
BRDA:229,10,1,0
BRDA:233,11,0,0
BRDA:233,11,1,0
BRDA:236,12,0,0
BRDA:236,12,1,0
BRDA:241,13,0,0
BRDA:241,13,1,0
BRDA:275,14,0,0
BRDA:275,14,1,0
BRDA:282,15,0,0
BRDA:282,15,1,0
BRDA:287,16,0,0
BRDA:287,16,1,0
BRDA:290,17,0,0
BRDA:290,17,1,0
BRDA:311,18,0,0
BRDA:311,18,1,0
BRDA:329,19,0,0
BRDA:329,19,1,0
BRDA:341,20,0,0
BRDA:341,20,1,0
BRDA:345,21,0,0
BRDA:345,21,1,0
BRDA:372,22,0,0
BRDA:372,22,1,0
BRDA:372,23,0,0
BRDA:372,23,1,0
BRDA:376,24,0,0
BRDA:376,24,1,0
BRDA:377,25,0,0
BRDA:377,25,1,0
BRDA:377,26,0,0
BRDA:377,26,1,0
BRDA:378,27,0,0
BRDA:378,27,1,0
BRDA:405,28,0,0
BRDA:405,28,1,0
BRDA:417,29,0,0
BRDA:417,29,1,0
BRDA:417,30,0,0
BRDA:417,30,1,0
BRDA:420,31,0,0
BRDA:420,31,1,0
BRDA:420,32,0,0
BRDA:420,32,1,0
BRDA:423,33,0,0
BRDA:423,33,1,0
BRDA:423,34,0,0
BRDA:423,34,1,0
BRDA:428,35,0,0
BRDA:428,35,1,0
BRDA:428,36,0,0
BRDA:428,36,1,0
BRDA:431,37,0,0
BRDA:431,37,1,0
BRDA:431,38,0,0
BRDA:431,38,1,0
BRDA:435,39,0,0
BRDA:435,39,1,0
BRDA:456,40,0,0
BRDA:456,40,1,0
BRDA:468,41,0,0
BRDA:468,41,1,0
BRDA:493,42,0,0
BRDA:493,42,1,0
BRDA:497,43,0,0
BRDA:497,43,1,0
BRDA:501,44,0,0
BRDA:501,44,1,0
BRDA:504,45,0,0
BRDA:504,45,1,0
BRDA:505,46,0,0
BRDA:505,46,1,0
BRDA:531,47,0,0
BRDA:531,47,1,0
BRDA:546,48,0,0
BRDA:546,48,1,0
BRDA:550,49,0,0
BRDA:550,49,1,0
BRDA:553,50,0,0
BRDA:553,50,1,0
BRDA:571,51,0,0
BRDA:571,51,1,1
BRDA:609,52,0,1
BRDA:609,52,1,0
BRDA:624,53,0,0
BRDA:624,53,1,0
BRDA:636,54,0,0
BRDA:636,54,1,2
BRDA:636,55,0,2
BRDA:636,55,1,2
BRDA:637,56,0,2
BRDA:637,56,1,0
BRDA:637,57,0,2
BRDA:637,57,1,1
BRDA:638,58,0,0
BRDA:638,58,1,0
BRDA:638,59,0,0
BRDA:638,59,1,0
BRDA:639,60,0,0
BRDA:639,60,1,0
BRDA:639,61,0,0
BRDA:639,61,1,0
BRDA:640,62,0,0
BRDA:640,62,1,0
BRDA:640,63,0,0
BRDA:640,63,1,0
BRDA:641,64,0,0
BRDA:641,64,1,0
BRDA:641,65,0,0
BRDA:641,65,1,0
BRDA:642,66,0,0
BRDA:642,66,1,0
BRDA:642,67,0,0
BRDA:642,67,1,0
BRDA:643,68,0,0
BRDA:643,68,1,0
BRDA:643,69,0,0
BRDA:643,69,1,0
BRDA:644,70,0,0
BRDA:644,70,1,0
BRDA:644,71,0,0
BRDA:644,71,1,0
BRDA:657,72,0,1
BRDA:657,72,1,1
BRDA:658,73,0,1
BRDA:658,73,1,0
BRDA:659,74,0,0
BRDA:659,74,1,0
BRDA:683,75,0,1
BRDA:683,75,1,0
BRDA:683,76,0,1
BRDA:683,76,1,1
BRDA:684,77,0,0
BRDA:684,77,1,1
BRDA:684,78,0,1
BRDA:684,78,1,1
BRDA:685,79,0,0
BRDA:685,79,1,1
BRDA:685,80,0,1
BRDA:685,80,1,1
BRDA:698,81,0,5
BRDA:698,81,1,65
BRDA:705,82,0,1
BRDA:705,82,1,41
BRDA:717,83,0,0
BRDA:717,83,1,2
BRDA:717,84,0,2
BRDA:717,84,1,2
BRDA:718,85,0,0
BRDA:718,85,1,2
BRDA:718,86,0,2
BRDA:718,86,1,2
BRDA:719,87,0,0
BRDA:719,87,1,2
BRDA:719,88,0,2
BRDA:719,88,1,2
BRDA:741,89,0,0
BRDA:741,89,1,0
BRDA:752,90,0,0
BRDA:752,90,1,3
BRF:182
BRH:39
end_of_record
TN:
SF:services\notificationService.js
FN:6,(anonymous_0)
FN:22,(anonymous_1)
FN:53,(anonymous_2)
FN:80,(anonymous_3)
FN:153,(anonymous_4)
FN:163,(anonymous_5)
FN:173,(anonymous_6)
FN:211,(anonymous_7)
FN:220,(anonymous_8)
FN:229,(anonymous_9)
FNF:10
FNH:6
FNDA:14,(anonymous_0)
FNDA:2,(anonymous_1)
FNDA:0,(anonymous_2)
FNDA:1,(anonymous_3)
FNDA:5,(anonymous_4)
FNDA:5,(anonymous_5)
FNDA:1,(anonymous_6)
FNDA:0,(anonymous_7)
FNDA:0,(anonymous_8)
FNDA:0,(anonymous_9)
DA:1,14
DA:2,14
DA:3,14
DA:8,14
DA:23,2
DA:26,2
DA:27,1
DA:31,1
DA:32,1
DA:34,1
DA:36,1
DA:39,0
DA:40,0
DA:43,0
DA:44,0
DA:46,0
DA:54,0
DA:55,0
DA:57,0
DA:64,0
DA:65,0
DA:68,0
DA:70,0
DA:72,0
DA:73,0
DA:81,1
DA:82,1
DA:84,1
DA:154,5
DA:155,3
DA:156,2
DA:157,1
DA:164,5
DA:165,3
DA:166,2
DA:167,1
DA:174,1
DA:176,1
DA:178,1
DA:179,1
DA:181,0
DA:182,0
DA:184,0
DA:185,0
DA:191,0
DA:192,0
DA:203,1
DA:204,1
DA:214,0
DA:223,0
DA:230,0
DA:231,0
DA:238,0
DA:239,0
DA:240,0
DA:242,0
DA:243,0
DA:248,14
LF:58
LH:29
BRDA:9,0,0,14
BRDA:9,0,1,14
BRDA:10,1,0,14
BRDA:10,1,1,14
BRDA:26,2,0,1
BRDA:26,2,1,1
BRDA:34,3,0,1
BRDA:34,3,1,0
BRDA:34,3,2,0
BRDA:34,3,3,0
BRDA:40,4,0,0
BRDA:40,4,1,0
BRDA:44,5,0,0
BRDA:44,5,1,0
BRDA:58,6,0,0
BRDA:58,6,1,0
BRDA:59,7,0,0
BRDA:59,7,1,0
BRDA:134,8,0,1
BRDA:134,8,1,1
BRDA:154,9,0,2
BRDA:154,9,1,3
BRDA:155,10,0,1
BRDA:155,10,1,2
BRDA:156,11,0,1
BRDA:156,11,1,1
BRDA:164,12,0,2
BRDA:164,12,1,3
BRDA:165,13,0,1
BRDA:165,13,1,2
BRDA:166,14,0,1
BRDA:166,14,1,1
BRDA:184,15,0,0
BRDA:184,15,1,0
BRDA:184,16,0,0
BRDA:184,16,1,0
BRDA:191,17,0,0
BRDA:191,17,1,0
BRDA:232,18,0,0
BRDA:232,18,1,0
BRF:40
BRH:21
end_of_record
TN:
SF:utils\advancedScoring.js
FN:187,(anonymous_0)
FN:196,(anonymous_1)
FN:205,(anonymous_2)
FN:214,calculateDirectMatchScore
FN:219,(anonymous_4)
FN:221,(anonymous_5)
FN:238,(anonymous_6)
FN:240,(anonymous_7)
FN:258,(anonymous_8)
FN:259,(anonymous_9)
FN:282,calculateIndustryIntelligenceScore
FN:294,(anonymous_11)
FN:310,(anonymous_12)
FN:326,(anonymous_13)
FN:348,calculateGeographicIntelligenceScore
FN:360,(anonymous_15)
FN:376,(anonymous_16)
FN:392,(anonymous_17)
FN:417,calculateBusinessUnitIntelligenceScore
FN:427,(anonymous_19)
FN:428,(anonymous_20)
FN:444,(anonymous_21)
FN:460,(anonymous_22)
FN:484,calculateRiskCorrelationScore
FN:496,(anonymous_24)
FN:497,(anonymous_25)
FN:513,(anonymous_26)
FN:536,applyBoosters
FN:558,generateRationale
FN:563,(anonymous_29)
FN:567,(anonymous_30)
FN:580,scoreEvents
FN:617,(anonymous_32)
FN:622,(anonymous_33)
FN:636,(anonymous_34)
FN:645,getScoringAnalytics
FN:649,(anonymous_36)
FN:650,(anonymous_37)
FN:651,(anonymous_38)
FN:655,(anonymous_39)
FN:656,(anonymous_40)
FN:657,(anonymous_41)
FN:663,(anonymous_42)
FN:664,(anonymous_43)
FN:679,(anonymous_44)
FN:685,(anonymous_45)
FN:691,(anonymous_46)
FNF:47
FNH:41
FNDA:28,(anonymous_0)
FNDA:158,(anonymous_1)
FNDA:26,(anonymous_2)
FNDA:26,calculateDirectMatchScore
FNDA:48,(anonymous_4)
FNDA:134,(anonymous_5)
FNDA:74,(anonymous_6)
FNDA:180,(anonymous_7)
FNDA:56,(anonymous_8)
FNDA:64,(anonymous_9)
FNDA:26,calculateIndustryIntelligenceScore
FNDA:148,(anonymous_11)
FNDA:100,(anonymous_12)
FNDA:82,(anonymous_13)
FNDA:26,calculateGeographicIntelligenceScore
FNDA:36,(anonymous_15)
FNDA:24,(anonymous_16)
FNDA:24,(anonymous_17)
FNDA:26,calculateBusinessUnitIntelligenceScore
FNDA:192,(anonymous_19)
FNDA:484,(anonymous_20)
FNDA:144,(anonymous_21)
FNDA:144,(anonymous_22)
FNDA:26,calculateRiskCorrelationScore
FNDA:0,(anonymous_24)
FNDA:0,(anonymous_25)
FNDA:0,(anonymous_26)
FNDA:26,applyBoosters
FNDA:25,generateRationale
FNDA:285,(anonymous_29)
FNDA:75,(anonymous_30)
FNDA:16,scoreEvents
FNDA:156,(anonymous_32)
FNDA:156,(anonymous_33)
FNDA:16,(anonymous_34)
FNDA:1,getScoringAnalytics
FNDA:5,(anonymous_36)
FNDA:5,(anonymous_37)
FNDA:5,(anonymous_38)
FNDA:5,(anonymous_39)
FNDA:5,(anonymous_40)
FNDA:5,(anonymous_41)
FNDA:5,(anonymous_42)
FNDA:29,(anonymous_43)
FNDA:0,(anonymous_44)
FNDA:0,(anonymous_45)
FNDA:0,(anonymous_46)
DA:6,18
DA:12,18
DA:54,18
DA:91,18
DA:122,18
DA:154,18
DA:188,28
DA:189,28
DA:190,28
DA:191,28
DA:192,28
DA:193,28
DA:197,158
DA:206,26
DA:215,26
DA:216,26
DA:219,26
DA:220,48
DA:221,48
DA:222,134
DA:223,134
DA:227,26
DA:228,26
DA:229,26
DA:230,26
DA:238,26
DA:239,74
DA:240,74
DA:241,180
DA:242,180
DA:246,26
DA:247,26
DA:248,26
DA:249,26
DA:257,26
DA:258,26
DA:259,56
DA:260,64
DA:264,26
DA:265,26
DA:266,26
DA:267,26
DA:275,26
DA:283,26
DA:284,26
DA:286,26
DA:287,26
DA:289,26
DA:290,0
DA:294,26
DA:295,148
DA:296,148
DA:299,26
DA:300,10
DA:301,10
DA:302,10
DA:310,26
DA:311,100
DA:312,100
DA:315,26
DA:316,9
DA:317,9
DA:318,9
DA:326,26
DA:327,82
DA:328,82
DA:331,26
DA:332,0
DA:333,0
DA:334,0
DA:341,26
DA:349,26
DA:350,26
DA:353,26
DA:354,26
DA:355,56
DA:356,56
DA:358,56
DA:360,8
DA:361,36
DA:362,36
DA:365,8
DA:366,2
DA:367,2
DA:368,2
DA:376,8
DA:377,24
DA:378,24
DA:381,8
DA:382,7
DA:383,7
DA:384,7
DA:392,8
DA:393,24
DA:394,24
DA:397,8
DA:398,0
DA:399,0
DA:400,0
DA:410,26
DA:418,26
DA:419,26
DA:421,26
DA:422,48
DA:423,48
DA:425,48
DA:427,48
DA:428,192
DA:429,484
DA:433,48
DA:434,42
DA:435,42
DA:436,42
DA:444,48
DA:445,144
DA:446,144
DA:449,48
DA:450,11
DA:451,11
DA:452,11
DA:460,48
DA:461,144
DA:462,144
DA:465,48
DA:466,0
DA:467,0
DA:468,0
DA:477,26
DA:485,26
DA:486,26
DA:489,26
DA:490,26
DA:491,76
DA:492,76
DA:494,76
DA:496,0
DA:497,0
DA:498,0
DA:502,0
DA:503,0
DA:504,0
DA:505,0
DA:513,0
DA:514,0
DA:517,0
DA:518,0
DA:519,0
DA:520,0
DA:530,26
DA:537,26
DA:540,26
DA:541,26
DA:545,26
DA:546,25
DA:547,25
DA:548,25
DA:552,26
DA:559,25
DA:560,0
DA:563,285
DA:564,25
DA:566,25
DA:567,75
DA:569,25
DA:570,25
DA:573,25
DA:581,16
DA:583,16
DA:585,26
DA:586,26
DA:587,26
DA:588,26
DA:589,26
DA:593,26
DA:600,26
DA:603,26
DA:605,25
DA:614,25
DA:617,25
DA:618,156
DA:622,156
DA:623,25
DA:624,23
DA:625,2
DA:626,2
DA:628,0
DA:631,25
DA:636,16
DA:638,16
DA:646,1
DA:649,5
DA:650,5
DA:651,5
DA:655,5
DA:656,5
DA:657,5
DA:662,1
DA:663,1
DA:664,5
DA:665,29
DA:669,1
DA:671,1
DA:677,18
DA:681,0
DA:687,0
DA:693,0
DA:697,18
LF:207
LH:179
BRDA:221,0,0,48
BRDA:221,0,1,48
BRDA:223,1,0,134
BRDA:223,1,1,131
BRDA:227,2,0,26
BRDA:227,2,1,0
BRDA:240,3,0,74
BRDA:240,3,1,74
BRDA:242,4,0,180
BRDA:242,4,1,180
BRDA:246,5,0,26
BRDA:246,5,1,0
BRDA:257,6,0,26
BRDA:257,6,1,0
BRDA:257,7,0,26
BRDA:257,7,1,26
BRDA:264,8,0,26
BRDA:264,8,1,0
BRDA:289,9,0,0
BRDA:289,9,1,26
BRDA:299,10,0,10
BRDA:299,10,1,16
BRDA:315,11,0,9
BRDA:315,11,1,17
BRDA:331,12,0,0
BRDA:331,12,1,26
BRDA:353,13,0,26
BRDA:353,13,1,0
BRDA:358,14,0,8
BRDA:358,14,1,48
BRDA:365,15,0,2
BRDA:365,15,1,6
BRDA:381,16,0,7
BRDA:381,16,1,1
BRDA:397,17,0,0
BRDA:397,17,1,8
BRDA:425,18,0,48
BRDA:425,18,1,0
BRDA:428,19,0,192
BRDA:428,19,1,192
BRDA:433,20,0,42
BRDA:433,20,1,6
BRDA:449,21,0,11
BRDA:449,21,1,37
BRDA:465,22,0,0
BRDA:465,22,1,48
BRDA:489,23,0,26
BRDA:489,23,1,0
BRDA:494,24,0,0
BRDA:494,24,1,76
BRDA:502,25,0,0
BRDA:502,25,1,0
BRDA:517,26,0,0
BRDA:517,26,1,0
BRDA:540,27,0,26
BRDA:540,27,1,0
BRDA:540,28,0,26
BRDA:540,28,1,26
BRDA:545,29,0,25
BRDA:545,29,1,1
BRDA:545,30,0,26
BRDA:545,30,1,25
BRDA:547,31,0,25
BRDA:547,31,1,0
BRDA:559,32,0,0
BRDA:559,32,1,25
BRDA:569,33,0,25
BRDA:569,33,1,0
BRDA:603,34,0,25
BRDA:603,34,1,1
BRDA:623,35,0,23
BRDA:623,35,1,2
BRDA:625,36,0,2
BRDA:625,36,1,0
BRDA:650,37,0,5
BRDA:650,37,1,0
BRDA:665,38,0,29
BRDA:665,38,1,7
BRF:78
BRH:56
end_of_record
TN:
SF:utils\llmScoring.js
FN:9,(anonymous_0)
FN:17,(anonymous_1)
FN:61,(anonymous_2)
FN:69,(anonymous_3)
FN:70,(anonymous_4)
FN:151,(anonymous_5)
FN:182,(anonymous_6)
FN:188,(anonymous_7)
FN:214,(anonymous_8)
FN:224,(anonymous_9)
FN:228,(anonymous_10)
FN:302,(anonymous_11)
FN:356,(anonymous_12)
FN:394,(anonymous_13)
FN:434,(anonymous_14)
FN:450,(anonymous_15)
FN:455,(anonymous_16)
FN:457,(anonymous_17)
FN:458,(anonymous_18)
FN:474,(anonymous_19)
FNF:20
FNH:15
FNDA:7,(anonymous_0)
FNDA:6,(anonymous_1)
FNDA:1,(anonymous_2)
FNDA:1,(anonymous_3)
FNDA:1,(anonymous_4)
FNDA:1,(anonymous_5)
FNDA:5,(anonymous_6)
FNDA:65,(anonymous_7)
FNDA:300,(anonymous_8)
FNDA:140,(anonymous_9)
FNDA:43,(anonymous_10)
FNDA:0,(anonymous_11)
FNDA:0,(anonymous_12)
FNDA:0,(anonymous_13)
FNDA:0,(anonymous_14)
FNDA:2,(anonymous_15)
FNDA:2,(anonymous_16)
FNDA:2,(anonymous_17)
FNDA:0,(anonymous_18)
FNDA:2,(anonymous_19)
DA:6,13
DA:10,7
DA:11,7
DA:18,6
DA:19,6
DA:20,5
DA:21,5
DA:24,1
DA:26,1
DA:48,1
DA:49,1
DA:52,0
DA:53,0
DA:54,0
DA:62,1
DA:69,1
DA:70,1
DA:152,1
DA:154,1
DA:155,1
DA:156,0
DA:159,1
DA:162,1
DA:173,0
DA:174,0
DA:175,0
DA:184,5
DA:187,5
DA:188,65
DA:190,5
DA:191,0
DA:203,5
DA:214,300
DA:217,5
DA:224,140
DA:227,5
DA:228,43
DA:231,5
DA:232,5
DA:235,5
DA:236,1
DA:237,4
DA:238,0
DA:239,4
DA:240,0
DA:244,5
DA:246,0
DA:247,0
DA:248,0
DA:249,0
DA:250,5
DA:252,0
DA:253,0
DA:254,0
DA:255,0
DA:256,5
DA:258,1
DA:259,0
DA:260,0
DA:261,0
DA:264,4
DA:265,4
DA:266,4
DA:267,4
DA:271,5
DA:272,5
DA:274,5
DA:275,0
DA:276,0
DA:277,5
DA:278,0
DA:279,0
DA:280,5
DA:281,1
DA:282,1
DA:283,4
DA:284,0
DA:285,0
DA:288,5
DA:303,0
DA:304,0
DA:305,0
DA:306,0
DA:307,0
DA:309,0
DA:310,0
DA:311,0
DA:314,0
DA:315,0
DA:317,0
DA:339,0
DA:340,0
DA:342,0
DA:343,0
DA:344,0
DA:347,0
DA:348,0
DA:349,0
DA:357,0
DA:395,0
DA:397,0
DA:398,0
DA:399,0
DA:403,0
DA:415,0
DA:416,0
DA:419,0
DA:420,0
DA:421,0
DA:423,0
DA:426,0
DA:427,0
DA:435,0
DA:451,2
DA:452,2
DA:454,2
DA:455,1
DA:456,2
DA:457,2
DA:459,0
DA:460,0
DA:464,1
DA:465,1
DA:468,2
DA:475,2
DA:476,2
DA:477,1
DA:479,2
DA:483,13
LF:129
LH:66
BRDA:9,0,0,6
BRDA:10,1,0,7
BRDA:10,1,1,6
BRDA:19,2,0,5
BRDA:19,2,1,1
BRDA:155,3,0,0
BRDA:155,3,1,1
BRDA:163,4,0,1
BRDA:163,4,1,0
BRDA:164,5,0,1
BRDA:164,5,1,1
BRDA:165,6,0,1
BRDA:165,6,1,1
BRDA:166,7,0,1
BRDA:166,7,1,1
BRDA:167,8,0,1
BRDA:167,8,1,0
BRDA:168,9,0,0
BRDA:168,9,1,1
BRDA:169,10,0,1
BRDA:169,10,1,1
BRDA:184,11,0,5
BRDA:184,11,1,0
BRDA:184,12,0,5
BRDA:184,12,1,0
BRDA:190,13,0,0
BRDA:190,13,1,5
BRDA:235,14,0,1
BRDA:235,14,1,4
BRDA:235,15,0,5
BRDA:235,15,1,5
BRDA:235,15,2,5
BRDA:235,15,3,5
BRDA:235,15,4,4
BRDA:237,16,0,0
BRDA:237,16,1,4
BRDA:237,17,0,4
BRDA:237,17,1,4
BRDA:237,17,2,4
BRDA:237,17,3,4
BRDA:237,17,4,4
BRDA:239,18,0,0
BRDA:239,18,1,4
BRDA:239,19,0,4
BRDA:239,19,1,4
BRDA:239,19,2,4
BRDA:239,19,3,4
BRDA:244,20,0,0
BRDA:244,20,1,5
BRDA:244,21,0,5
BRDA:244,21,1,1
BRDA:244,21,2,0
BRDA:246,22,0,0
BRDA:246,22,1,0
BRDA:247,23,0,0
BRDA:247,23,1,0
BRDA:248,24,0,0
BRDA:248,24,1,0
BRDA:250,25,0,0
BRDA:250,25,1,5
BRDA:250,26,0,5
BRDA:250,26,1,1
BRDA:252,27,0,0
BRDA:252,27,1,0
BRDA:253,28,0,0
BRDA:253,28,1,0
BRDA:254,29,0,0
BRDA:254,29,1,0
BRDA:256,30,0,1
BRDA:256,30,1,4
BRDA:256,31,0,5
BRDA:256,31,1,1
BRDA:258,32,0,1
BRDA:258,32,1,0
BRDA:259,33,0,0
BRDA:259,33,1,0
BRDA:260,34,0,0
BRDA:260,34,1,0
BRDA:264,35,0,0
BRDA:264,35,1,4
BRDA:265,36,0,0
BRDA:265,36,1,4
BRDA:266,37,0,0
BRDA:266,37,1,4
BRDA:274,38,0,0
BRDA:274,38,1,5
BRDA:274,39,0,5
BRDA:274,39,1,1
BRDA:274,39,2,0
BRDA:277,40,0,0
BRDA:277,40,1,5
BRDA:277,41,0,5
BRDA:277,41,1,1
BRDA:280,42,0,1
BRDA:280,42,1,4
BRDA:280,43,0,5
BRDA:280,43,1,1
BRDA:283,44,0,0
BRDA:283,44,1,4
BRDA:292,45,0,5
BRDA:292,45,1,0
BRDA:294,46,0,1
BRDA:294,46,1,4
BRDA:306,47,0,0
BRDA:306,47,1,0
BRDA:307,48,0,0
BRDA:307,48,1,0
BRDA:309,49,0,0
BRDA:309,49,1,0
BRDA:348,50,0,0
BRDA:348,50,1,0
BRDA:348,50,2,0
BRDA:366,51,0,0
BRDA:366,51,1,0
BRDA:398,52,0,0
BRDA:398,52,1,0
BRDA:415,53,0,0
BRDA:415,53,1,0
BRDA:416,54,0,0
BRDA:416,54,1,0
BRDA:419,55,0,0
BRDA:419,55,1,0
BRDA:420,56,0,0
BRDA:420,56,1,0
BRDA:421,57,0,0
BRDA:421,57,1,0
BRDA:439,58,0,0
BRDA:439,58,1,0
BRDA:441,59,0,0
BRDA:441,59,1,0
BRDA:450,60,0,2
BRF:131
BRH:67
end_of_record
TN:
SF:utils\titleEnhancement.js
FN:9,(anonymous_0)
FN:18,(anonymous_1)
FN:72,(anonymous_2)
FN:105,(anonymous_3)
FN:132,(anonymous_4)
FN:173,(anonymous_5)
FN:181,(anonymous_6)
FN:188,(anonymous_7)
FN:202,(anonymous_8)
FN:212,(anonymous_9)
FN:219,(anonymous_10)
FNF:11
FNH:0
FNDA:0,(anonymous_0)
FNDA:0,(anonymous_1)
FNDA:0,(anonymous_2)
FNDA:0,(anonymous_3)
FNDA:0,(anonymous_4)
FNDA:0,(anonymous_5)
FNDA:0,(anonymous_6)
FNDA:0,(anonymous_7)
FNDA:0,(anonymous_8)
FNDA:0,(anonymous_9)
FNDA:0,(anonymous_10)
DA:6,12
DA:10,0
DA:11,0
DA:12,0
DA:19,0
DA:21,0
DA:22,0
DA:23,0
DA:26,0
DA:27,0
DA:28,0
DA:31,0
DA:33,0
DA:55,0
DA:58,0
DA:60,0
DA:63,0
DA:64,0
DA:65,0
DA:73,0
DA:75,0
DA:106,0
DA:108,0
DA:111,0
DA:114,0
DA:117,0
DA:118,0
DA:121,0
DA:124,0
DA:125,0
DA:134,0
DA:137,0
DA:154,0
DA:155,0
DA:156,0
DA:157,0
DA:158,0
DA:163,0
DA:164,0
DA:167,0
DA:174,0
DA:175,0
DA:182,0
DA:185,0
DA:186,0
DA:188,0
DA:189,0
DA:190,0
DA:197,0
DA:198,0
DA:201,0
DA:202,0
DA:206,0
DA:213,0
DA:220,0
DA:227,12
LF:56
LH:2
BRDA:18,0,0,0
BRDA:22,1,0,0
BRDA:22,1,1,0
BRDA:26,2,0,0
BRDA:26,2,1,0
BRDA:73,3,0,0
BRDA:73,4,0,0
BRDA:73,5,0,0
BRDA:117,6,0,0
BRDA:117,6,1,0
BRDA:121,7,0,0
BRDA:121,7,1,0
BRDA:156,8,0,0
BRDA:156,8,1,0
BRDA:163,9,0,0
BRDA:163,9,1,0
BRDA:163,10,0,0
BRDA:163,10,1,0
BRDA:163,10,2,0
BRDA:181,11,0,0
BRDA:201,12,0,0
BRDA:201,12,1,0
BRF:22
BRH:0
end_of_record
TN:
SF:utils\userProfile.js
FN:11,(anonymous_0)
FN:17,(anonymous_1)
FN:49,(anonymous_2)
FN:60,(anonymous_3)
FN:63,(anonymous_4)
FN:83,(anonymous_5)
FN:86,(anonymous_6)
FN:107,(anonymous_7)
FN:108,(anonymous_8)
FN:123,(anonymous_9)
FN:126,(anonymous_10)
FN:130,(anonymous_11)
FN:131,(anonymous_12)
FNF:13
FNH:13
FNDA:74,(anonymous_0)
FNDA:444,(anonymous_1)
FNDA:35,(anonymous_2)
FNDA:45,(anonymous_3)
FNDA:50,(anonymous_4)
FNDA:61,(anonymous_5)
FNDA:69,(anonymous_6)
FNDA:58,(anonymous_7)
FNDA:60,(anonymous_8)
FNDA:45,(anonymous_9)
FNDA:61,(anonymous_10)
FNDA:200,(anonymous_11)
FNDA:194,(anonymous_12)
DA:11,20
DA:12,74
DA:15,74
DA:17,74
DA:18,444
DA:19,41
DA:24,74
DA:25,8
DA:28,74
DA:29,7
DA:33,74
DA:34,7
DA:37,74
DA:49,20
DA:51,35
DA:52,3
DA:55,32
DA:56,32
DA:59,32
DA:60,31
DA:61,45
DA:62,44
DA:63,44
DA:64,50
DA:66,50
DA:75,31
DA:76,30
DA:77,30
DA:82,32
DA:83,31
DA:84,61
DA:85,60
DA:86,60
DA:87,69
DA:89,69
DA:99,31
DA:100,30
DA:101,30
DA:106,32
DA:107,29
DA:108,58
DA:109,60
DA:113,29
DA:114,28
DA:115,28
DA:120,32
DA:121,32
DA:122,32
DA:123,45
DA:125,32
DA:126,61
DA:128,32
DA:130,200
DA:131,32
DA:132,194
DA:135,32
DA:136,29
DA:137,29
DA:142,32
DA:145,20
LF:60
LH:60
BRDA:18,0,0,41
BRDA:18,0,1,403
BRDA:24,1,0,8
BRDA:24,1,1,66
BRDA:24,2,0,74
BRDA:24,2,1,67
BRDA:28,3,0,7
BRDA:28,3,1,67
BRDA:28,4,0,74
BRDA:28,4,1,67
BRDA:33,5,0,7
BRDA:33,5,1,67
BRDA:33,6,0,74
BRDA:33,6,1,66
BRDA:51,7,0,3
BRDA:51,7,1,32
BRDA:51,8,0,35
BRDA:51,8,1,33
BRDA:59,9,0,31
BRDA:59,9,1,1
BRDA:59,10,0,32
BRDA:59,10,1,31
BRDA:61,11,0,1
BRDA:61,11,1,44
BRDA:61,12,0,45
BRDA:61,12,1,45
BRDA:63,13,0,44
BRDA:63,13,1,42
BRDA:66,14,0,50
BRDA:66,14,1,47
BRDA:66,14,2,38
BRDA:66,14,3,0
BRDA:66,14,4,38
BRDA:66,14,5,0
BRDA:66,14,6,38
BRDA:66,14,7,0
BRDA:66,14,8,38
BRDA:66,14,9,0
BRDA:75,15,0,30
BRDA:75,15,1,1
BRDA:82,16,0,31
BRDA:82,16,1,1
BRDA:82,17,0,32
BRDA:82,17,1,31
BRDA:84,18,0,1
BRDA:84,18,1,60
BRDA:84,19,0,61
BRDA:84,19,1,61
BRDA:86,20,0,60
BRDA:86,20,1,57
BRDA:89,21,0,69
BRDA:89,21,1,57
BRDA:89,21,2,54
BRDA:89,21,3,0
BRDA:89,21,4,54
BRDA:89,21,5,0
BRDA:89,21,6,54
BRDA:89,21,7,0
BRDA:89,21,8,54
BRDA:89,21,9,16
BRDA:89,21,10,53
BRDA:89,21,11,14
BRDA:99,22,0,30
BRDA:99,22,1,1
BRDA:106,23,0,29
BRDA:106,23,1,3
BRDA:106,24,0,32
BRDA:106,24,1,31
BRDA:106,24,2,31
BRDA:106,24,3,29
BRDA:113,25,0,28
BRDA:113,25,1,1
BRDA:120,26,0,32
BRDA:120,26,1,0
BRDA:120,27,0,32
BRDA:120,27,1,32
BRDA:122,28,0,31
BRDA:122,28,1,1
BRDA:122,29,0,32
BRDA:122,29,1,31
BRDA:125,30,0,31
BRDA:125,30,1,1
BRDA:125,31,0,32
BRDA:125,31,1,31
BRDA:132,32,0,194
BRDA:132,32,1,194
BRDA:135,33,0,29
BRDA:135,33,1,3
BRDA:142,34,0,30
BRDA:142,34,1,2
BRF:90
BRH:82
end_of_record
